E:\EXTEAM\SEASON6EPISODE3\SOURCE\DS\SOURCE_DB\RELEASE\DATASERVER.BSC
E:\EXTEAM\SEASON6EPISODE3\SOURCE\DS\SOURCE_DB\RELEASE\DATASERVER.PCH
E:\EXTEAM\SEASON6EPISODE3\SOURCE\DS\SOURCE_DB\RELEASE\STDAFX.SBR
E:\EXTEAM\SEASON6EPISODE3\SOURCE\DS\SOURCE_DB\RELEASE\STDAFX.OBJ
E:\EXTEAM\SEASON6EPISODE3\SOURCE\DS\SOURCE_DB\RELEASE\VC100.PDB
E:\EXTEAM\SEASON6EPISODE3\SOURCE\DS\SOURCE_DB\RELEASE\ACCOUNTSECURITY.SBR
E:\EXTEAM\SEASON6EPISODE3\SOURCE\DS\SOURCE_DB\RELEASE\ACTIVEMNG.SBR
E:\EXTEAM\SEASON6EPISODE3\SOURCE\DS\SOURCE_DB\RELEASE\BADSYNTAXCHK.SBR
E:\EXTEAM\SEASON6EPISODE3\SOURCE\DS\SOURCE_DB\RELEASE\BANSYSTEM.SBR
E:\EXTEAM\SEASON6EPISODE3\SOURCE\DS\SOURCE_DB\RELEASE\BASEDAO.SBR
E:\EXTEAM\SEASON6EPISODE3\SOURCE\DS\SOURCE_DB\RELEASE\CHILDVIEW.SBR
E:\EXTEAM\SEASON6EPISODE3\SOURCE\DS\SOURCE_DB\RELEASE\CQUERY.SBR
E:\EXTEAM\SEASON6EPISODE3\SOURCE\DS\SOURCE_DB\RELEASE\CRITICALSECTIONEX.SBR
E:\EXTEAM\SEASON6EPISODE3\SOURCE\DS\SOURCE_DB\RELEASE\DATASERVER.SBR
E:\EXTEAM\SEASON6EPISODE3\SOURCE\DS\SOURCE_DB\RELEASE\DELAYHANDLER.SBR
E:\EXTEAM\SEASON6EPISODE3\SOURCE\DS\SOURCE_DB\RELEASE\DIRPATH.SBR
E:\EXTEAM\SEASON6EPISODE3\SOURCE\DS\SOURCE_DB\RELEASE\DUNGEONSIEGE.SBR
E:\EXTEAM\SEASON6EPISODE3\SOURCE\DS\SOURCE_DB\RELEASE\EXGDMANAGER.SBR
E:\EXTEAM\SEASON6EPISODE3\SOURCE\DS\SOURCE_DB\RELEASE\EXLICENSE.SBR
E:\EXTEAM\SEASON6EPISODE3\SOURCE\DS\SOURCE_DB\RELEASE\EXWEBMANAGER.SBR
E:\EXTEAM\SEASON6EPISODE3\SOURCE\DS\SOURCE_DB\RELEASE\GAMESHOPDBSET.SBR
E:\EXTEAM\SEASON6EPISODE3\SOURCE\DS\SOURCE_DB\RELEASE\GENSDBSET.SBR
E:\EXTEAM\SEASON6EPISODE3\SOURCE\DS\SOURCE_DB\RELEASE\GIOCP.SBR
E:\EXTEAM\SEASON6EPISODE3\SOURCE\DS\SOURCE_DB\RELEASE\GUILDBANK.SBR
E:\EXTEAM\SEASON6EPISODE3\SOURCE\DS\SOURCE_DB\RELEASE\LOGTOFILE.SBR
E:\EXTEAM\SEASON6EPISODE3\SOURCE\DS\SOURCE_DB\RELEASE\LOGTOFILE.OBJ
E:\EXTEAM\SEASON6EPISODE3\SOURCE\DS\SOURCE_DB\RELEASE\GUILDBANK.OBJ
E:\EXTEAM\SEASON6EPISODE3\SOURCE\DS\SOURCE_DB\RELEASE\GIOCP.OBJ
E:\EXTEAM\SEASON6EPISODE3\SOURCE\DS\SOURCE_DB\RELEASE\GENSDBSET.OBJ
E:\EXTEAM\SEASON6EPISODE3\SOURCE\DS\SOURCE_DB\RELEASE\GAMESHOPDBSET.OBJ
E:\EXTEAM\SEASON6EPISODE3\SOURCE\DS\SOURCE_DB\RELEASE\EXWEBMANAGER.OBJ
E:\EXTEAM\SEASON6EPISODE3\SOURCE\DS\SOURCE_DB\RELEASE\EXLICENSE.OBJ
E:\EXTEAM\SEASON6EPISODE3\SOURCE\DS\SOURCE_DB\RELEASE\EXGDMANAGER.OBJ
E:\EXTEAM\SEASON6EPISODE3\SOURCE\DS\SOURCE_DB\RELEASE\DUNGEONSIEGE.OBJ
E:\EXTEAM\SEASON6EPISODE3\SOURCE\DS\SOURCE_DB\RELEASE\DIRPATH.OBJ
E:\EXTEAM\SEASON6EPISODE3\SOURCE\DS\SOURCE_DB\RELEASE\DELAYHANDLER.OBJ
E:\EXTEAM\SEASON6EPISODE3\SOURCE\DS\SOURCE_DB\RELEASE\DATASERVER.OBJ
E:\EXTEAM\SEASON6EPISODE3\SOURCE\DS\SOURCE_DB\RELEASE\CRITICALSECTIONEX.OBJ
E:\EXTEAM\SEASON6EPISODE3\SOURCE\DS\SOURCE_DB\RELEASE\CQUERY.OBJ
E:\EXTEAM\SEASON6EPISODE3\SOURCE\DS\SOURCE_DB\RELEASE\CHILDVIEW.OBJ
E:\EXTEAM\SEASON6EPISODE3\SOURCE\DS\SOURCE_DB\RELEASE\BASEDAO.OBJ
E:\EXTEAM\SEASON6EPISODE3\SOURCE\DS\SOURCE_DB\RELEASE\BANSYSTEM.OBJ
E:\EXTEAM\SEASON6EPISODE3\SOURCE\DS\SOURCE_DB\RELEASE\BADSYNTAXCHK.OBJ
E:\EXTEAM\SEASON6EPISODE3\SOURCE\DS\SOURCE_DB\RELEASE\ACTIVEMNG.OBJ
E:\EXTEAM\SEASON6EPISODE3\SOURCE\DS\SOURCE_DB\RELEASE\ACCOUNTSECURITY.OBJ
E:\EXTEAM\SEASON6EPISODE3\SOURCE\DS\SOURCE_DB\RELEASE\MAINFRM.SBR
E:\EXTEAM\SEASON6EPISODE3\SOURCE\DS\SOURCE_DB\RELEASE\MARRIAGE.SBR
E:\EXTEAM\SEASON6EPISODE3\SOURCE\DS\SOURCE_DB\RELEASE\MINIDUMP.SBR
E:\EXTEAM\SEASON6EPISODE3\SOURCE\DS\SOURCE_DB\RELEASE\MULTICHAR.SBR
E:\EXTEAM\SEASON6EPISODE3\SOURCE\DS\SOURCE_DB\RELEASE\MUNAMECHECK.SBR
E:\EXTEAM\SEASON6EPISODE3\SOURCE\DS\SOURCE_DB\RELEASE\OFFLINEMODE.SBR
E:\EXTEAM\SEASON6EPISODE3\SOURCE\DS\SOURCE_DB\RELEASE\PERIODITEMEXDBSET.SBR
E:\EXTEAM\SEASON6EPISODE3\SOURCE\DS\SOURCE_DB\RELEASE\ITEMMARKET.SBR
E:\EXTEAM\SEASON6EPISODE3\SOURCE\DS\SOURCE_DB\RELEASE\QUEUE.SBR
E:\EXTEAM\SEASON6EPISODE3\SOURCE\DS\SOURCE_DB\RELEASE\RAGEDBSET.SBR
E:\EXTEAM\SEASON6EPISODE3\SOURCE\DS\SOURCE_DB\RELEASE\RANKINGDBSET.SBR
E:\EXTEAM\SEASON6EPISODE3\SOURCE\DS\SOURCE_DB\RELEASE\REFERRALSYSTEM.SBR
E:\EXTEAM\SEASON6EPISODE3\SOURCE\DS\SOURCE_DB\RELEASE\SPOTRETURN.SBR
E:\EXTEAM\SEASON6EPISODE3\SOURCE\DS\SOURCE_DB\RELEASE\WINQUEST.SBR
E:\EXTEAM\SEASON6EPISODE3\SOURCE\DS\SOURCE_DB\RELEASE\WSJOINSERVER.SBR
E:\EXTEAM\SEASON6EPISODE3\SOURCE\DS\SOURCE_DB\RELEASE\WZIPCHECK.SBR
E:\EXTEAM\SEASON6EPISODE3\SOURCE\DS\SOURCE_DB\RELEASE\WZITEMSERIAL.SBR
E:\EXTEAM\SEASON6EPISODE3\SOURCE\DS\SOURCE_DB\RELEASE\WZQUEUE.SBR
E:\EXTEAM\SEASON6EPISODE3\SOURCE\DS\SOURCE_DB\RELEASE\WZSCRIPTENCODE.SBR
E:\EXTEAM\SEASON6EPISODE3\SOURCE\DS\SOURCE_DB\RELEASE\CLASSDEF.SBR
E:\EXTEAM\SEASON6EPISODE3\SOURCE\DS\SOURCE_DB\RELEASE\CLASSDEF.OBJ
E:\EXTEAM\SEASON6EPISODE3\SOURCE\DS\SOURCE_DB\RELEASE\WZSCRIPTENCODE.OBJ
E:\EXTEAM\SEASON6EPISODE3\SOURCE\DS\SOURCE_DB\RELEASE\WZQUEUE.OBJ
E:\EXTEAM\SEASON6EPISODE3\SOURCE\DS\SOURCE_DB\RELEASE\WZITEMSERIAL.OBJ
E:\EXTEAM\SEASON6EPISODE3\SOURCE\DS\SOURCE_DB\RELEASE\WZIPCHECK.OBJ
E:\EXTEAM\SEASON6EPISODE3\SOURCE\DS\SOURCE_DB\RELEASE\WSJOINSERVER.OBJ
E:\EXTEAM\SEASON6EPISODE3\SOURCE\DS\SOURCE_DB\RELEASE\WINQUEST.OBJ
E:\EXTEAM\SEASON6EPISODE3\SOURCE\DS\SOURCE_DB\RELEASE\SPOTRETURN.OBJ
E:\EXTEAM\SEASON6EPISODE3\SOURCE\DS\SOURCE_DB\RELEASE\REFERRALSYSTEM.OBJ
E:\EXTEAM\SEASON6EPISODE3\SOURCE\DS\SOURCE_DB\RELEASE\RANKINGDBSET.OBJ
E:\EXTEAM\SEASON6EPISODE3\SOURCE\DS\SOURCE_DB\RELEASE\RAGEDBSET.OBJ
E:\EXTEAM\SEASON6EPISODE3\SOURCE\DS\SOURCE_DB\RELEASE\QUEUE.OBJ
E:\EXTEAM\SEASON6EPISODE3\SOURCE\DS\SOURCE_DB\RELEASE\ITEMMARKET.OBJ
E:\EXTEAM\SEASON6EPISODE3\SOURCE\DS\SOURCE_DB\RELEASE\PERIODITEMEXDBSET.OBJ
E:\EXTEAM\SEASON6EPISODE3\SOURCE\DS\SOURCE_DB\RELEASE\OFFLINEMODE.OBJ
E:\EXTEAM\SEASON6EPISODE3\SOURCE\DS\SOURCE_DB\RELEASE\MUNAMECHECK.OBJ
E:\EXTEAM\SEASON6EPISODE3\SOURCE\DS\SOURCE_DB\RELEASE\MULTICHAR.OBJ
E:\EXTEAM\SEASON6EPISODE3\SOURCE\DS\SOURCE_DB\RELEASE\MINIDUMP.OBJ
E:\EXTEAM\SEASON6EPISODE3\SOURCE\DS\SOURCE_DB\RELEASE\MARRIAGE.OBJ
E:\EXTEAM\SEASON6EPISODE3\SOURCE\DS\SOURCE_DB\RELEASE\MAINFRM.OBJ
E:\EXTEAM\SEASON6EPISODE3\SOURCE\DS\SOURCE_DB\RELEASE\LOGPROC.SBR
E:\EXTEAM\SEASON6EPISODE3\SOURCE\DS\SOURCE_DB\RELEASE\MYWINSOCKBASE.SBR
E:\EXTEAM\SEASON6EPISODE3\SOURCE\DS\SOURCE_DB\RELEASE\SETITEMOPTION.SBR
E:\EXTEAM\SEASON6EPISODE3\SOURCE\DS\SOURCE_DB\RELEASE\WINUTIL.SBR
E:\EXTEAM\SEASON6EPISODE3\SOURCE\DS\SOURCE_DB\RELEASE\WZMEMSCRIPT.SBR
E:\EXTEAM\SEASON6EPISODE3\SOURCE\DS\SOURCE_DB\RELEASE\ZZZITEM.SBR
E:\EXTEAM\SEASON6EPISODE3\SOURCE\DS\SOURCE_DB\RELEASE\ACCOUNTCHARDBSET.SBR
E:\EXTEAM\SEASON6EPISODE3\SOURCE\DS\SOURCE_DB\RELEASE\CASTLEDBSET.SBR
E:\EXTEAM\SEASON6EPISODE3\SOURCE\DS\SOURCE_DB\RELEASE\CHARDBSET.SBR
E:\EXTEAM\SEASON6EPISODE3\SOURCE\DS\SOURCE_DB\RELEASE\CHARPREVIEWDBSET.SBR
E:\EXTEAM\SEASON6EPISODE3\SOURCE\DS\SOURCE_DB\RELEASE\CRYWOLFDBSET.SBR
E:\EXTEAM\SEASON6EPISODE3\SOURCE\DS\SOURCE_DB\RELEASE\DBCONBASE.SBR
E:\EXTEAM\SEASON6EPISODE3\SOURCE\DS\SOURCE_DB\RELEASE\GSDBSET.SBR
E:\EXTEAM\SEASON6EPISODE3\SOURCE\DS\SOURCE_DB\RELEASE\ITEMEXTDBSET.SBR
E:\EXTEAM\SEASON6EPISODE3\SOURCE\DS\SOURCE_DB\RELEASE\MASTERLEVELSYSTEMDBSET.SBR
E:\EXTEAM\SEASON6EPISODE3\SOURCE\DS\SOURCE_DB\RELEASE\OPTIONDBSET.SBR
E:\EXTEAM\SEASON6EPISODE3\SOURCE\DS\SOURCE_DB\RELEASE\PERIODITEMDBSET.SBR
E:\EXTEAM\SEASON6EPISODE3\SOURCE\DS\SOURCE_DB\RELEASE\PETDBSET.SBR
E:\EXTEAM\SEASON6EPISODE3\SOURCE\DS\SOURCE_DB\RELEASE\QUESTMONKILLDBSET.SBR
E:\EXTEAM\SEASON6EPISODE3\SOURCE\DS\SOURCE_DB\RELEASE\SERVERPRC.SBR
E:\EXTEAM\SEASON6EPISODE3\SOURCE\DS\SOURCE_DB\RELEASE\SERVERPRC.OBJ
E:\EXTEAM\SEASON6EPISODE3\SOURCE\DS\SOURCE_DB\RELEASE\QUESTMONKILLDBSET.OBJ
E:\EXTEAM\SEASON6EPISODE3\SOURCE\DS\SOURCE_DB\RELEASE\PETDBSET.OBJ
E:\EXTEAM\SEASON6EPISODE3\SOURCE\DS\SOURCE_DB\RELEASE\PERIODITEMDBSET.OBJ
E:\EXTEAM\SEASON6EPISODE3\SOURCE\DS\SOURCE_DB\RELEASE\OPTIONDBSET.OBJ
E:\EXTEAM\SEASON6EPISODE3\SOURCE\DS\SOURCE_DB\RELEASE\MASTERLEVELSYSTEMDBSET.OBJ
E:\EXTEAM\SEASON6EPISODE3\SOURCE\DS\SOURCE_DB\RELEASE\ITEMEXTDBSET.OBJ
E:\EXTEAM\SEASON6EPISODE3\SOURCE\DS\SOURCE_DB\RELEASE\GSDBSET.OBJ
E:\EXTEAM\SEASON6EPISODE3\SOURCE\DS\SOURCE_DB\RELEASE\DBCONBASE.OBJ
E:\EXTEAM\SEASON6EPISODE3\SOURCE\DS\SOURCE_DB\RELEASE\CRYWOLFDBSET.OBJ
E:\EXTEAM\SEASON6EPISODE3\SOURCE\DS\SOURCE_DB\RELEASE\CHARPREVIEWDBSET.OBJ
E:\EXTEAM\SEASON6EPISODE3\SOURCE\DS\SOURCE_DB\RELEASE\CHARDBSET.OBJ
E:\EXTEAM\SEASON6EPISODE3\SOURCE\DS\SOURCE_DB\RELEASE\CASTLEDBSET.OBJ
E:\EXTEAM\SEASON6EPISODE3\SOURCE\DS\SOURCE_DB\RELEASE\ACCOUNTCHARDBSET.OBJ
E:\EXTEAM\SEASON6EPISODE3\SOURCE\DS\SOURCE_DB\RELEASE\ZZZITEM.OBJ
E:\EXTEAM\SEASON6EPISODE3\SOURCE\DS\SOURCE_DB\RELEASE\WZMEMSCRIPT.OBJ
E:\EXTEAM\SEASON6EPISODE3\SOURCE\DS\SOURCE_DB\RELEASE\WINUTIL.OBJ
E:\EXTEAM\SEASON6EPISODE3\SOURCE\DS\SOURCE_DB\RELEASE\SETITEMOPTION.OBJ
E:\EXTEAM\SEASON6EPISODE3\SOURCE\DS\SOURCE_DB\RELEASE\MYWINSOCKBASE.OBJ
E:\EXTEAM\SEASON6EPISODE3\SOURCE\DS\SOURCE_DB\RELEASE\LOGPROC.OBJ
E:\EXTEAM\SEASON6EPISODE3\SOURCE\DS\SOURCE_DB\RELEASE\WAREHOUSEDBSET.SBR
E:\EXTEAM\SEASON6EPISODE3\SOURCE\DS\SOURCE_DB\RELEASE\ZENEVENDB.SBR
E:\EXTEAM\SEASON6EPISODE3\SOURCE\DS\SOURCE_DB\RELEASE\PROTOCOL.SBR
E:\EXTEAM\SEASON6EPISODE3\SOURCE\DS\SOURCE_DB\RELEASE\MAPSERVERMANAGER_DS.SBR
E:\EXTEAM\SEASON6EPISODE3\SOURCE\DS\SOURCE_DB\RELEASE\MAPSERVERMANAGER_DS.OBJ
E:\EXTEAM\SEASON6EPISODE3\SOURCE\DS\SOURCE_DB\RELEASE\PROTOCOL.OBJ
E:\EXTEAM\SEASON6EPISODE3\SOURCE\DS\SOURCE_DB\RELEASE\ZENEVENDB.OBJ
E:\EXTEAM\SEASON6EPISODE3\SOURCE\DS\SOURCE_DB\RELEASE\WAREHOUSEDBSET.OBJ
E:\EXTEAM\SEASON6EPISODE3\SERVER\DATASERVER1\DATASERVER.EXE
E:\EXTEAM\SEASON6EPISODE3\SOURCE\DS\SOURCE_DB\RELEASE\DATASERVER.EXE.INTERMEDIATE.MANIFEST
E:\EXTEAM\SEASON6EPISODE3\SOURCE\DS\SOURCE_DB\RELEASE\DATASERVER.PDB
E:\EXTEAM\SEASON6EPISODE3\SOURCE\DS\SOURCE_DB\RELEASE\DATASERVER.RES
E:\ExTeam\Season6Episode3\Source\DS\Source_DB\Release\AccountCharDBSet.obj
E:\ExTeam\Season6Episode3\Source\DS\Source_DB\Release\AccountSecurity.obj
E:\ExTeam\Season6Episode3\Source\DS\Source_DB\Release\ActiveMng.obj
E:\ExTeam\Season6Episode3\Source\DS\Source_DB\Release\BadSyntaxChk.obj
E:\ExTeam\Season6Episode3\Source\DS\Source_DB\Release\BanSystem.obj
E:\ExTeam\Season6Episode3\Source\DS\Source_DB\Release\BaseDAO.obj
E:\ExTeam\Season6Episode3\Source\DS\Source_DB\Release\CastleDBSet.obj
E:\ExTeam\Season6Episode3\Source\DS\Source_DB\Release\CharDBSet.obj
E:\ExTeam\Season6Episode3\Source\DS\Source_DB\Release\CharPreviewDBSet.obj
E:\ExTeam\Season6Episode3\Source\DS\Source_DB\Release\ChildView.obj
E:\ExTeam\Season6Episode3\Source\DS\Source_DB\Release\classdef.obj
E:\ExTeam\Season6Episode3\Source\DS\Source_DB\Release\CQuery.obj
E:\ExTeam\Season6Episode3\Source\DS\Source_DB\Release\CriticalSectionEx.obj
E:\ExTeam\Season6Episode3\Source\DS\Source_DB\Release\CrywolfDBSet.obj
E:\ExTeam\Season6Episode3\Source\DS\Source_DB\Release\Dataserver.obj
E:\ExTeam\Season6Episode3\Source\DS\Source_DB\Release\DBConBase.obj
E:\ExTeam\Season6Episode3\Source\DS\Source_DB\Release\DelayHandler.obj
E:\ExTeam\Season6Episode3\Source\DS\Source_DB\Release\DirPath.obj
E:\ExTeam\Season6Episode3\Source\DS\Source_DB\Release\DungeonSiege.obj
E:\ExTeam\Season6Episode3\Source\DS\Source_DB\Release\ExGDManager.obj
E:\ExTeam\Season6Episode3\Source\DS\Source_DB\Release\ExLicense.obj
E:\ExTeam\Season6Episode3\Source\DS\Source_DB\Release\ExWebManager.obj
E:\ExTeam\Season6Episode3\Source\DS\Source_DB\Release\GameShopDBSet.obj
E:\ExTeam\Season6Episode3\Source\DS\Source_DB\Release\GensDBSet.obj
E:\ExTeam\Season6Episode3\Source\DS\Source_DB\Release\giocp.obj
E:\ExTeam\Season6Episode3\Source\DS\Source_DB\Release\GSDBSet.obj
E:\ExTeam\Season6Episode3\Source\DS\Source_DB\Release\GuildBank.obj
E:\ExTeam\Season6Episode3\Source\DS\Source_DB\Release\ItemExtDbSet.obj
E:\ExTeam\Season6Episode3\Source\DS\Source_DB\Release\ItemMarket.obj
E:\ExTeam\Season6Episode3\Source\DS\Source_DB\Release\logproc.obj
E:\ExTeam\Season6Episode3\Source\DS\Source_DB\Release\LogToFile.obj
E:\ExTeam\Season6Episode3\Source\DS\Source_DB\Release\MainFrm.obj
E:\ExTeam\Season6Episode3\Source\DS\Source_DB\Release\MapServerManager_DS.obj
E:\ExTeam\Season6Episode3\Source\DS\Source_DB\Release\Marriage.obj
E:\ExTeam\Season6Episode3\Source\DS\Source_DB\Release\MasterLevelSystemDBSet.obj
E:\ExTeam\Season6Episode3\Source\DS\Source_DB\Release\MiniDump.obj
E:\ExTeam\Season6Episode3\Source\DS\Source_DB\Release\MultiChar.obj
E:\ExTeam\Season6Episode3\Source\DS\Source_DB\Release\MuNameCheck.obj
E:\ExTeam\Season6Episode3\Source\DS\Source_DB\Release\MyWinsockBase.obj
E:\ExTeam\Season6Episode3\Source\DS\Source_DB\Release\OfflineMode.obj
E:\ExTeam\Season6Episode3\Source\DS\Source_DB\Release\OptionDbSet.obj
E:\ExTeam\Season6Episode3\Source\DS\Source_DB\Release\PeriodItemDBSet.obj
E:\ExTeam\Season6Episode3\Source\DS\Source_DB\Release\PeriodItemExDBSet.obj
E:\ExTeam\Season6Episode3\Source\DS\Source_DB\Release\PetDBSet.obj
E:\ExTeam\Season6Episode3\Source\DS\Source_DB\Release\protocol.obj
E:\ExTeam\Season6Episode3\Source\DS\Source_DB\Release\QuestMonKillDBSet.obj
E:\ExTeam\Season6Episode3\Source\DS\Source_DB\Release\Queue.obj
E:\ExTeam\Season6Episode3\Source\DS\Source_DB\Release\RageDBSet.obj
E:\ExTeam\Season6Episode3\Source\DS\Source_DB\Release\RankingDBSet.obj
E:\ExTeam\Season6Episode3\Source\DS\Source_DB\Release\ReferralSystem.obj
E:\ExTeam\Season6Episode3\Source\DS\Source_DB\Release\ServerPrc.obj
E:\ExTeam\Season6Episode3\Source\DS\Source_DB\Release\SetItemOption.obj
E:\ExTeam\Season6Episode3\Source\DS\Source_DB\Release\SpotReturn.obj
E:\ExTeam\Season6Episode3\Source\DS\Source_DB\Release\StdAfx.obj
E:\ExTeam\Season6Episode3\Source\DS\Source_DB\Release\WarehouseDBSet.obj
E:\ExTeam\Season6Episode3\Source\DS\Source_DB\Release\WinQuest.obj
E:\ExTeam\Season6Episode3\Source\DS\Source_DB\Release\winutil.obj
E:\ExTeam\Season6Episode3\Source\DS\Source_DB\Release\wsJoinServer.obj
E:\ExTeam\Season6Episode3\Source\DS\Source_DB\Release\WZIPCheck.obj
E:\ExTeam\Season6Episode3\Source\DS\Source_DB\Release\WzItemSerial.obj
E:\ExTeam\Season6Episode3\Source\DS\Source_DB\Release\WzMemScript.obj
E:\ExTeam\Season6Episode3\Source\DS\Source_DB\Release\WZQueue.obj
E:\ExTeam\Season6Episode3\Source\DS\Source_DB\Release\WZScriptEncode.obj
E:\ExTeam\Season6Episode3\Source\DS\Source_DB\Release\ZenEvenDb.obj
E:\ExTeam\Season6Episode3\Source\DS\Source_DB\Release\zzzitem.obj
E:\ExTeam\Season6Episode3\Source\DS\Source_DB\Release\BscMake.command.1.tlog
E:\ExTeam\Season6Episode3\Source\DS\Source_DB\Release\bscmake.read.1.tlog
E:\ExTeam\Season6Episode3\Source\DS\Source_DB\Release\bscmake.write.1.tlog
E:\ExTeam\Season6Episode3\Source\DS\Source_DB\Release\cl.command.1.tlog
E:\ExTeam\Season6Episode3\Source\DS\Source_DB\Release\CL.read.1.tlog
E:\ExTeam\Season6Episode3\Source\DS\Source_DB\Release\CL.write.1.tlog
E:\ExTeam\Season6Episode3\Source\DS\Source_DB\Release\link-cvtres.read.1.tlog
E:\ExTeam\Season6Episode3\Source\DS\Source_DB\Release\link-cvtres.write.1.tlog
E:\ExTeam\Season6Episode3\Source\DS\Source_DB\Release\link.command.1.tlog
E:\ExTeam\Season6Episode3\Source\DS\Source_DB\Release\link.read.1.tlog
E:\ExTeam\Season6Episode3\Source\DS\Source_DB\Release\link.write.1.tlog
E:\ExTeam\Season6Episode3\Source\DS\Source_DB\Release\mt.command.1.tlog
E:\ExTeam\Season6Episode3\Source\DS\Source_DB\Release\mt.read.1.tlog
E:\ExTeam\Season6Episode3\Source\DS\Source_DB\Release\mt.write.1.tlog
E:\ExTeam\Season6Episode3\Source\DS\Source_DB\Release\rc.command.1.tlog
E:\ExTeam\Season6Episode3\Source\DS\Source_DB\Release\rc.read.1.tlog
E:\ExTeam\Season6Episode3\Source\DS\Source_DB\Release\rc.write.1.tlog
E:\ExTeam\Season6Episode3\Source\DS\Source_DB\Release\Dataserver.exe.intermediate.manifest
E:\ExTeam\Season6Episode3\Source\DS\Source_DB\Release\Dataserver.res
E:\ExTeam\Season6Episode3\Source\DS\Source_DB\Release\Dataserver.pch
E:\ExTeam\Season6Episode3\Source\DS\Source_DB\Release\vc100.idb
E:\ExTeam\Season6Episode3\Source\DS\Source_DB\Release\Dataserver.pdb
E:\ExTeam\Season6Episode3\Source\DS\Source_DB\Release\vc100.pdb
E:\ExTeam\Season6Episode3\Source\DS\Source_DB\Release\Dataserver.bsc
E:\ExTeam\Season6Episode3\Source\DS\Source_DB\Release\AccountCharDBSet.sbr
E:\ExTeam\Season6Episode3\Source\DS\Source_DB\Release\AccountSecurity.sbr
E:\ExTeam\Season6Episode3\Source\DS\Source_DB\Release\ActiveMng.sbr
E:\ExTeam\Season6Episode3\Source\DS\Source_DB\Release\BadSyntaxChk.sbr
E:\ExTeam\Season6Episode3\Source\DS\Source_DB\Release\BanSystem.sbr
E:\ExTeam\Season6Episode3\Source\DS\Source_DB\Release\BaseDAO.sbr
E:\ExTeam\Season6Episode3\Source\DS\Source_DB\Release\CastleDBSet.sbr
E:\ExTeam\Season6Episode3\Source\DS\Source_DB\Release\CharDBSet.sbr
E:\ExTeam\Season6Episode3\Source\DS\Source_DB\Release\CharPreviewDBSet.sbr
E:\ExTeam\Season6Episode3\Source\DS\Source_DB\Release\ChildView.sbr
E:\ExTeam\Season6Episode3\Source\DS\Source_DB\Release\classdef.sbr
E:\ExTeam\Season6Episode3\Source\DS\Source_DB\Release\CQuery.sbr
E:\ExTeam\Season6Episode3\Source\DS\Source_DB\Release\CriticalSectionEx.sbr
E:\ExTeam\Season6Episode3\Source\DS\Source_DB\Release\CrywolfDBSet.sbr
E:\ExTeam\Season6Episode3\Source\DS\Source_DB\Release\Dataserver.sbr
E:\ExTeam\Season6Episode3\Source\DS\Source_DB\Release\DBConBase.sbr
E:\ExTeam\Season6Episode3\Source\DS\Source_DB\Release\DelayHandler.sbr
E:\ExTeam\Season6Episode3\Source\DS\Source_DB\Release\DirPath.sbr
E:\ExTeam\Season6Episode3\Source\DS\Source_DB\Release\DungeonSiege.sbr
E:\ExTeam\Season6Episode3\Source\DS\Source_DB\Release\ExGDManager.sbr
E:\ExTeam\Season6Episode3\Source\DS\Source_DB\Release\ExLicense.sbr
E:\ExTeam\Season6Episode3\Source\DS\Source_DB\Release\ExWebManager.sbr
E:\ExTeam\Season6Episode3\Source\DS\Source_DB\Release\GameShopDBSet.sbr
E:\ExTeam\Season6Episode3\Source\DS\Source_DB\Release\GensDBSet.sbr
E:\ExTeam\Season6Episode3\Source\DS\Source_DB\Release\giocp.sbr
E:\ExTeam\Season6Episode3\Source\DS\Source_DB\Release\GSDBSet.sbr
E:\ExTeam\Season6Episode3\Source\DS\Source_DB\Release\GuildBank.sbr
E:\ExTeam\Season6Episode3\Source\DS\Source_DB\Release\ItemExtDbSet.sbr
E:\ExTeam\Season6Episode3\Source\DS\Source_DB\Release\ItemMarket.sbr
E:\ExTeam\Season6Episode3\Source\DS\Source_DB\Release\logproc.sbr
E:\ExTeam\Season6Episode3\Source\DS\Source_DB\Release\LogToFile.sbr
E:\ExTeam\Season6Episode3\Source\DS\Source_DB\Release\MainFrm.sbr
E:\ExTeam\Season6Episode3\Source\DS\Source_DB\Release\MapServerManager_DS.sbr
E:\ExTeam\Season6Episode3\Source\DS\Source_DB\Release\Marriage.sbr
E:\ExTeam\Season6Episode3\Source\DS\Source_DB\Release\MasterLevelSystemDBSet.sbr
E:\ExTeam\Season6Episode3\Source\DS\Source_DB\Release\MiniDump.sbr
E:\ExTeam\Season6Episode3\Source\DS\Source_DB\Release\MultiChar.sbr
E:\ExTeam\Season6Episode3\Source\DS\Source_DB\Release\MuNameCheck.sbr
E:\ExTeam\Season6Episode3\Source\DS\Source_DB\Release\MyWinsockBase.sbr
E:\ExTeam\Season6Episode3\Source\DS\Source_DB\Release\OfflineMode.sbr
E:\ExTeam\Season6Episode3\Source\DS\Source_DB\Release\OptionDbSet.sbr
E:\ExTeam\Season6Episode3\Source\DS\Source_DB\Release\PeriodItemDBSet.sbr
E:\ExTeam\Season6Episode3\Source\DS\Source_DB\Release\PeriodItemExDBSet.sbr
E:\ExTeam\Season6Episode3\Source\DS\Source_DB\Release\PetDBSet.sbr
E:\ExTeam\Season6Episode3\Source\DS\Source_DB\Release\protocol.sbr
E:\ExTeam\Season6Episode3\Source\DS\Source_DB\Release\QuestMonKillDBSet.sbr
E:\ExTeam\Season6Episode3\Source\DS\Source_DB\Release\Queue.sbr
E:\ExTeam\Season6Episode3\Source\DS\Source_DB\Release\RageDBSet.sbr
E:\ExTeam\Season6Episode3\Source\DS\Source_DB\Release\RankingDBSet.sbr
E:\ExTeam\Season6Episode3\Source\DS\Source_DB\Release\ReferralSystem.sbr
E:\ExTeam\Season6Episode3\Source\DS\Source_DB\Release\ServerPrc.sbr
E:\ExTeam\Season6Episode3\Source\DS\Source_DB\Release\SetItemOption.sbr
E:\ExTeam\Season6Episode3\Source\DS\Source_DB\Release\SpotReturn.sbr
E:\ExTeam\Season6Episode3\Source\DS\Source_DB\Release\StdAfx.sbr
E:\ExTeam\Season6Episode3\Source\DS\Source_DB\Release\WarehouseDBSet.sbr
E:\ExTeam\Season6Episode3\Source\DS\Source_DB\Release\WinQuest.sbr
E:\ExTeam\Season6Episode3\Source\DS\Source_DB\Release\winutil.sbr
E:\ExTeam\Season6Episode3\Source\DS\Source_DB\Release\wsJoinServer.sbr
E:\ExTeam\Season6Episode3\Source\DS\Source_DB\Release\WZIPCheck.sbr
E:\ExTeam\Season6Episode3\Source\DS\Source_DB\Release\WzItemSerial.sbr
E:\ExTeam\Season6Episode3\Source\DS\Source_DB\Release\WzMemScript.sbr
E:\ExTeam\Season6Episode3\Source\DS\Source_DB\Release\WZQueue.sbr
E:\ExTeam\Season6Episode3\Source\DS\Source_DB\Release\WZScriptEncode.sbr
E:\ExTeam\Season6Episode3\Source\DS\Source_DB\Release\ZenEvenDb.sbr
E:\ExTeam\Season6Episode3\Source\DS\Source_DB\Release\zzzitem.sbr
