D:\EXTEAM\SEASON6EPISODE3\SOURCE\DS\SOURCE_DB\DEBUG\DATASERVER.PCH
D:\EXTEAM\SEASON6EPISODE3\SOURCE\DS\SOURCE_DB\DEBUG\STDAFX.SBR
D:\EXTEAM\SEASON6EPISODE3\SOURCE\DS\SOURCE_DB\DEBUG\STDAFX.OBJ
D:\EXTEAM\SEASON6EPISODE3\SOURCE\DS\SOURCE_DB\DEBUG\VC100.PDB
D:\EXTEAM\SEASON6EPISODE3\SOURCE\DS\SOURCE_DB\DEBUG\MAPSERVERMANAGER_DS.SBR
D:\EXTEAM\SEASON6EPISODE3\SOURCE\DS\SOURCE_DB\DEBUG\PROTOCOL.SBR
D:\EXTEAM\SEASON6EPISODE3\SOURCE\DS\SOURCE_DB\DEBUG\ZENEVENDB.SBR
D:\EXTEAM\SEASON6EPISODE3\SOURCE\DS\SOURCE_DB\DEBUG\WAREHOUSEDBSET.SBR
D:\EXTEAM\SEASON6EPISODE3\SOURCE\DS\SOURCE_DB\DEBUG\SERVERPRC.SBR
D:\EXTEAM\SEASON6EPISODE3\SOURCE\DS\SOURCE_DB\DEBUG\QUESTMONKILLDBSET.SBR
D:\EXTEAM\SEASON6EPISODE3\SOURCE\DS\SOURCE_DB\DEBUG\PETDBSET.SBR
D:\EXTEAM\SEASON6EPISODE3\SOURCE\DS\SOURCE_DB\DEBUG\PERIODITEMDBSET.SBR
D:\EXTEAM\SEASON6EPISODE3\SOURCE\DS\SOURCE_DB\DEBUG\OPTIONDBSET.SBR
D:\EXTEAM\SEASON6EPISODE3\SOURCE\DS\SOURCE_DB\DEBUG\MASTERLEVELSYSTEMDBSET.SBR
D:\EXTEAM\SEASON6EPISODE3\SOURCE\DS\SOURCE_DB\DEBUG\ITEMEXTDBSET.SBR
D:\EXTEAM\SEASON6EPISODE3\SOURCE\DS\SOURCE_DB\DEBUG\GSDBSET.SBR
D:\EXTEAM\SEASON6EPISODE3\SOURCE\DS\SOURCE_DB\DEBUG\DBCONBASE.SBR
D:\EXTEAM\SEASON6EPISODE3\SOURCE\DS\SOURCE_DB\DEBUG\CRYWOLFDBSET.SBR
D:\EXTEAM\SEASON6EPISODE3\SOURCE\DS\SOURCE_DB\DEBUG\CHARPREVIEWDBSET.SBR
D:\EXTEAM\SEASON6EPISODE3\SOURCE\DS\SOURCE_DB\DEBUG\CHARDBSET.SBR
D:\EXTEAM\SEASON6EPISODE3\SOURCE\DS\SOURCE_DB\DEBUG\CASTLEDBSET.SBR
D:\EXTEAM\SEASON6EPISODE3\SOURCE\DS\SOURCE_DB\DEBUG\ACCOUNTCHARDBSET.SBR
D:\EXTEAM\SEASON6EPISODE3\SOURCE\DS\SOURCE_DB\DEBUG\ZZZITEM.SBR
D:\EXTEAM\SEASON6EPISODE3\SOURCE\DS\SOURCE_DB\DEBUG\WZMEMSCRIPT.SBR
D:\EXTEAM\SEASON6EPISODE3\SOURCE\DS\SOURCE_DB\DEBUG\WZMEMSCRIPT.OBJ
D:\EXTEAM\SEASON6EPISODE3\SOURCE\DS\SOURCE_DB\DEBUG\ACCOUNTCHARDBSET.OBJ
D:\EXTEAM\SEASON6EPISODE3\SOURCE\DS\SOURCE_DB\DEBUG\CASTLEDBSET.OBJ
D:\EXTEAM\SEASON6EPISODE3\SOURCE\DS\SOURCE_DB\DEBUG\CHARDBSET.OBJ
D:\EXTEAM\SEASON6EPISODE3\SOURCE\DS\SOURCE_DB\DEBUG\CHARPREVIEWDBSET.OBJ
D:\EXTEAM\SEASON6EPISODE3\SOURCE\DS\SOURCE_DB\DEBUG\CRYWOLFDBSET.OBJ
D:\EXTEAM\SEASON6EPISODE3\SOURCE\DS\SOURCE_DB\DEBUG\DBCONBASE.OBJ
D:\EXTEAM\SEASON6EPISODE3\SOURCE\DS\SOURCE_DB\DEBUG\GSDBSET.OBJ
D:\EXTEAM\SEASON6EPISODE3\SOURCE\DS\SOURCE_DB\DEBUG\ITEMEXTDBSET.OBJ
D:\EXTEAM\SEASON6EPISODE3\SOURCE\DS\SOURCE_DB\DEBUG\MASTERLEVELSYSTEMDBSET.OBJ
D:\EXTEAM\SEASON6EPISODE3\SOURCE\DS\SOURCE_DB\DEBUG\OPTIONDBSET.OBJ
D:\EXTEAM\SEASON6EPISODE3\SOURCE\DS\SOURCE_DB\DEBUG\PERIODITEMDBSET.OBJ
D:\EXTEAM\SEASON6EPISODE3\SOURCE\DS\SOURCE_DB\DEBUG\PETDBSET.OBJ
D:\EXTEAM\SEASON6EPISODE3\SOURCE\DS\SOURCE_DB\DEBUG\QUESTMONKILLDBSET.OBJ
D:\EXTEAM\SEASON6EPISODE3\SOURCE\DS\SOURCE_DB\DEBUG\SERVERPRC.OBJ
D:\EXTEAM\SEASON6EPISODE3\SOURCE\DS\SOURCE_DB\DEBUG\WAREHOUSEDBSET.OBJ
D:\EXTEAM\SEASON6EPISODE3\SOURCE\DS\SOURCE_DB\DEBUG\ZENEVENDB.OBJ
D:\EXTEAM\SEASON6EPISODE3\SOURCE\DS\SOURCE_DB\DEBUG\PROTOCOL.OBJ
D:\EXTEAM\SEASON6EPISODE3\SOURCE\DS\SOURCE_DB\DEBUG\MAPSERVERMANAGER_DS.OBJ
D:\EXTEAM\SEASON6EPISODE3\SOURCE\DS\SOURCE_DB\DEBUG\WINUTIL.SBR
D:\EXTEAM\SEASON6EPISODE3\SOURCE\DS\SOURCE_DB\DEBUG\SETITEMOPTION.SBR
D:\EXTEAM\SEASON6EPISODE3\SOURCE\DS\SOURCE_DB\DEBUG\MYWINSOCKBASE.SBR
D:\EXTEAM\SEASON6EPISODE3\SOURCE\DS\SOURCE_DB\DEBUG\LOGPROC.SBR
D:\EXTEAM\SEASON6EPISODE3\SOURCE\DS\SOURCE_DB\DEBUG\CLASSDEF.SBR
D:\EXTEAM\SEASON6EPISODE3\SOURCE\DS\SOURCE_DB\DEBUG\WZSCRIPTENCODE.SBR
D:\EXTEAM\SEASON6EPISODE3\SOURCE\DS\SOURCE_DB\DEBUG\WZQUEUE.SBR
D:\EXTEAM\SEASON6EPISODE3\SOURCE\DS\SOURCE_DB\DEBUG\WZITEMSERIAL.SBR
D:\EXTEAM\SEASON6EPISODE3\SOURCE\DS\SOURCE_DB\DEBUG\WZIPCHECK.SBR
D:\EXTEAM\SEASON6EPISODE3\SOURCE\DS\SOURCE_DB\DEBUG\WSJOINSERVER.SBR
D:\EXTEAM\SEASON6EPISODE3\SOURCE\DS\SOURCE_DB\DEBUG\WINQUEST.SBR
D:\EXTEAM\SEASON6EPISODE3\SOURCE\DS\SOURCE_DB\DEBUG\SPOTRETURN.SBR
D:\EXTEAM\SEASON6EPISODE3\SOURCE\DS\SOURCE_DB\DEBUG\REFERRALSYSTEM.SBR
D:\EXTEAM\SEASON6EPISODE3\SOURCE\DS\SOURCE_DB\DEBUG\RANKINGDBSET.SBR
D:\EXTEAM\SEASON6EPISODE3\SOURCE\DS\SOURCE_DB\DEBUG\RAGEDBSET.SBR
D:\EXTEAM\SEASON6EPISODE3\SOURCE\DS\SOURCE_DB\DEBUG\QUEUE.SBR
D:\EXTEAM\SEASON6EPISODE3\SOURCE\DS\SOURCE_DB\DEBUG\ITEMMARKET.SBR
D:\EXTEAM\SEASON6EPISODE3\SOURCE\DS\SOURCE_DB\DEBUG\PERIODITEMEXDBSET.SBR
D:\EXTEAM\SEASON6EPISODE3\SOURCE\DS\SOURCE_DB\DEBUG\OFFLINEMODE.SBR
D:\EXTEAM\SEASON6EPISODE3\SOURCE\DS\SOURCE_DB\DEBUG\MUNAMECHECK.SBR
D:\EXTEAM\SEASON6EPISODE3\SOURCE\DS\SOURCE_DB\DEBUG\MUNAMECHECK.OBJ
D:\EXTEAM\SEASON6EPISODE3\SOURCE\DS\SOURCE_DB\DEBUG\OFFLINEMODE.OBJ
D:\EXTEAM\SEASON6EPISODE3\SOURCE\DS\SOURCE_DB\DEBUG\PERIODITEMEXDBSET.OBJ
D:\EXTEAM\SEASON6EPISODE3\SOURCE\DS\SOURCE_DB\DEBUG\ITEMMARKET.OBJ
D:\EXTEAM\SEASON6EPISODE3\SOURCE\DS\SOURCE_DB\DEBUG\QUEUE.OBJ
D:\EXTEAM\SEASON6EPISODE3\SOURCE\DS\SOURCE_DB\DEBUG\RAGEDBSET.OBJ
D:\EXTEAM\SEASON6EPISODE3\SOURCE\DS\SOURCE_DB\DEBUG\RANKINGDBSET.OBJ
D:\EXTEAM\SEASON6EPISODE3\SOURCE\DS\SOURCE_DB\DEBUG\REFERRALSYSTEM.OBJ
D:\EXTEAM\SEASON6EPISODE3\SOURCE\DS\SOURCE_DB\DEBUG\SPOTRETURN.OBJ
D:\EXTEAM\SEASON6EPISODE3\SOURCE\DS\SOURCE_DB\DEBUG\WINQUEST.OBJ
D:\EXTEAM\SEASON6EPISODE3\SOURCE\DS\SOURCE_DB\DEBUG\WSJOINSERVER.OBJ
D:\EXTEAM\SEASON6EPISODE3\SOURCE\DS\SOURCE_DB\DEBUG\WZIPCHECK.OBJ
D:\EXTEAM\SEASON6EPISODE3\SOURCE\DS\SOURCE_DB\DEBUG\WZITEMSERIAL.OBJ
D:\EXTEAM\SEASON6EPISODE3\SOURCE\DS\SOURCE_DB\DEBUG\WZQUEUE.OBJ
D:\EXTEAM\SEASON6EPISODE3\SOURCE\DS\SOURCE_DB\DEBUG\WZSCRIPTENCODE.OBJ
D:\EXTEAM\SEASON6EPISODE3\SOURCE\DS\SOURCE_DB\DEBUG\LOGPROC.OBJ
D:\EXTEAM\SEASON6EPISODE3\SOURCE\DS\SOURCE_DB\DEBUG\MYWINSOCKBASE.OBJ
D:\EXTEAM\SEASON6EPISODE3\SOURCE\DS\SOURCE_DB\DEBUG\WINUTIL.OBJ
D:\EXTEAM\SEASON6EPISODE3\SOURCE\DS\SOURCE_DB\DEBUG\MINIDUMP.SBR
D:\EXTEAM\SEASON6EPISODE3\SOURCE\DS\SOURCE_DB\DEBUG\MARRIAGE.SBR
D:\EXTEAM\SEASON6EPISODE3\SOURCE\DS\SOURCE_DB\DEBUG\MAINFRM.SBR
D:\EXTEAM\SEASON6EPISODE3\SOURCE\DS\SOURCE_DB\DEBUG\LOGTOFILE.SBR
D:\EXTEAM\SEASON6EPISODE3\SOURCE\DS\SOURCE_DB\DEBUG\GUILDBANK.SBR
D:\EXTEAM\SEASON6EPISODE3\SOURCE\DS\SOURCE_DB\DEBUG\GIOCP.SBR
D:\EXTEAM\SEASON6EPISODE3\SOURCE\DS\SOURCE_DB\DEBUG\GENSDBSET.SBR
D:\EXTEAM\SEASON6EPISODE3\SOURCE\DS\SOURCE_DB\DEBUG\GAMESHOPDBSET.SBR
D:\EXTEAM\SEASON6EPISODE3\SOURCE\DS\SOURCE_DB\DEBUG\EXWEBMANAGER.SBR
D:\EXTEAM\SEASON6EPISODE3\SOURCE\DS\SOURCE_DB\DEBUG\EXLICENSE.SBR
D:\EXTEAM\SEASON6EPISODE3\SOURCE\DS\SOURCE_DB\DEBUG\EXGDMANAGER.SBR
D:\EXTEAM\SEASON6EPISODE3\SOURCE\DS\SOURCE_DB\DEBUG\DUNGEONSIEGE.SBR
D:\EXTEAM\SEASON6EPISODE3\SOURCE\DS\SOURCE_DB\DEBUG\DIRPATH.SBR
D:\EXTEAM\SEASON6EPISODE3\SOURCE\DS\SOURCE_DB\DEBUG\DELAYHANDLER.SBR
D:\EXTEAM\SEASON6EPISODE3\SOURCE\DS\SOURCE_DB\DEBUG\DATASERVER.SBR
D:\EXTEAM\SEASON6EPISODE3\SOURCE\DS\SOURCE_DB\DEBUG\CRITICALSECTIONEX.SBR
D:\EXTEAM\SEASON6EPISODE3\SOURCE\DS\SOURCE_DB\DEBUG\CQUERY.SBR
D:\EXTEAM\SEASON6EPISODE3\SOURCE\DS\SOURCE_DB\DEBUG\CHILDVIEW.SBR
D:\EXTEAM\SEASON6EPISODE3\SOURCE\DS\SOURCE_DB\DEBUG\BASEDAO.SBR
D:\EXTEAM\SEASON6EPISODE3\SOURCE\DS\SOURCE_DB\DEBUG\BANSYSTEM.SBR
D:\EXTEAM\SEASON6EPISODE3\SOURCE\DS\SOURCE_DB\DEBUG\BANSYSTEM.OBJ
D:\EXTEAM\SEASON6EPISODE3\SOURCE\DS\SOURCE_DB\DEBUG\BASEDAO.OBJ
D:\EXTEAM\SEASON6EPISODE3\SOURCE\DS\SOURCE_DB\DEBUG\CHILDVIEW.OBJ
D:\EXTEAM\SEASON6EPISODE3\SOURCE\DS\SOURCE_DB\DEBUG\CQUERY.OBJ
D:\EXTEAM\SEASON6EPISODE3\SOURCE\DS\SOURCE_DB\DEBUG\CRITICALSECTIONEX.OBJ
D:\EXTEAM\SEASON6EPISODE3\SOURCE\DS\SOURCE_DB\DEBUG\DATASERVER.OBJ
D:\EXTEAM\SEASON6EPISODE3\SOURCE\DS\SOURCE_DB\DEBUG\DELAYHANDLER.OBJ
D:\EXTEAM\SEASON6EPISODE3\SOURCE\DS\SOURCE_DB\DEBUG\DIRPATH.OBJ
D:\EXTEAM\SEASON6EPISODE3\SOURCE\DS\SOURCE_DB\DEBUG\DUNGEONSIEGE.OBJ
D:\EXTEAM\SEASON6EPISODE3\SOURCE\DS\SOURCE_DB\DEBUG\EXGDMANAGER.OBJ
D:\EXTEAM\SEASON6EPISODE3\SOURCE\DS\SOURCE_DB\DEBUG\EXLICENSE.OBJ
D:\EXTEAM\SEASON6EPISODE3\SOURCE\DS\SOURCE_DB\DEBUG\EXWEBMANAGER.OBJ
D:\EXTEAM\SEASON6EPISODE3\SOURCE\DS\SOURCE_DB\DEBUG\GAMESHOPDBSET.OBJ
D:\EXTEAM\SEASON6EPISODE3\SOURCE\DS\SOURCE_DB\DEBUG\GENSDBSET.OBJ
D:\EXTEAM\SEASON6EPISODE3\SOURCE\DS\SOURCE_DB\DEBUG\GIOCP.OBJ
D:\EXTEAM\SEASON6EPISODE3\SOURCE\DS\SOURCE_DB\DEBUG\GUILDBANK.OBJ
D:\EXTEAM\SEASON6EPISODE3\SOURCE\DS\SOURCE_DB\DEBUG\LOGTOFILE.OBJ
D:\EXTEAM\SEASON6EPISODE3\SOURCE\DS\SOURCE_DB\DEBUG\MAINFRM.OBJ
D:\EXTEAM\SEASON6EPISODE3\SOURCE\DS\SOURCE_DB\DEBUG\MARRIAGE.OBJ
D:\EXTEAM\SEASON6EPISODE3\SOURCE\DS\SOURCE_DB\DEBUG\MINIDUMP.OBJ
D:\EXTEAM\SEASON6EPISODE3\SOURCE\DS\SOURCE_DB\DEBUG\BADSYNTAXCHK.SBR
D:\EXTEAM\SEASON6EPISODE3\SOURCE\DS\SOURCE_DB\DEBUG\ACTIVEMNG.SBR
D:\EXTEAM\SEASON6EPISODE3\SOURCE\DS\SOURCE_DB\DEBUG\ACCOUNTSECURITY.SBR
D:\EXTEAM\SEASON6EPISODE3\SOURCE\DS\SOURCE_DB\DEBUG\ACCOUNTSECURITY.OBJ
D:\EXTEAM\SEASON6EPISODE3\SOURCE\DS\SOURCE_DB\DEBUG\ACTIVEMNG.OBJ
D:\EXTEAM\SEASON6EPISODE3\SOURCE\DS\SOURCE_DB\DEBUG\BADSYNTAXCHK.OBJ
D:\ExTeam\Season6Episode3\Source\DS\Source_DB\Debug\AccountCharDBSet.obj
D:\ExTeam\Season6Episode3\Source\DS\Source_DB\Debug\AccountSecurity.obj
D:\ExTeam\Season6Episode3\Source\DS\Source_DB\Debug\ActiveMng.obj
D:\ExTeam\Season6Episode3\Source\DS\Source_DB\Debug\BadSyntaxChk.obj
D:\ExTeam\Season6Episode3\Source\DS\Source_DB\Debug\BanSystem.obj
D:\ExTeam\Season6Episode3\Source\DS\Source_DB\Debug\BaseDAO.obj
D:\ExTeam\Season6Episode3\Source\DS\Source_DB\Debug\CastleDBSet.obj
D:\ExTeam\Season6Episode3\Source\DS\Source_DB\Debug\CharDBSet.obj
D:\ExTeam\Season6Episode3\Source\DS\Source_DB\Debug\CharPreviewDBSet.obj
D:\ExTeam\Season6Episode3\Source\DS\Source_DB\Debug\ChildView.obj
D:\ExTeam\Season6Episode3\Source\DS\Source_DB\Debug\CQuery.obj
D:\ExTeam\Season6Episode3\Source\DS\Source_DB\Debug\CriticalSectionEx.obj
D:\ExTeam\Season6Episode3\Source\DS\Source_DB\Debug\CrywolfDBSet.obj
D:\ExTeam\Season6Episode3\Source\DS\Source_DB\Debug\Dataserver.obj
D:\ExTeam\Season6Episode3\Source\DS\Source_DB\Debug\DBConBase.obj
D:\ExTeam\Season6Episode3\Source\DS\Source_DB\Debug\DelayHandler.obj
D:\ExTeam\Season6Episode3\Source\DS\Source_DB\Debug\DirPath.obj
D:\ExTeam\Season6Episode3\Source\DS\Source_DB\Debug\DungeonSiege.obj
D:\ExTeam\Season6Episode3\Source\DS\Source_DB\Debug\ExGDManager.obj
D:\ExTeam\Season6Episode3\Source\DS\Source_DB\Debug\ExLicense.obj
D:\ExTeam\Season6Episode3\Source\DS\Source_DB\Debug\ExWebManager.obj
D:\ExTeam\Season6Episode3\Source\DS\Source_DB\Debug\GameShopDBSet.obj
D:\ExTeam\Season6Episode3\Source\DS\Source_DB\Debug\GensDBSet.obj
D:\ExTeam\Season6Episode3\Source\DS\Source_DB\Debug\giocp.obj
D:\ExTeam\Season6Episode3\Source\DS\Source_DB\Debug\GSDBSet.obj
D:\ExTeam\Season6Episode3\Source\DS\Source_DB\Debug\GuildBank.obj
D:\ExTeam\Season6Episode3\Source\DS\Source_DB\Debug\ItemExtDbSet.obj
D:\ExTeam\Season6Episode3\Source\DS\Source_DB\Debug\ItemMarket.obj
D:\ExTeam\Season6Episode3\Source\DS\Source_DB\Debug\logproc.obj
D:\ExTeam\Season6Episode3\Source\DS\Source_DB\Debug\LogToFile.obj
D:\ExTeam\Season6Episode3\Source\DS\Source_DB\Debug\MainFrm.obj
D:\ExTeam\Season6Episode3\Source\DS\Source_DB\Debug\MapServerManager_DS.obj
D:\ExTeam\Season6Episode3\Source\DS\Source_DB\Debug\Marriage.obj
D:\ExTeam\Season6Episode3\Source\DS\Source_DB\Debug\MasterLevelSystemDBSet.obj
D:\ExTeam\Season6Episode3\Source\DS\Source_DB\Debug\MiniDump.obj
D:\ExTeam\Season6Episode3\Source\DS\Source_DB\Debug\MuNameCheck.obj
D:\ExTeam\Season6Episode3\Source\DS\Source_DB\Debug\MyWinsockBase.obj
D:\ExTeam\Season6Episode3\Source\DS\Source_DB\Debug\OfflineMode.obj
D:\ExTeam\Season6Episode3\Source\DS\Source_DB\Debug\OptionDbSet.obj
D:\ExTeam\Season6Episode3\Source\DS\Source_DB\Debug\PeriodItemDBSet.obj
D:\ExTeam\Season6Episode3\Source\DS\Source_DB\Debug\PeriodItemExDBSet.obj
D:\ExTeam\Season6Episode3\Source\DS\Source_DB\Debug\PetDBSet.obj
D:\ExTeam\Season6Episode3\Source\DS\Source_DB\Debug\protocol.obj
D:\ExTeam\Season6Episode3\Source\DS\Source_DB\Debug\QuestMonKillDBSet.obj
D:\ExTeam\Season6Episode3\Source\DS\Source_DB\Debug\Queue.obj
D:\ExTeam\Season6Episode3\Source\DS\Source_DB\Debug\RageDBSet.obj
D:\ExTeam\Season6Episode3\Source\DS\Source_DB\Debug\RankingDBSet.obj
D:\ExTeam\Season6Episode3\Source\DS\Source_DB\Debug\ReferralSystem.obj
D:\ExTeam\Season6Episode3\Source\DS\Source_DB\Debug\ServerPrc.obj
D:\ExTeam\Season6Episode3\Source\DS\Source_DB\Debug\SpotReturn.obj
D:\ExTeam\Season6Episode3\Source\DS\Source_DB\Debug\StdAfx.obj
D:\ExTeam\Season6Episode3\Source\DS\Source_DB\Debug\WarehouseDBSet.obj
D:\ExTeam\Season6Episode3\Source\DS\Source_DB\Debug\WinQuest.obj
D:\ExTeam\Season6Episode3\Source\DS\Source_DB\Debug\winutil.obj
D:\ExTeam\Season6Episode3\Source\DS\Source_DB\Debug\wsJoinServer.obj
D:\ExTeam\Season6Episode3\Source\DS\Source_DB\Debug\WZIPCheck.obj
D:\ExTeam\Season6Episode3\Source\DS\Source_DB\Debug\WzItemSerial.obj
D:\ExTeam\Season6Episode3\Source\DS\Source_DB\Debug\WzMemScript.obj
D:\ExTeam\Season6Episode3\Source\DS\Source_DB\Debug\WZQueue.obj
D:\ExTeam\Season6Episode3\Source\DS\Source_DB\Debug\WZScriptEncode.obj
D:\ExTeam\Season6Episode3\Source\DS\Source_DB\Debug\ZenEvenDb.obj
D:\ExTeam\Season6Episode3\Source\DS\Source_DB\Debug\cl.command.1.tlog
D:\ExTeam\Season6Episode3\Source\DS\Source_DB\Debug\CL.read.1.tlog
D:\ExTeam\Season6Episode3\Source\DS\Source_DB\Debug\CL.write.1.tlog
D:\ExTeam\Season6Episode3\Source\DS\Source_DB\Debug\Dataserver.pch
D:\ExTeam\Season6Episode3\Source\DS\Source_DB\Debug\vc100.idb
D:\ExTeam\Season6Episode3\Source\DS\Source_DB\Debug\vc100.pdb
D:\ExTeam\Season6Episode3\Source\DS\Source_DB\Debug\AccountCharDBSet.sbr
D:\ExTeam\Season6Episode3\Source\DS\Source_DB\Debug\AccountSecurity.sbr
D:\ExTeam\Season6Episode3\Source\DS\Source_DB\Debug\ActiveMng.sbr
D:\ExTeam\Season6Episode3\Source\DS\Source_DB\Debug\BadSyntaxChk.sbr
D:\ExTeam\Season6Episode3\Source\DS\Source_DB\Debug\BanSystem.sbr
D:\ExTeam\Season6Episode3\Source\DS\Source_DB\Debug\BaseDAO.sbr
D:\ExTeam\Season6Episode3\Source\DS\Source_DB\Debug\CastleDBSet.sbr
D:\ExTeam\Season6Episode3\Source\DS\Source_DB\Debug\CharDBSet.sbr
D:\ExTeam\Season6Episode3\Source\DS\Source_DB\Debug\CharPreviewDBSet.sbr
D:\ExTeam\Season6Episode3\Source\DS\Source_DB\Debug\ChildView.sbr
D:\ExTeam\Season6Episode3\Source\DS\Source_DB\Debug\classdef.sbr
D:\ExTeam\Season6Episode3\Source\DS\Source_DB\Debug\CQuery.sbr
D:\ExTeam\Season6Episode3\Source\DS\Source_DB\Debug\CriticalSectionEx.sbr
D:\ExTeam\Season6Episode3\Source\DS\Source_DB\Debug\CrywolfDBSet.sbr
D:\ExTeam\Season6Episode3\Source\DS\Source_DB\Debug\Dataserver.sbr
D:\ExTeam\Season6Episode3\Source\DS\Source_DB\Debug\DBConBase.sbr
D:\ExTeam\Season6Episode3\Source\DS\Source_DB\Debug\DelayHandler.sbr
D:\ExTeam\Season6Episode3\Source\DS\Source_DB\Debug\DirPath.sbr
D:\ExTeam\Season6Episode3\Source\DS\Source_DB\Debug\DungeonSiege.sbr
D:\ExTeam\Season6Episode3\Source\DS\Source_DB\Debug\ExGDManager.sbr
D:\ExTeam\Season6Episode3\Source\DS\Source_DB\Debug\ExLicense.sbr
D:\ExTeam\Season6Episode3\Source\DS\Source_DB\Debug\ExWebManager.sbr
D:\ExTeam\Season6Episode3\Source\DS\Source_DB\Debug\GameShopDBSet.sbr
D:\ExTeam\Season6Episode3\Source\DS\Source_DB\Debug\GensDBSet.sbr
D:\ExTeam\Season6Episode3\Source\DS\Source_DB\Debug\giocp.sbr
D:\ExTeam\Season6Episode3\Source\DS\Source_DB\Debug\GSDBSet.sbr
D:\ExTeam\Season6Episode3\Source\DS\Source_DB\Debug\GuildBank.sbr
D:\ExTeam\Season6Episode3\Source\DS\Source_DB\Debug\ItemExtDbSet.sbr
D:\ExTeam\Season6Episode3\Source\DS\Source_DB\Debug\ItemMarket.sbr
D:\ExTeam\Season6Episode3\Source\DS\Source_DB\Debug\logproc.sbr
D:\ExTeam\Season6Episode3\Source\DS\Source_DB\Debug\LogToFile.sbr
D:\ExTeam\Season6Episode3\Source\DS\Source_DB\Debug\MainFrm.sbr
D:\ExTeam\Season6Episode3\Source\DS\Source_DB\Debug\MapServerManager_DS.sbr
D:\ExTeam\Season6Episode3\Source\DS\Source_DB\Debug\Marriage.sbr
D:\ExTeam\Season6Episode3\Source\DS\Source_DB\Debug\MasterLevelSystemDBSet.sbr
D:\ExTeam\Season6Episode3\Source\DS\Source_DB\Debug\MiniDump.sbr
D:\ExTeam\Season6Episode3\Source\DS\Source_DB\Debug\MuNameCheck.sbr
D:\ExTeam\Season6Episode3\Source\DS\Source_DB\Debug\MyWinsockBase.sbr
D:\ExTeam\Season6Episode3\Source\DS\Source_DB\Debug\OfflineMode.sbr
D:\ExTeam\Season6Episode3\Source\DS\Source_DB\Debug\OptionDbSet.sbr
D:\ExTeam\Season6Episode3\Source\DS\Source_DB\Debug\PeriodItemDBSet.sbr
D:\ExTeam\Season6Episode3\Source\DS\Source_DB\Debug\PeriodItemExDBSet.sbr
D:\ExTeam\Season6Episode3\Source\DS\Source_DB\Debug\PetDBSet.sbr
D:\ExTeam\Season6Episode3\Source\DS\Source_DB\Debug\protocol.sbr
D:\ExTeam\Season6Episode3\Source\DS\Source_DB\Debug\QuestMonKillDBSet.sbr
D:\ExTeam\Season6Episode3\Source\DS\Source_DB\Debug\Queue.sbr
D:\ExTeam\Season6Episode3\Source\DS\Source_DB\Debug\RageDBSet.sbr
D:\ExTeam\Season6Episode3\Source\DS\Source_DB\Debug\RankingDBSet.sbr
D:\ExTeam\Season6Episode3\Source\DS\Source_DB\Debug\ReferralSystem.sbr
D:\ExTeam\Season6Episode3\Source\DS\Source_DB\Debug\ServerPrc.sbr
D:\ExTeam\Season6Episode3\Source\DS\Source_DB\Debug\SetItemOption.sbr
D:\ExTeam\Season6Episode3\Source\DS\Source_DB\Debug\SpotReturn.sbr
D:\ExTeam\Season6Episode3\Source\DS\Source_DB\Debug\StdAfx.sbr
D:\ExTeam\Season6Episode3\Source\DS\Source_DB\Debug\WarehouseDBSet.sbr
D:\ExTeam\Season6Episode3\Source\DS\Source_DB\Debug\WinQuest.sbr
D:\ExTeam\Season6Episode3\Source\DS\Source_DB\Debug\winutil.sbr
D:\ExTeam\Season6Episode3\Source\DS\Source_DB\Debug\wsJoinServer.sbr
D:\ExTeam\Season6Episode3\Source\DS\Source_DB\Debug\WZIPCheck.sbr
D:\ExTeam\Season6Episode3\Source\DS\Source_DB\Debug\WzItemSerial.sbr
D:\ExTeam\Season6Episode3\Source\DS\Source_DB\Debug\WzMemScript.sbr
D:\ExTeam\Season6Episode3\Source\DS\Source_DB\Debug\WZQueue.sbr
D:\ExTeam\Season6Episode3\Source\DS\Source_DB\Debug\WZScriptEncode.sbr
D:\ExTeam\Season6Episode3\Source\DS\Source_DB\Debug\ZenEvenDb.sbr
D:\ExTeam\Season6Episode3\Source\DS\Source_DB\Debug\zzzitem.sbr
