E:\work\qiji\exsource\JoinServerS6\Source\Release\BscMake.command.1.tlog
E:\work\qiji\exsource\JoinServerS6\Source\Release\bscmake.read.1.tlog
E:\work\qiji\exsource\JoinServerS6\Source\Release\bscmake.write.1.tlog
E:\WORK\QIJI\EXSOURCE\JOINSERVERS6\SOURCE\RELEASE\CALLSTACKTRACE.OBJ
E:\WORK\QIJI\EXSOURCE\JOINSERVERS6\SOURCE\RELEASE\CALLSTACKTRACE.SBR
E:\WORK\QIJI\EXSOURCE\JOINSERVERS6\SOURCE\RELEASE\CASHSHOPSERVER.OBJ
E:\WORK\QIJI\EXSOURCE\JOINSERVERS6\SOURCE\RELEASE\CASHSHOPSERVER.SBR
E:\work\qiji\exsource\JoinServerS6\Source\Release\cl.command.1.tlog
E:\work\qiji\exsource\JoinServerS6\Source\Release\CL.read.1.tlog
E:\work\qiji\exsource\JoinServerS6\Source\Release\CL.write.1.tlog
E:\WORK\QIJI\EXSOURCE\JOINSERVERS6\SOURCE\RELEASE\CQUERY.OBJ
E:\WORK\QIJI\EXSOURCE\JOINSERVERS6\SOURCE\RELEASE\CQUERY.SBR
E:\WORK\QIJI\EXSOURCE\JOINSERVERS6\SOURCE\RELEASE\DATASERVER.OBJ
E:\WORK\QIJI\EXSOURCE\JOINSERVERS6\SOURCE\RELEASE\DATASERVER.SBR
E:\WORK\QIJI\EXSOURCE\JOINSERVERS6\SOURCE\RELEASE\DATASERVERDB.OBJ
E:\WORK\QIJI\EXSOURCE\JOINSERVERS6\SOURCE\RELEASE\DATASERVERDB.SBR
E:\WORK\QIJI\EXSOURCE\JOINSERVERS6\SOURCE\RELEASE\EVENTSERVER.OBJ
E:\WORK\QIJI\EXSOURCE\JOINSERVERS6\SOURCE\RELEASE\EVENTSERVER.SBR
E:\WORK\QIJI\EXSOURCE\JOINSERVERS6\SOURCE\RELEASE\EXDATASERVER.OBJ
E:\WORK\QIJI\EXSOURCE\JOINSERVERS6\SOURCE\RELEASE\EXDATASERVER.SBR
E:\WORK\QIJI\EXSOURCE\JOINSERVERS6\SOURCE\RELEASE\EXMULTISERVER.EXE
E:\WORK\QIJI\EXSOURCE\JOINSERVERS6\SOURCE\RELEASE\EXWINDOW.OBJ
E:\WORK\QIJI\EXSOURCE\JOINSERVERS6\SOURCE\RELEASE\EXWINDOW.SBR
E:\WORK\QIJI\EXSOURCE\JOINSERVERS6\SOURCE\RELEASE\GIOCP.OBJ
E:\WORK\QIJI\EXSOURCE\JOINSERVERS6\SOURCE\RELEASE\GIOCP.SBR
E:\WORK\QIJI\EXSOURCE\JOINSERVERS6\SOURCE\RELEASE\GUILDCLASS.OBJ
E:\WORK\QIJI\EXSOURCE\JOINSERVERS6\SOURCE\RELEASE\GUILDCLASS.SBR
E:\WORK\QIJI\EXSOURCE\JOINSERVERS6\SOURCE\RELEASE\JOINSERVER.OBJ
E:\WORK\QIJI\EXSOURCE\JOINSERVERS6\SOURCE\RELEASE\JOINSERVER.SBR
E:\WORK\QIJI\EXSOURCE\JOINSERVERS6\SOURCE\RELEASE\JOINSERVERDB.OBJ
E:\WORK\QIJI\EXSOURCE\JOINSERVERS6\SOURCE\RELEASE\JOINSERVERDB.SBR
E:\work\qiji\exsource\JoinServerS6\Source\Release\link.command.1.tlog
E:\work\qiji\exsource\JoinServerS6\Source\Release\link.read.1.tlog
E:\work\qiji\exsource\JoinServerS6\Source\Release\link.write.1.tlog
E:\work\qiji\exsource\JoinServerS6\Source\Release\link-cvtres.read.1.tlog
E:\work\qiji\exsource\JoinServerS6\Source\Release\link-cvtres.write.1.tlog
E:\WORK\QIJI\EXSOURCE\JOINSERVERS6\SOURCE\RELEASE\MD5.OBJ
E:\WORK\QIJI\EXSOURCE\JOINSERVERS6\SOURCE\RELEASE\MD5.SBR
E:\work\qiji\exsource\JoinServerS6\Source\Release\mt.command.1.tlog
E:\work\qiji\exsource\JoinServerS6\Source\Release\mt.read.1.tlog
E:\work\qiji\exsource\JoinServerS6\Source\Release\mt.write.1.tlog
E:\WORK\QIJI\EXSOURCE\JOINSERVERS6\SOURCE\RELEASE\PARTYCLASS.OBJ
E:\WORK\QIJI\EXSOURCE\JOINSERVERS6\SOURCE\RELEASE\PARTYCLASS.SBR
E:\WORK\QIJI\EXSOURCE\JOINSERVERS6\SOURCE\RELEASE\RANKING.OBJ
E:\WORK\QIJI\EXSOURCE\JOINSERVERS6\SOURCE\RELEASE\RANKING.SBR
E:\work\qiji\exsource\JoinServerS6\Source\Release\rc.command.1.tlog
E:\work\qiji\exsource\JoinServerS6\Source\Release\rc.read.1.tlog
E:\work\qiji\exsource\JoinServerS6\Source\Release\rc.write.1.tlog
E:\WORK\QIJI\EXSOURCE\JOINSERVERS6\SOURCE\RELEASE\SERVER.OBJ
E:\WORK\QIJI\EXSOURCE\JOINSERVERS6\SOURCE\RELEASE\SERVER.SBR
E:\WORK\QIJI\EXSOURCE\JOINSERVERS6\SOURCE\RELEASE\STDAFX.OBJ
E:\WORK\QIJI\EXSOURCE\JOINSERVERS6\SOURCE\RELEASE\STDAFX.SBR
E:\WORK\QIJI\EXSOURCE\JOINSERVERS6\SOURCE\RELEASE\VC100.PDB
E:\WORK\QIJI\EXSOURCE\JOINSERVERS6\SOURCE\RELEASE\WINDOW.OBJ
E:\WORK\QIJI\EXSOURCE\JOINSERVERS6\SOURCE\RELEASE\WINDOW.SBR
E:\WORK\QIJI\EXSOURCE\JOINSERVERS6\SOURCE\RELEASE\WINUTIL.OBJ
E:\WORK\QIJI\EXSOURCE\JOINSERVERS6\SOURCE\RELEASE\WINUTIL.SBR
E:\WORK\QIJI\EXSOURCE\JOINSERVERS6\SOURCE\RELEASE\WZQUEUE.OBJ
E:\WORK\QIJI\EXSOURCE\JOINSERVERS6\SOURCE\RELEASE\WZQUEUE.SBR
E:\WORK\QIJI\EXSOURCE\JOINSERVERS6\SOURCE\RELEASE\WZUDP.OBJ
E:\WORK\QIJI\EXSOURCE\JOINSERVERS6\SOURCE\RELEASE\WZUDP.SBR
E:\WORK\QIJI\EXSOURCE\JOINSERVERS6\SOURCE\RELEASE\ZMULTISERVER.BSC
E:\WORK\QIJI\EXSOURCE\JOINSERVERS6\SOURCE\RELEASE\ZMULTISERVER.EXE.INTERMEDIATE.MANIFEST
E:\WORK\QIJI\EXSOURCE\JOINSERVERS6\SOURCE\RELEASE\ZMULTISERVER.MAP
E:\WORK\QIJI\EXSOURCE\JOINSERVERS6\SOURCE\RELEASE\ZMULTISERVER.OBJ
E:\WORK\QIJI\EXSOURCE\JOINSERVERS6\SOURCE\RELEASE\ZMULTISERVER.PCH
E:\WORK\QIJI\EXSOURCE\JOINSERVERS6\SOURCE\RELEASE\ZMULTISERVER.PDB
E:\WORK\QIJI\EXSOURCE\JOINSERVERS6\SOURCE\RELEASE\ZMULTISERVER.RES
E:\WORK\QIJI\EXSOURCE\JOINSERVERS6\SOURCE\RELEASE\ZMULTISERVER.SBR
E:\work\qiji\exsource\JoinServerS6\Source\Release\zMultiServer.write.1.tlog
