  AccountSecurity.cpp
  Achievements.cpp
  AchievementsSystem.cpp
  AddPoints.cpp
  AntiCheat.cpp
  AntiCheatPlus.cpp
  AntiHack.cpp
  AutoParty.cpp
  BMD.cpp
  Bow.cpp
  BuffIcon.cpp
  BufferSystem.cpp
  Camera.cpp
  CameraMove.cpp
  Cape.cpp
  ChatExpanded.cpp
  ChatSmile.cpp
  ChatWnd.cpp
  Configs.cpp
  ConnectEx.cpp
  正在编译...
  Console.cpp
  Controller.cpp
  Crc32.cpp
  CreateEffect.cpp
  CustomFontZt.cpp
  CustomMenu.cpp
  DataSend.cpp
  DeBug.cpp
  DllMain.cpp
  DonateShop.cpp
  DrawTime.cpp
  DumpDB.cpp
  DungeonSiege.cpp
  DynamicEffect.cpp
  Effect.cpp
  EncDec.cpp
  EngineDebuger.cpp
  EventTimer.cpp
  FileMemory.cpp
  Fog.cpp
  正在编译...
  Font.cpp
  Fps.cpp
  Graphics.cpp
  HpBar.cpp
  InfoLog.cpp
  Inter3.cpp
  InterZt.cpp
  Interface.cpp
  InterfaceZt.cpp
  Item.cpp
  ItemAsm.cpp
  ItemMarket.cpp
  ItemPacket.cpp
  ItemPrice.cpp
  ItemRank.cpp
  ItemSetOption.cpp
  ItemSmokeEffect.cpp
  JewelsBank.cpp
  LargeRand.cpp
  Lottery.cpp
  正在编译...
  LuaFun.cpp
  LuaZtport.cpp
  MakePreviewCharSet.cpp
  Map.cpp
  MapManager.cpp
  MapTeleport.cpp
  Marriage.cpp
  MiniMap.cpp
  MiniMapZt.cpp
  MiniMenu.cpp
  Monster.cpp
  MonsterQuest.cpp
  MuLua.cpp
  NewHpBar.cpp
  NewInterface.cpp
  NewParty.cpp
  NewPartyBuff.cpp
  NewsBoard.cpp
  ObjectViewe.cpp
  OfflineMode.cpp
  正在编译...
  Other.cpp
  PKClear.cpp
  PackSystem.cpp
  PacketEncrypt.cpp
  PacketManager.cpp
  PartySearch.cpp
  PersonalShopZt.cpp
  PetOld.cpp
  PetZt.cpp
  PickUpItemInfo.cpp
  PostItem.cpp
  PremiumSystemZt.cpp
  Protocol.cpp
  QuestSystem.cpp
  RageSystem.cpp
  Ranking.cpp
  ReferralSystem.cpp
  RenderEffect.cpp
  ResetSystem.cpp
  SecurityScript.cpp
  正在编译...
  SelectChar.cpp
  ServerInfo.cpp
  Settings.cpp
  Skill.cpp
  Smithy.cpp
  SocketItem.cpp
  Sound.cpp
  SpeedFix.cpp
  Splash.cpp
  StatsAdvance.cpp
  SwitchChar.cpp
  TMemory.cpp
  TeamVsTeam.cpp
  Text.cpp
  ToolKit.cpp
  TrayMode.cpp
  UText.cpp
  User.cpp
  UserAsm.cpp
  UserShop.cpp
  正在编译...
  VisualFix.cpp
  WarehouseMenu.cpp
  WingEffect.cpp
  ZtFunction.cpp
  ZtLicense.cpp
  ZtMenu.cpp
  ZtMenuV3.cpp
  ZtTeleport.cpp
  ZtTeleportEvo.cpp
  ZtText.cpp
  ZtUtils.cpp
  ZtWinQuestSystem.cpp
  giocp.cpp
  packetsend_hooks.cpp
     正在创建库 E:\work\tranet_version\run\Client\ZtMain.lib 和对象 E:\work\tranet_version\run\Client\ZtMain.exp
  正在生成代码
  已完成代码的生成
detours.lib(detours.obj) : warning LNK4099: 未找到 PDB“detours.pdb”(使用“detours.lib(detours.obj)”或在“E:\work\tranet_version\run\Client\detours.pdb”中寻找)；正在链接对象，如同没有调试信息一样
detours.lib(disasm.obj) : warning LNK4099: 未找到 PDB“detours.pdb”(使用“detours.lib(disasm.obj)”或在“E:\work\tranet_version\run\Client\detours.pdb”中寻找)；正在链接对象，如同没有调试信息一样
  DllClient.vcxproj -> E:\work\tranet_version\run\Client\ZtMain.dll
