E:\WORK\TRANET_VERSION\DLL\DLLCLIENT\RELEASE\ACCOUNTSECURITY.OBJ
E:\WORK\TRANET_VERSION\DLL\DLLCLIENT\RELEASE\ACCOUNTSECURITY.SBR
E:\WORK\TRANET_VERSION\DLL\DLLCLIENT\RELEASE\ACHIEVEMENTS.OBJ
E:\WORK\TRANET_VERSION\DLL\DLLCLIENT\RELEASE\ACHIEVEMENTS.SBR
E:\WORK\TRANET_VERSION\DLL\DLLCLIENT\RELEASE\ACHIEVEMENTSSYSTEM.OBJ
E:\WORK\TRANET_VERSION\DLL\DLLCLIENT\RELEASE\ACHIEVEMENTSSYSTEM.SBR
E:\WORK\TRANET_VERSION\DLL\DLLCLIENT\RELEASE\ADDPOINTS.OBJ
E:\WORK\TRANET_VERSION\DLL\DLLCLIENT\RELEASE\ADDPOINTS.SBR
E:\WORK\TRANET_VERSION\DLL\DLLCLIENT\RELEASE\ANTICHEAT.OBJ
E:\WORK\TRANET_VERSION\DLL\DLLCLIENT\RELEASE\ANTICHEAT.SBR
E:\WORK\TRANET_VERSION\DLL\DLLCLIENT\RELEASE\ANTICHEATPLUS.OBJ
E:\WORK\TRANET_VERSION\DLL\DLLCLIENT\RELEASE\ANTICHEATPLUS.SBR
E:\WORK\TRANET_VERSION\DLL\DLLCLIENT\RELEASE\ANTIHACK.OBJ
E:\WORK\TRANET_VERSION\DLL\DLLCLIENT\RELEASE\ANTIHACK.SBR
E:\WORK\TRANET_VERSION\DLL\DLLCLIENT\RELEASE\AUTOPARTY.OBJ
E:\WORK\TRANET_VERSION\DLL\DLLCLIENT\RELEASE\AUTOPARTY.SBR
E:\WORK\TRANET_VERSION\DLL\DLLCLIENT\RELEASE\BMD.OBJ
E:\WORK\TRANET_VERSION\DLL\DLLCLIENT\RELEASE\BMD.SBR
E:\WORK\TRANET_VERSION\DLL\DLLCLIENT\RELEASE\BOW.OBJ
E:\WORK\TRANET_VERSION\DLL\DLLCLIENT\RELEASE\BOW.SBR
E:\work\tranet_version\DLL\DllClient\Release\BscMake.command.1.tlog
E:\work\tranet_version\DLL\DllClient\Release\bscmake.read.1.tlog
E:\work\tranet_version\DLL\DllClient\Release\bscmake.write.1.tlog
E:\WORK\TRANET_VERSION\DLL\DLLCLIENT\RELEASE\BUFFERSYSTEM.OBJ
E:\WORK\TRANET_VERSION\DLL\DLLCLIENT\RELEASE\BUFFERSYSTEM.SBR
E:\WORK\TRANET_VERSION\DLL\DLLCLIENT\RELEASE\BUFFICON.OBJ
E:\WORK\TRANET_VERSION\DLL\DLLCLIENT\RELEASE\BUFFICON.SBR
E:\WORK\TRANET_VERSION\DLL\DLLCLIENT\RELEASE\CAMERA.OBJ
E:\WORK\TRANET_VERSION\DLL\DLLCLIENT\RELEASE\CAMERA.SBR
E:\WORK\TRANET_VERSION\DLL\DLLCLIENT\RELEASE\CAMERAMOVE.OBJ
E:\WORK\TRANET_VERSION\DLL\DLLCLIENT\RELEASE\CAMERAMOVE.SBR
E:\WORK\TRANET_VERSION\DLL\DLLCLIENT\RELEASE\CAPE.OBJ
E:\WORK\TRANET_VERSION\DLL\DLLCLIENT\RELEASE\CAPE.SBR
E:\WORK\TRANET_VERSION\DLL\DLLCLIENT\RELEASE\CHATEXPANDED.OBJ
E:\WORK\TRANET_VERSION\DLL\DLLCLIENT\RELEASE\CHATEXPANDED.SBR
E:\WORK\TRANET_VERSION\DLL\DLLCLIENT\RELEASE\CHATSMILE.OBJ
E:\WORK\TRANET_VERSION\DLL\DLLCLIENT\RELEASE\CHATSMILE.SBR
E:\WORK\TRANET_VERSION\DLL\DLLCLIENT\RELEASE\CHATWND.OBJ
E:\WORK\TRANET_VERSION\DLL\DLLCLIENT\RELEASE\CHATWND.SBR
E:\work\tranet_version\DLL\DllClient\Release\cl.command.1.tlog
E:\work\tranet_version\DLL\DllClient\Release\CL.read.1.tlog
E:\work\tranet_version\DLL\DllClient\Release\CL.write.1.tlog
E:\WORK\TRANET_VERSION\DLL\DLLCLIENT\RELEASE\CONFIGS.OBJ
E:\WORK\TRANET_VERSION\DLL\DLLCLIENT\RELEASE\CONFIGS.SBR
E:\WORK\TRANET_VERSION\DLL\DLLCLIENT\RELEASE\CONNECTEX.OBJ
E:\WORK\TRANET_VERSION\DLL\DLLCLIENT\RELEASE\CONNECTEX.SBR
E:\WORK\TRANET_VERSION\DLL\DLLCLIENT\RELEASE\CONSOLE.OBJ
E:\WORK\TRANET_VERSION\DLL\DLLCLIENT\RELEASE\CONSOLE.SBR
E:\WORK\TRANET_VERSION\DLL\DLLCLIENT\RELEASE\CONTROLLER.OBJ
E:\WORK\TRANET_VERSION\DLL\DLLCLIENT\RELEASE\CONTROLLER.SBR
E:\WORK\TRANET_VERSION\DLL\DLLCLIENT\RELEASE\CRC32.OBJ
E:\WORK\TRANET_VERSION\DLL\DLLCLIENT\RELEASE\CRC32.SBR
E:\WORK\TRANET_VERSION\DLL\DLLCLIENT\RELEASE\CREATEEFFECT.OBJ
E:\WORK\TRANET_VERSION\DLL\DLLCLIENT\RELEASE\CREATEEFFECT.SBR
E:\WORK\TRANET_VERSION\DLL\DLLCLIENT\RELEASE\CUSTOMFONTEX.OBJ
E:\WORK\TRANET_VERSION\DLL\DLLCLIENT\RELEASE\CUSTOMFONTEX.SBR
E:\WORK\TRANET_VERSION\DLL\DLLCLIENT\RELEASE\CUSTOMFONTZT.OBJ
E:\WORK\TRANET_VERSION\DLL\DLLCLIENT\RELEASE\CUSTOMFONTZT.SBR
E:\WORK\TRANET_VERSION\DLL\DLLCLIENT\RELEASE\CUSTOMMENU.OBJ
E:\WORK\TRANET_VERSION\DLL\DLLCLIENT\RELEASE\CUSTOMMENU.SBR
E:\WORK\TRANET_VERSION\DLL\DLLCLIENT\RELEASE\DATASEND.OBJ
E:\WORK\TRANET_VERSION\DLL\DLLCLIENT\RELEASE\DATASEND.SBR
E:\WORK\TRANET_VERSION\DLL\DLLCLIENT\RELEASE\DEBUG.OBJ
E:\WORK\TRANET_VERSION\DLL\DLLCLIENT\RELEASE\DEBUG.SBR
E:\WORK\TRANET_VERSION\DLL\DLLCLIENT\RELEASE\DLLCLIENT.RES
E:\WORK\TRANET_VERSION\DLL\DLLCLIENT\RELEASE\DLLMAIN.OBJ
E:\WORK\TRANET_VERSION\DLL\DLLCLIENT\RELEASE\DLLMAIN.SBR
E:\WORK\TRANET_VERSION\DLL\DLLCLIENT\RELEASE\DONATESHOP.OBJ
E:\WORK\TRANET_VERSION\DLL\DLLCLIENT\RELEASE\DONATESHOP.SBR
E:\WORK\TRANET_VERSION\DLL\DLLCLIENT\RELEASE\DRAWTIME.OBJ
E:\WORK\TRANET_VERSION\DLL\DLLCLIENT\RELEASE\DRAWTIME.SBR
E:\WORK\TRANET_VERSION\DLL\DLLCLIENT\RELEASE\DUMPDB.OBJ
E:\WORK\TRANET_VERSION\DLL\DLLCLIENT\RELEASE\DUMPDB.SBR
E:\WORK\TRANET_VERSION\DLL\DLLCLIENT\RELEASE\DUNGEONSIEGE.OBJ
E:\WORK\TRANET_VERSION\DLL\DLLCLIENT\RELEASE\DUNGEONSIEGE.SBR
E:\WORK\TRANET_VERSION\DLL\DLLCLIENT\RELEASE\DYNAMICEFFECT.OBJ
E:\WORK\TRANET_VERSION\DLL\DLLCLIENT\RELEASE\DYNAMICEFFECT.SBR
E:\WORK\TRANET_VERSION\DLL\DLLCLIENT\RELEASE\EFFECT.OBJ
E:\WORK\TRANET_VERSION\DLL\DLLCLIENT\RELEASE\EFFECT.SBR
E:\WORK\TRANET_VERSION\DLL\DLLCLIENT\RELEASE\ENCDEC.OBJ
E:\WORK\TRANET_VERSION\DLL\DLLCLIENT\RELEASE\ENCDEC.SBR
E:\WORK\TRANET_VERSION\DLL\DLLCLIENT\RELEASE\ENGINEDEBUGER.OBJ
E:\WORK\TRANET_VERSION\DLL\DLLCLIENT\RELEASE\ENGINEDEBUGER.SBR
E:\WORK\TRANET_VERSION\DLL\DLLCLIENT\RELEASE\EVENTTIMER.OBJ
E:\WORK\TRANET_VERSION\DLL\DLLCLIENT\RELEASE\EVENTTIMER.SBR
E:\WORK\TRANET_VERSION\DLL\DLLCLIENT\RELEASE\EXFUNCTION.OBJ
E:\WORK\TRANET_VERSION\DLL\DLLCLIENT\RELEASE\EXFUNCTION.SBR
E:\WORK\TRANET_VERSION\DLL\DLLCLIENT\RELEASE\EXLICENSE.OBJ
E:\WORK\TRANET_VERSION\DLL\DLLCLIENT\RELEASE\EXLICENSE.SBR
E:\WORK\TRANET_VERSION\DLL\DLLCLIENT\RELEASE\EXMAIN.DLL.INTERMEDIATE.MANIFEST
E:\work\tranet_version\DLL\DllClient\Release\ExMain.write.1.tlog
E:\WORK\TRANET_VERSION\DLL\DLLCLIENT\RELEASE\EXMENU.OBJ
E:\WORK\TRANET_VERSION\DLL\DLLCLIENT\RELEASE\EXMENU.SBR
E:\WORK\TRANET_VERSION\DLL\DLLCLIENT\RELEASE\EXMENUV3.OBJ
E:\WORK\TRANET_VERSION\DLL\DLLCLIENT\RELEASE\EXMENUV3.SBR
E:\WORK\TRANET_VERSION\DLL\DLLCLIENT\RELEASE\EXTELEPORT.OBJ
E:\WORK\TRANET_VERSION\DLL\DLLCLIENT\RELEASE\EXTELEPORT.SBR
E:\WORK\TRANET_VERSION\DLL\DLLCLIENT\RELEASE\EXTELEPORTEVO.OBJ
E:\WORK\TRANET_VERSION\DLL\DLLCLIENT\RELEASE\EXTELEPORTEVO.SBR
E:\WORK\TRANET_VERSION\DLL\DLLCLIENT\RELEASE\EXTEXT.OBJ
E:\WORK\TRANET_VERSION\DLL\DLLCLIENT\RELEASE\EXTEXT.SBR
E:\WORK\TRANET_VERSION\DLL\DLLCLIENT\RELEASE\EXUTILS.OBJ
E:\WORK\TRANET_VERSION\DLL\DLLCLIENT\RELEASE\EXUTILS.SBR
E:\WORK\TRANET_VERSION\DLL\DLLCLIENT\RELEASE\EXWINQUESTSYSTEM.OBJ
E:\WORK\TRANET_VERSION\DLL\DLLCLIENT\RELEASE\EXWINQUESTSYSTEM.SBR
E:\WORK\TRANET_VERSION\DLL\DLLCLIENT\RELEASE\FILEMEMORY.OBJ
E:\WORK\TRANET_VERSION\DLL\DLLCLIENT\RELEASE\FILEMEMORY.SBR
E:\WORK\TRANET_VERSION\DLL\DLLCLIENT\RELEASE\FOG.OBJ
E:\WORK\TRANET_VERSION\DLL\DLLCLIENT\RELEASE\FOG.SBR
E:\WORK\TRANET_VERSION\DLL\DLLCLIENT\RELEASE\FONT.OBJ
E:\WORK\TRANET_VERSION\DLL\DLLCLIENT\RELEASE\FONT.SBR
E:\WORK\TRANET_VERSION\DLL\DLLCLIENT\RELEASE\FPS.OBJ
E:\WORK\TRANET_VERSION\DLL\DLLCLIENT\RELEASE\FPS.SBR
E:\WORK\TRANET_VERSION\DLL\DLLCLIENT\RELEASE\GIOCP.OBJ
E:\WORK\TRANET_VERSION\DLL\DLLCLIENT\RELEASE\GIOCP.SBR
E:\WORK\TRANET_VERSION\DLL\DLLCLIENT\RELEASE\GRAPHICS.OBJ
E:\WORK\TRANET_VERSION\DLL\DLLCLIENT\RELEASE\GRAPHICS.SBR
E:\WORK\TRANET_VERSION\DLL\DLLCLIENT\RELEASE\HPBAR.OBJ
E:\WORK\TRANET_VERSION\DLL\DLLCLIENT\RELEASE\HPBAR.SBR
E:\WORK\TRANET_VERSION\DLL\DLLCLIENT\RELEASE\INFOLOG.OBJ
E:\WORK\TRANET_VERSION\DLL\DLLCLIENT\RELEASE\INFOLOG.SBR
E:\WORK\TRANET_VERSION\DLL\DLLCLIENT\RELEASE\INTER3.OBJ
E:\WORK\TRANET_VERSION\DLL\DLLCLIENT\RELEASE\INTER3.SBR
E:\WORK\TRANET_VERSION\DLL\DLLCLIENT\RELEASE\INTEREX.OBJ
E:\WORK\TRANET_VERSION\DLL\DLLCLIENT\RELEASE\INTEREX.SBR
E:\WORK\TRANET_VERSION\DLL\DLLCLIENT\RELEASE\INTERFACE.OBJ
E:\WORK\TRANET_VERSION\DLL\DLLCLIENT\RELEASE\INTERFACE.SBR
E:\WORK\TRANET_VERSION\DLL\DLLCLIENT\RELEASE\INTERFACEEX.OBJ
E:\WORK\TRANET_VERSION\DLL\DLLCLIENT\RELEASE\INTERFACEEX.SBR
E:\WORK\TRANET_VERSION\DLL\DLLCLIENT\RELEASE\INTERFACEZT.OBJ
E:\WORK\TRANET_VERSION\DLL\DLLCLIENT\RELEASE\INTERFACEZT.SBR
E:\WORK\TRANET_VERSION\DLL\DLLCLIENT\RELEASE\INTERZT.OBJ
E:\WORK\TRANET_VERSION\DLL\DLLCLIENT\RELEASE\INTERZT.SBR
E:\WORK\TRANET_VERSION\DLL\DLLCLIENT\RELEASE\ITEM.OBJ
E:\WORK\TRANET_VERSION\DLL\DLLCLIENT\RELEASE\ITEM.SBR
E:\WORK\TRANET_VERSION\DLL\DLLCLIENT\RELEASE\ITEMASM.OBJ
E:\WORK\TRANET_VERSION\DLL\DLLCLIENT\RELEASE\ITEMASM.SBR
E:\WORK\TRANET_VERSION\DLL\DLLCLIENT\RELEASE\ITEMMARKET.OBJ
E:\WORK\TRANET_VERSION\DLL\DLLCLIENT\RELEASE\ITEMMARKET.SBR
E:\WORK\TRANET_VERSION\DLL\DLLCLIENT\RELEASE\ITEMPACKET.OBJ
E:\WORK\TRANET_VERSION\DLL\DLLCLIENT\RELEASE\ITEMPACKET.SBR
E:\WORK\TRANET_VERSION\DLL\DLLCLIENT\RELEASE\ITEMPRICE.OBJ
E:\WORK\TRANET_VERSION\DLL\DLLCLIENT\RELEASE\ITEMPRICE.SBR
E:\WORK\TRANET_VERSION\DLL\DLLCLIENT\RELEASE\ITEMRANK.OBJ
E:\WORK\TRANET_VERSION\DLL\DLLCLIENT\RELEASE\ITEMRANK.SBR
E:\WORK\TRANET_VERSION\DLL\DLLCLIENT\RELEASE\ITEMSETOPTION.OBJ
E:\WORK\TRANET_VERSION\DLL\DLLCLIENT\RELEASE\ITEMSETOPTION.SBR
E:\WORK\TRANET_VERSION\DLL\DLLCLIENT\RELEASE\ITEMSMOKEEFFECT.OBJ
E:\WORK\TRANET_VERSION\DLL\DLLCLIENT\RELEASE\ITEMSMOKEEFFECT.SBR
E:\WORK\TRANET_VERSION\DLL\DLLCLIENT\RELEASE\JEWELSBANK.OBJ
E:\WORK\TRANET_VERSION\DLL\DLLCLIENT\RELEASE\JEWELSBANK.SBR
E:\WORK\TRANET_VERSION\DLL\DLLCLIENT\RELEASE\LARGERAND.OBJ
E:\WORK\TRANET_VERSION\DLL\DLLCLIENT\RELEASE\LARGERAND.SBR
E:\work\tranet_version\DLL\DllClient\Release\link.command.1.tlog
E:\work\tranet_version\DLL\DllClient\Release\link.read.1.tlog
E:\work\tranet_version\DLL\DllClient\Release\link.write.1.tlog
E:\work\tranet_version\DLL\DllClient\Release\link-cvtres.read.1.tlog
E:\work\tranet_version\DLL\DllClient\Release\link-cvtres.write.1.tlog
E:\WORK\TRANET_VERSION\DLL\DLLCLIENT\RELEASE\LOTTERY.OBJ
E:\WORK\TRANET_VERSION\DLL\DLLCLIENT\RELEASE\LOTTERY.SBR
E:\WORK\TRANET_VERSION\DLL\DLLCLIENT\RELEASE\LUAEXPORT.OBJ
E:\WORK\TRANET_VERSION\DLL\DLLCLIENT\RELEASE\LUAEXPORT.SBR
E:\WORK\TRANET_VERSION\DLL\DLLCLIENT\RELEASE\LUAFUN.OBJ
E:\WORK\TRANET_VERSION\DLL\DLLCLIENT\RELEASE\LUAFUN.SBR
E:\WORK\TRANET_VERSION\DLL\DLLCLIENT\RELEASE\LUAZTPORT.OBJ
E:\WORK\TRANET_VERSION\DLL\DLLCLIENT\RELEASE\LUAZTPORT.SBR
E:\WORK\TRANET_VERSION\DLL\DLLCLIENT\RELEASE\MAKEPREVIEWCHARSET.OBJ
E:\WORK\TRANET_VERSION\DLL\DLLCLIENT\RELEASE\MAKEPREVIEWCHARSET.SBR
E:\WORK\TRANET_VERSION\DLL\DLLCLIENT\RELEASE\MAP.OBJ
E:\WORK\TRANET_VERSION\DLL\DLLCLIENT\RELEASE\MAP.SBR
E:\WORK\TRANET_VERSION\DLL\DLLCLIENT\RELEASE\MAPMANAGER.OBJ
E:\WORK\TRANET_VERSION\DLL\DLLCLIENT\RELEASE\MAPMANAGER.SBR
E:\WORK\TRANET_VERSION\DLL\DLLCLIENT\RELEASE\MAPTELEPORT.OBJ
E:\WORK\TRANET_VERSION\DLL\DLLCLIENT\RELEASE\MAPTELEPORT.SBR
E:\WORK\TRANET_VERSION\DLL\DLLCLIENT\RELEASE\MARRIAGE.OBJ
E:\WORK\TRANET_VERSION\DLL\DLLCLIENT\RELEASE\MARRIAGE.SBR
E:\WORK\TRANET_VERSION\DLL\DLLCLIENT\RELEASE\MINIMAP.OBJ
E:\WORK\TRANET_VERSION\DLL\DLLCLIENT\RELEASE\MINIMAP.SBR
E:\WORK\TRANET_VERSION\DLL\DLLCLIENT\RELEASE\MINIMAPEX.OBJ
E:\WORK\TRANET_VERSION\DLL\DLLCLIENT\RELEASE\MINIMAPEX.SBR
E:\WORK\TRANET_VERSION\DLL\DLLCLIENT\RELEASE\MINIMAPZT.OBJ
E:\WORK\TRANET_VERSION\DLL\DLLCLIENT\RELEASE\MINIMAPZT.SBR
E:\WORK\TRANET_VERSION\DLL\DLLCLIENT\RELEASE\MINIMENU.OBJ
E:\WORK\TRANET_VERSION\DLL\DLLCLIENT\RELEASE\MINIMENU.SBR
E:\WORK\TRANET_VERSION\DLL\DLLCLIENT\RELEASE\MONSTER.OBJ
E:\WORK\TRANET_VERSION\DLL\DLLCLIENT\RELEASE\MONSTER.SBR
E:\WORK\TRANET_VERSION\DLL\DLLCLIENT\RELEASE\MONSTERQUEST.OBJ
E:\WORK\TRANET_VERSION\DLL\DLLCLIENT\RELEASE\MONSTERQUEST.SBR
E:\work\tranet_version\DLL\DllClient\Release\mt.command.1.tlog
E:\work\tranet_version\DLL\DllClient\Release\mt.read.1.tlog
E:\work\tranet_version\DLL\DllClient\Release\mt.write.1.tlog
E:\WORK\TRANET_VERSION\DLL\DLLCLIENT\RELEASE\MULUA.OBJ
E:\WORK\TRANET_VERSION\DLL\DLLCLIENT\RELEASE\MULUA.SBR
E:\WORK\TRANET_VERSION\DLL\DLLCLIENT\RELEASE\NEWEFFECT.OBJ
E:\WORK\TRANET_VERSION\DLL\DLLCLIENT\RELEASE\NEWEFFECT.SBR
E:\WORK\TRANET_VERSION\DLL\DLLCLIENT\RELEASE\NEWHPBAR.OBJ
E:\WORK\TRANET_VERSION\DLL\DLLCLIENT\RELEASE\NEWHPBAR.SBR
E:\WORK\TRANET_VERSION\DLL\DLLCLIENT\RELEASE\NEWINTERFACE.OBJ
E:\WORK\TRANET_VERSION\DLL\DLLCLIENT\RELEASE\NEWINTERFACE.SBR
E:\WORK\TRANET_VERSION\DLL\DLLCLIENT\RELEASE\NEWPARTY.OBJ
E:\WORK\TRANET_VERSION\DLL\DLLCLIENT\RELEASE\NEWPARTY.SBR
E:\WORK\TRANET_VERSION\DLL\DLLCLIENT\RELEASE\NEWPARTYBUFF.OBJ
E:\WORK\TRANET_VERSION\DLL\DLLCLIENT\RELEASE\NEWPARTYBUFF.SBR
E:\WORK\TRANET_VERSION\DLL\DLLCLIENT\RELEASE\NEWSBOARD.OBJ
E:\WORK\TRANET_VERSION\DLL\DLLCLIENT\RELEASE\NEWSBOARD.SBR
E:\WORK\TRANET_VERSION\DLL\DLLCLIENT\RELEASE\OBJECTVIEWE.OBJ
E:\WORK\TRANET_VERSION\DLL\DLLCLIENT\RELEASE\OBJECTVIEWE.SBR
E:\WORK\TRANET_VERSION\DLL\DLLCLIENT\RELEASE\OFFLINEMODE.OBJ
E:\WORK\TRANET_VERSION\DLL\DLLCLIENT\RELEASE\OFFLINEMODE.SBR
E:\WORK\TRANET_VERSION\DLL\DLLCLIENT\RELEASE\OTHER.OBJ
E:\WORK\TRANET_VERSION\DLL\DLLCLIENT\RELEASE\OTHER.SBR
E:\WORK\TRANET_VERSION\DLL\DLLCLIENT\RELEASE\PACKETENCRYPT.OBJ
E:\WORK\TRANET_VERSION\DLL\DLLCLIENT\RELEASE\PACKETENCRYPT.SBR
E:\WORK\TRANET_VERSION\DLL\DLLCLIENT\RELEASE\PACKETMANAGER.OBJ
E:\WORK\TRANET_VERSION\DLL\DLLCLIENT\RELEASE\PACKETMANAGER.SBR
E:\WORK\TRANET_VERSION\DLL\DLLCLIENT\RELEASE\PACKETSEND_HOOKS.OBJ
E:\WORK\TRANET_VERSION\DLL\DLLCLIENT\RELEASE\PACKETSEND_HOOKS.SBR
E:\WORK\TRANET_VERSION\DLL\DLLCLIENT\RELEASE\PACKSYSTEM.OBJ
E:\WORK\TRANET_VERSION\DLL\DLLCLIENT\RELEASE\PACKSYSTEM.SBR
E:\WORK\TRANET_VERSION\DLL\DLLCLIENT\RELEASE\PARTYSEARCH.OBJ
E:\WORK\TRANET_VERSION\DLL\DLLCLIENT\RELEASE\PARTYSEARCH.SBR
E:\WORK\TRANET_VERSION\DLL\DLLCLIENT\RELEASE\PERSONALSHOPEX.OBJ
E:\WORK\TRANET_VERSION\DLL\DLLCLIENT\RELEASE\PERSONALSHOPEX.SBR
E:\WORK\TRANET_VERSION\DLL\DLLCLIENT\RELEASE\PERSONALSHOPZT.OBJ
E:\WORK\TRANET_VERSION\DLL\DLLCLIENT\RELEASE\PERSONALSHOPZT.SBR
E:\WORK\TRANET_VERSION\DLL\DLLCLIENT\RELEASE\PETEX.OBJ
E:\WORK\TRANET_VERSION\DLL\DLLCLIENT\RELEASE\PETEX.SBR
E:\WORK\TRANET_VERSION\DLL\DLLCLIENT\RELEASE\PETOLD.OBJ
E:\WORK\TRANET_VERSION\DLL\DLLCLIENT\RELEASE\PETOLD.SBR
E:\WORK\TRANET_VERSION\DLL\DLLCLIENT\RELEASE\PETZT.OBJ
E:\WORK\TRANET_VERSION\DLL\DLLCLIENT\RELEASE\PETZT.SBR
E:\WORK\TRANET_VERSION\DLL\DLLCLIENT\RELEASE\PICKUPITEMINFO.OBJ
E:\WORK\TRANET_VERSION\DLL\DLLCLIENT\RELEASE\PICKUPITEMINFO.SBR
E:\WORK\TRANET_VERSION\DLL\DLLCLIENT\RELEASE\PKCLEAR.OBJ
E:\WORK\TRANET_VERSION\DLL\DLLCLIENT\RELEASE\PKCLEAR.SBR
E:\WORK\TRANET_VERSION\DLL\DLLCLIENT\RELEASE\POSTITEM.OBJ
E:\WORK\TRANET_VERSION\DLL\DLLCLIENT\RELEASE\POSTITEM.SBR
E:\WORK\TRANET_VERSION\DLL\DLLCLIENT\RELEASE\PREMIUMSYSTEMEX.OBJ
E:\WORK\TRANET_VERSION\DLL\DLLCLIENT\RELEASE\PREMIUMSYSTEMEX.SBR
E:\WORK\TRANET_VERSION\DLL\DLLCLIENT\RELEASE\PREMIUMSYSTEMZT.OBJ
E:\WORK\TRANET_VERSION\DLL\DLLCLIENT\RELEASE\PREMIUMSYSTEMZT.SBR
E:\WORK\TRANET_VERSION\DLL\DLLCLIENT\RELEASE\PROTOCOL.OBJ
E:\WORK\TRANET_VERSION\DLL\DLLCLIENT\RELEASE\PROTOCOL.SBR
E:\WORK\TRANET_VERSION\DLL\DLLCLIENT\RELEASE\QUESTSYSTEM.OBJ
E:\WORK\TRANET_VERSION\DLL\DLLCLIENT\RELEASE\QUESTSYSTEM.SBR
E:\WORK\TRANET_VERSION\DLL\DLLCLIENT\RELEASE\RAGESYSTEM.OBJ
E:\WORK\TRANET_VERSION\DLL\DLLCLIENT\RELEASE\RAGESYSTEM.SBR
E:\WORK\TRANET_VERSION\DLL\DLLCLIENT\RELEASE\RANKING.OBJ
E:\WORK\TRANET_VERSION\DLL\DLLCLIENT\RELEASE\RANKING.SBR
E:\work\tranet_version\DLL\DllClient\Release\rc.command.1.tlog
E:\work\tranet_version\DLL\DllClient\Release\rc.read.1.tlog
E:\work\tranet_version\DLL\DllClient\Release\rc.write.1.tlog
E:\WORK\TRANET_VERSION\DLL\DLLCLIENT\RELEASE\REFERRALSYSTEM.OBJ
E:\WORK\TRANET_VERSION\DLL\DLLCLIENT\RELEASE\REFERRALSYSTEM.SBR
E:\WORK\TRANET_VERSION\DLL\DLLCLIENT\RELEASE\RENDEREFFECT.OBJ
E:\WORK\TRANET_VERSION\DLL\DLLCLIENT\RELEASE\RENDEREFFECT.SBR
E:\WORK\TRANET_VERSION\DLL\DLLCLIENT\RELEASE\RESETSYSTEM.OBJ
E:\WORK\TRANET_VERSION\DLL\DLLCLIENT\RELEASE\RESETSYSTEM.SBR
E:\WORK\TRANET_VERSION\DLL\DLLCLIENT\RELEASE\SECURITYSCRIPT.OBJ
E:\WORK\TRANET_VERSION\DLL\DLLCLIENT\RELEASE\SECURITYSCRIPT.SBR
E:\WORK\TRANET_VERSION\DLL\DLLCLIENT\RELEASE\SELECTCHAR.OBJ
E:\WORK\TRANET_VERSION\DLL\DLLCLIENT\RELEASE\SELECTCHAR.SBR
E:\WORK\TRANET_VERSION\DLL\DLLCLIENT\RELEASE\SERVERINFO.OBJ
E:\WORK\TRANET_VERSION\DLL\DLLCLIENT\RELEASE\SERVERINFO.SBR
E:\WORK\TRANET_VERSION\DLL\DLLCLIENT\RELEASE\SETTINGS.OBJ
E:\WORK\TRANET_VERSION\DLL\DLLCLIENT\RELEASE\SETTINGS.SBR
E:\WORK\TRANET_VERSION\DLL\DLLCLIENT\RELEASE\SKILL.OBJ
E:\WORK\TRANET_VERSION\DLL\DLLCLIENT\RELEASE\SKILL.SBR
E:\WORK\TRANET_VERSION\DLL\DLLCLIENT\RELEASE\SMITHY.OBJ
E:\WORK\TRANET_VERSION\DLL\DLLCLIENT\RELEASE\SMITHY.SBR
E:\WORK\TRANET_VERSION\DLL\DLLCLIENT\RELEASE\SOCKETITEM.OBJ
E:\WORK\TRANET_VERSION\DLL\DLLCLIENT\RELEASE\SOCKETITEM.SBR
E:\WORK\TRANET_VERSION\DLL\DLLCLIENT\RELEASE\SOUND.OBJ
E:\WORK\TRANET_VERSION\DLL\DLLCLIENT\RELEASE\SOUND.SBR
E:\WORK\TRANET_VERSION\DLL\DLLCLIENT\RELEASE\SPEEDFIX.OBJ
E:\WORK\TRANET_VERSION\DLL\DLLCLIENT\RELEASE\SPEEDFIX.SBR
E:\WORK\TRANET_VERSION\DLL\DLLCLIENT\RELEASE\SPLASH.OBJ
E:\WORK\TRANET_VERSION\DLL\DLLCLIENT\RELEASE\SPLASH.SBR
E:\WORK\TRANET_VERSION\DLL\DLLCLIENT\RELEASE\STATSADVANCE.OBJ
E:\WORK\TRANET_VERSION\DLL\DLLCLIENT\RELEASE\STATSADVANCE.SBR
E:\WORK\TRANET_VERSION\DLL\DLLCLIENT\RELEASE\SWITCHCHAR.OBJ
E:\WORK\TRANET_VERSION\DLL\DLLCLIENT\RELEASE\SWITCHCHAR.SBR
E:\WORK\TRANET_VERSION\DLL\DLLCLIENT\RELEASE\TEAMVSTEAM.OBJ
E:\WORK\TRANET_VERSION\DLL\DLLCLIENT\RELEASE\TEAMVSTEAM.SBR
E:\WORK\TRANET_VERSION\DLL\DLLCLIENT\RELEASE\TEXT.OBJ
E:\WORK\TRANET_VERSION\DLL\DLLCLIENT\RELEASE\TEXT.SBR
E:\WORK\TRANET_VERSION\DLL\DLLCLIENT\RELEASE\TMEMORY.OBJ
E:\WORK\TRANET_VERSION\DLL\DLLCLIENT\RELEASE\TMEMORY.SBR
E:\WORK\TRANET_VERSION\DLL\DLLCLIENT\RELEASE\TOOLKIT.OBJ
E:\WORK\TRANET_VERSION\DLL\DLLCLIENT\RELEASE\TOOLKIT.SBR
E:\WORK\TRANET_VERSION\DLL\DLLCLIENT\RELEASE\TRAYMODE.OBJ
E:\WORK\TRANET_VERSION\DLL\DLLCLIENT\RELEASE\TRAYMODE.SBR
E:\WORK\TRANET_VERSION\DLL\DLLCLIENT\RELEASE\USER.OBJ
E:\WORK\TRANET_VERSION\DLL\DLLCLIENT\RELEASE\USER.SBR
E:\WORK\TRANET_VERSION\DLL\DLLCLIENT\RELEASE\USERASM.OBJ
E:\WORK\TRANET_VERSION\DLL\DLLCLIENT\RELEASE\USERASM.SBR
E:\WORK\TRANET_VERSION\DLL\DLLCLIENT\RELEASE\USERSHOP.OBJ
E:\WORK\TRANET_VERSION\DLL\DLLCLIENT\RELEASE\USERSHOP.SBR
E:\WORK\TRANET_VERSION\DLL\DLLCLIENT\RELEASE\UTEXT.OBJ
E:\WORK\TRANET_VERSION\DLL\DLLCLIENT\RELEASE\UTEXT.SBR
E:\WORK\TRANET_VERSION\DLL\DLLCLIENT\RELEASE\VC100.PDB
E:\WORK\TRANET_VERSION\DLL\DLLCLIENT\RELEASE\VISUALFIX.OBJ
E:\WORK\TRANET_VERSION\DLL\DLLCLIENT\RELEASE\VISUALFIX.SBR
E:\WORK\TRANET_VERSION\DLL\DLLCLIENT\RELEASE\WAREHOUSEMENU.OBJ
E:\WORK\TRANET_VERSION\DLL\DLLCLIENT\RELEASE\WAREHOUSEMENU.SBR
E:\WORK\TRANET_VERSION\DLL\DLLCLIENT\RELEASE\WINGEFFECT.OBJ
E:\WORK\TRANET_VERSION\DLL\DLLCLIENT\RELEASE\WINGEFFECT.SBR
E:\WORK\TRANET_VERSION\DLL\DLLCLIENT\RELEASE\ZTFUNCTION.OBJ
E:\WORK\TRANET_VERSION\DLL\DLLCLIENT\RELEASE\ZTFUNCTION.SBR
E:\WORK\TRANET_VERSION\DLL\DLLCLIENT\RELEASE\ZTLICENSE.OBJ
E:\WORK\TRANET_VERSION\DLL\DLLCLIENT\RELEASE\ZTLICENSE.SBR
E:\WORK\TRANET_VERSION\DLL\DLLCLIENT\RELEASE\ZTMENU.OBJ
E:\WORK\TRANET_VERSION\DLL\DLLCLIENT\RELEASE\ZTMENU.SBR
E:\WORK\TRANET_VERSION\DLL\DLLCLIENT\RELEASE\ZTMENUV3.OBJ
E:\WORK\TRANET_VERSION\DLL\DLLCLIENT\RELEASE\ZTMENUV3.SBR
E:\WORK\TRANET_VERSION\DLL\DLLCLIENT\RELEASE\ZTTELEPORT.OBJ
E:\WORK\TRANET_VERSION\DLL\DLLCLIENT\RELEASE\ZTTELEPORT.SBR
E:\WORK\TRANET_VERSION\DLL\DLLCLIENT\RELEASE\ZTTELEPORTEVO.OBJ
E:\WORK\TRANET_VERSION\DLL\DLLCLIENT\RELEASE\ZTTELEPORTEVO.SBR
E:\WORK\TRANET_VERSION\DLL\DLLCLIENT\RELEASE\ZTTEXT.OBJ
E:\WORK\TRANET_VERSION\DLL\DLLCLIENT\RELEASE\ZTTEXT.SBR
E:\WORK\TRANET_VERSION\DLL\DLLCLIENT\RELEASE\ZTUTILS.OBJ
E:\WORK\TRANET_VERSION\DLL\DLLCLIENT\RELEASE\ZTUTILS.SBR
E:\WORK\TRANET_VERSION\DLL\DLLCLIENT\RELEASE\ZTWINQUESTSYSTEM.OBJ
E:\WORK\TRANET_VERSION\DLL\DLLCLIENT\RELEASE\ZTWINQUESTSYSTEM.SBR
E:\WORK\TRANET_VERSION\RUN\CLIENT\EXMAIN.BSC
E:\WORK\TRANET_VERSION\RUN\CLIENT\EXMAIN.DLL
E:\work\tranet_version\run\Client\ExMain.exp
E:\work\tranet_version\run\Client\ExMain.lib
E:\WORK\TRANET_VERSION\RUN\CLIENT\EXMAIN.PDB
