D:\EXTEAM\SEASON6EPISODE3\SOURCE\MAINCONFIG\MAINCONFIG\RELEASE\OPTION.OBJ
D:\EXTEAM\SEASON6EPISODE3\SOURCE\MAINCONFIG\MAINCONFIG\RELEASE\MAINCONFIG.OBJ
D:\EXTEAM\SEASON6EPISODE3\SOURCE\MAINCONFIG\MAINCONFIG\RELEASE\VC100.PDB
D:\EXTEAM\SEASON6EPISODE3\SOURCE\MAINCONFIG\MAINCONFIG\RELEASE\MAINCONFIG.RES
D:\ExTeam\Season6Episode3\Source\MainConfig\MainConfig\Release\MainConfig.obj
D:\ExTeam\Season6Episode3\Source\MainConfig\MainConfig\Release\Option.obj
D:\ExTeam\Season6Episode3\Source\MainConfig\MainConfig\Release\cl.command.1.tlog
D:\ExTeam\Season6Episode3\Source\MainConfig\MainConfig\Release\CL.read.1.tlog
D:\ExTeam\Season6Episode3\Source\MainConfig\MainConfig\Release\CL.write.1.tlog
D:\ExTeam\Season6Episode3\Source\MainConfig\MainConfig\Release\link-cvtres.read.1.tlog
D:\ExTeam\Season6Episode3\Source\MainConfig\MainConfig\Release\link-cvtres.write.1.tlog
D:\ExTeam\Season6Episode3\Source\MainConfig\MainConfig\Release\link.command.1.tlog
D:\ExTeam\Season6Episode3\Source\MainConfig\MainConfig\Release\link.read.1.tlog
D:\ExTeam\Season6Episode3\Source\MainConfig\MainConfig\Release\link.write.1.tlog
D:\ExTeam\Season6Episode3\Source\MainConfig\MainConfig\Release\mt.command.1.tlog
D:\ExTeam\Season6Episode3\Source\MainConfig\MainConfig\Release\mt.read.1.tlog
D:\ExTeam\Season6Episode3\Source\MainConfig\MainConfig\Release\mt.write.1.tlog
D:\ExTeam\Season6Episode3\Source\MainConfig\MainConfig\Release\rc.command.1.tlog
D:\ExTeam\Season6Episode3\Source\MainConfig\MainConfig\Release\rc.read.1.tlog
D:\ExTeam\Season6Episode3\Source\MainConfig\MainConfig\Release\rc.write.1.tlog
D:\ExTeam\Season6Episode3\Source\MainConfig\MainConfig\Release\MainConfig.exe.intermediate.manifest
D:\ExTeam\Season6Episode3\Source\MainConfig\MainConfig\Release\MainConfig.res
D:\ExTeam\Season6Episode3\Source\MainConfig\MainConfig\Release\vc100.pdb
D:\ExTeam\Season6Episode3\Source\MainConfig\Release\MainConfig.pdb
