D:\EXTEAM\EXCONNECTSERVER\RELEASE\CONNECTSERVER.BSC
D:\EXTEAM\EXCONNECTSERVER\CONNECTSERVER\RELEASE\CONNECTSERVER.PCH
D:\EXTEAM\EXCONNECTSERVER\CONNECTSERVER\RELEASE\STDAFX.SBR
D:\EXTEAM\EXCONNECTSERVER\CONNECTSERVER\RELEASE\STDAFX.OBJ
D:\EXTEAM\EXCONNECTSERVER\CONNECTSERVER\RELEASE\VC100.PDB
D:\EXTEAM\EXCONNECTSERVER\CONNECTSERVER\RELEASE\BLACKLIST.SBR
D:\EXTEAM\EXCONNECTSERVER\CONNECTSERVER\RELEASE\CONNECTSERVER.SBR
D:\EXTEAM\EXCONNECTSERVER\CONNECTSERVER\RELEASE\CRITICALSEC.SBR
D:\EXTEAM\EXCONNECTSERVER\CONNECTSERVER\RELEASE\PROTOCOL.SBR
D:\EXTEAM\EXCONNECTSERVER\CONNECTSERVER\RELEASE\SERVERINIT.SBR
D:\EXTEAM\EXCONNECTSERVER\CONNECTSERVER\RELEASE\SERVERLIST.SBR
D:\EXTEAM\EXCONNECTSERVER\CONNECTSERVER\RELEASE\SETTINGS.SBR
D:\EXTEAM\EXCONNECTSERVER\CONNECTSERVER\RELEASE\UDPPROTOCOL.SBR
D:\EXTEAM\EXCONNECTSERVER\CONNECTSERVER\RELEASE\USER.SBR
D:\EXTEAM\EXCONNECTSERVER\CONNECTSERVER\RELEASE\WHITELIST.SBR
D:\EXTEAM\EXCONNECTSERVER\CONNECTSERVER\RELEASE\WINDOW.SBR
D:\EXTEAM\EXCONNECTSERVER\CONNECTSERVER\RELEASE\WZQUEUE.SBR
D:\EXTEAM\EXCONNECTSERVER\CONNECTSERVER\RELEASE\WZUDP.SBR
D:\EXTEAM\EXCONNECTSERVER\CONNECTSERVER\RELEASE\EXWINDOW.SBR
D:\EXTEAM\EXCONNECTSERVER\CONNECTSERVER\RELEASE\GIOCP.SBR
D:\EXTEAM\EXCONNECTSERVER\CONNECTSERVER\RELEASE\WINUTIL.SBR
D:\EXTEAM\EXCONNECTSERVER\CONNECTSERVER\RELEASE\WINUTIL.OBJ
D:\EXTEAM\EXCONNECTSERVER\CONNECTSERVER\RELEASE\GIOCP.OBJ
D:\EXTEAM\EXCONNECTSERVER\CONNECTSERVER\RELEASE\EXWINDOW.OBJ
D:\EXTEAM\EXCONNECTSERVER\CONNECTSERVER\RELEASE\WZUDP.OBJ
D:\EXTEAM\EXCONNECTSERVER\CONNECTSERVER\RELEASE\WZQUEUE.OBJ
D:\EXTEAM\EXCONNECTSERVER\CONNECTSERVER\RELEASE\WINDOW.OBJ
D:\EXTEAM\EXCONNECTSERVER\CONNECTSERVER\RELEASE\WHITELIST.OBJ
D:\EXTEAM\EXCONNECTSERVER\CONNECTSERVER\RELEASE\USER.OBJ
D:\EXTEAM\EXCONNECTSERVER\CONNECTSERVER\RELEASE\UDPPROTOCOL.OBJ
D:\EXTEAM\EXCONNECTSERVER\CONNECTSERVER\RELEASE\SETTINGS.OBJ
D:\EXTEAM\EXCONNECTSERVER\CONNECTSERVER\RELEASE\SERVERLIST.OBJ
D:\EXTEAM\EXCONNECTSERVER\CONNECTSERVER\RELEASE\SERVERINIT.OBJ
D:\EXTEAM\EXCONNECTSERVER\CONNECTSERVER\RELEASE\PROTOCOL.OBJ
D:\EXTEAM\EXCONNECTSERVER\CONNECTSERVER\RELEASE\CRITICALSEC.OBJ
D:\EXTEAM\EXCONNECTSERVER\CONNECTSERVER\RELEASE\CONNECTSERVER.OBJ
D:\EXTEAM\EXCONNECTSERVER\CONNECTSERVER\RELEASE\BLACKLIST.OBJ
D:\EXTEAM\EXCONNECTSERVER\RELEASE\CONNECTSERVER.EXE
D:\EXTEAM\EXCONNECTSERVER\CONNECTSERVER\RELEASE\CONNECTSERVER.EXE.INTERMEDIATE.MANIFEST
D:\EXTEAM\EXCONNECTSERVER\RELEASE\CONNECTSERVER.PDB
D:\EXTEAM\EXCONNECTSERVER\CONNECTSERVER\RELEASE\CONNECTSERVER.RES
D:\ExTeam\eXConnectServer\ConnectServer\Release\BlackList.obj
D:\ExTeam\eXConnectServer\ConnectServer\Release\ConnectServer.obj
D:\ExTeam\eXConnectServer\ConnectServer\Release\CriticalSec.obj
D:\ExTeam\eXConnectServer\ConnectServer\Release\eXWindow.obj
D:\ExTeam\eXConnectServer\ConnectServer\Release\giocp.obj
D:\ExTeam\eXConnectServer\ConnectServer\Release\Protocol.obj
D:\ExTeam\eXConnectServer\ConnectServer\Release\ServerInit.obj
D:\ExTeam\eXConnectServer\ConnectServer\Release\ServerList.obj
D:\ExTeam\eXConnectServer\ConnectServer\Release\Settings.obj
D:\ExTeam\eXConnectServer\ConnectServer\Release\stdafx.obj
D:\ExTeam\eXConnectServer\ConnectServer\Release\UdpProtocol.obj
D:\ExTeam\eXConnectServer\ConnectServer\Release\User.obj
D:\ExTeam\eXConnectServer\ConnectServer\Release\WhiteList.obj
D:\ExTeam\eXConnectServer\ConnectServer\Release\Window.obj
D:\ExTeam\eXConnectServer\ConnectServer\Release\winutil.obj
D:\ExTeam\eXConnectServer\ConnectServer\Release\WzQueue.obj
D:\ExTeam\eXConnectServer\ConnectServer\Release\WzUdp.obj
D:\ExTeam\eXConnectServer\ConnectServer\Release\BscMake.command.1.tlog
D:\ExTeam\eXConnectServer\ConnectServer\Release\bscmake.read.1.tlog
D:\ExTeam\eXConnectServer\ConnectServer\Release\bscmake.write.1.tlog
D:\ExTeam\eXConnectServer\ConnectServer\Release\cl.command.1.tlog
D:\ExTeam\eXConnectServer\ConnectServer\Release\CL.read.1.tlog
D:\ExTeam\eXConnectServer\ConnectServer\Release\CL.write.1.tlog
D:\ExTeam\eXConnectServer\ConnectServer\Release\link-cvtres.read.1.tlog
D:\ExTeam\eXConnectServer\ConnectServer\Release\link-cvtres.write.1.tlog
D:\ExTeam\eXConnectServer\ConnectServer\Release\link.command.1.tlog
D:\ExTeam\eXConnectServer\ConnectServer\Release\link.read.1.tlog
D:\ExTeam\eXConnectServer\ConnectServer\Release\link.write.1.tlog
D:\ExTeam\eXConnectServer\ConnectServer\Release\mt.command.1.tlog
D:\ExTeam\eXConnectServer\ConnectServer\Release\mt.read.1.tlog
D:\ExTeam\eXConnectServer\ConnectServer\Release\mt.write.1.tlog
D:\ExTeam\eXConnectServer\ConnectServer\Release\rc.command.1.tlog
D:\ExTeam\eXConnectServer\ConnectServer\Release\rc.read.1.tlog
D:\ExTeam\eXConnectServer\ConnectServer\Release\rc.write.1.tlog
D:\ExTeam\eXConnectServer\ConnectServer\Release\ConnectServer.exe.intermediate.manifest
D:\ExTeam\eXConnectServer\ConnectServer\Release\ConnectServer.res
D:\ExTeam\eXConnectServer\ConnectServer\Release\ConnectServer.pch
D:\ExTeam\eXConnectServer\ConnectServer\Release\vc100.pdb
D:\ExTeam\eXConnectServer\ConnectServer\Release\BlackList.sbr
D:\ExTeam\eXConnectServer\ConnectServer\Release\ConnectServer.sbr
D:\ExTeam\eXConnectServer\ConnectServer\Release\CriticalSec.sbr
D:\ExTeam\eXConnectServer\ConnectServer\Release\eXWindow.sbr
D:\ExTeam\eXConnectServer\ConnectServer\Release\giocp.sbr
D:\ExTeam\eXConnectServer\ConnectServer\Release\Protocol.sbr
D:\ExTeam\eXConnectServer\ConnectServer\Release\ServerInit.sbr
D:\ExTeam\eXConnectServer\ConnectServer\Release\ServerList.sbr
D:\ExTeam\eXConnectServer\ConnectServer\Release\Settings.sbr
D:\ExTeam\eXConnectServer\ConnectServer\Release\stdafx.sbr
D:\ExTeam\eXConnectServer\ConnectServer\Release\UdpProtocol.sbr
D:\ExTeam\eXConnectServer\ConnectServer\Release\User.sbr
D:\ExTeam\eXConnectServer\ConnectServer\Release\WhiteList.sbr
D:\ExTeam\eXConnectServer\ConnectServer\Release\Window.sbr
D:\ExTeam\eXConnectServer\ConnectServer\Release\winutil.sbr
D:\ExTeam\eXConnectServer\ConnectServer\Release\WzQueue.sbr
D:\ExTeam\eXConnectServer\ConnectServer\Release\WzUdp.sbr
D:\ExTeam\eXConnectServer\Release\ConnectServer.pdb
D:\ExTeam\eXConnectServer\Release\ConnectServer.exe
D:\ExTeam\eXConnectServer\Release\ConnectServer.bsc
