D:\EXTEAM\SEASON10EPISODE3\SOURCE\ZCONNECTSERVER\RELEASE\ZCONNECTSERVER.BSC
D:\EXTEAM\SEASON10EPISODE3\SOURCE\ZCONNECTSERVER\ZCONNECTSERVER\RELEASE\ZCONNECTSERVER.PCH
D:\EXTEAM\SEASON10EPISODE3\SOURCE\ZCONNECTSERVER\ZCONNECTSERVER\RELEASE\STDAFX.SBR
D:\EXTEAM\SEASON10EPISODE3\SOURCE\ZCONNECTSERVER\ZCONNECTSERVER\RELEASE\STDAFX.OBJ
D:\EXTEAM\SEASON10EPISODE3\SOURCE\ZCONNECTSERVER\ZCONNECTSERVER\RELEASE\VC100.PDB
D:\EXTEAM\SEASON10EPISODE3\SOURCE\ZCONNECTSERVER\ZCONNECTSERVER\RELEASE\BLACKLIST.SBR
D:\EXTEAM\SEASON10EPISODE3\SOURCE\ZCONNECTSERVER\ZCONNECTSERVER\RELEASE\CRITICALSEC.SBR
D:\EXTEAM\SEASON10EPISODE3\SOURCE\ZCONNECTSERVER\ZCONNECTSERVER\RELEASE\EXWINDOW.SBR
D:\EXTEAM\SEASON10EPISODE3\SOURCE\ZCONNECTSERVER\ZCONNECTSERVER\RELEASE\GIOCP.SBR
D:\EXTEAM\SEASON10EPISODE3\SOURCE\ZCONNECTSERVER\ZCONNECTSERVER\RELEASE\PROTOCOL.SBR
D:\EXTEAM\SEASON10EPISODE3\SOURCE\ZCONNECTSERVER\ZCONNECTSERVER\RELEASE\SERVERINIT.SBR
D:\EXTEAM\SEASON10EPISODE3\SOURCE\ZCONNECTSERVER\ZCONNECTSERVER\RELEASE\SERVERLIST.SBR
D:\EXTEAM\SEASON10EPISODE3\SOURCE\ZCONNECTSERVER\ZCONNECTSERVER\RELEASE\SETTINGS.SBR
D:\EXTEAM\SEASON10EPISODE3\SOURCE\ZCONNECTSERVER\ZCONNECTSERVER\RELEASE\UDPPROTOCOL.SBR
D:\EXTEAM\SEASON10EPISODE3\SOURCE\ZCONNECTSERVER\ZCONNECTSERVER\RELEASE\USER.SBR
D:\EXTEAM\SEASON10EPISODE3\SOURCE\ZCONNECTSERVER\ZCONNECTSERVER\RELEASE\WHITELIST.SBR
D:\EXTEAM\SEASON10EPISODE3\SOURCE\ZCONNECTSERVER\ZCONNECTSERVER\RELEASE\WINDOW.SBR
D:\EXTEAM\SEASON10EPISODE3\SOURCE\ZCONNECTSERVER\ZCONNECTSERVER\RELEASE\WINUTIL.SBR
D:\EXTEAM\SEASON10EPISODE3\SOURCE\ZCONNECTSERVER\ZCONNECTSERVER\RELEASE\WZQUEUE.SBR
D:\EXTEAM\SEASON10EPISODE3\SOURCE\ZCONNECTSERVER\ZCONNECTSERVER\RELEASE\WZUDP.SBR
D:\EXTEAM\SEASON10EPISODE3\SOURCE\ZCONNECTSERVER\ZCONNECTSERVER\RELEASE\ZCONNECTSERVER.SBR
D:\EXTEAM\SEASON10EPISODE3\SOURCE\ZCONNECTSERVER\ZCONNECTSERVER\RELEASE\ZCONNECTSERVER.OBJ
D:\EXTEAM\SEASON10EPISODE3\SOURCE\ZCONNECTSERVER\ZCONNECTSERVER\RELEASE\WZUDP.OBJ
D:\EXTEAM\SEASON10EPISODE3\SOURCE\ZCONNECTSERVER\ZCONNECTSERVER\RELEASE\WZQUEUE.OBJ
D:\EXTEAM\SEASON10EPISODE3\SOURCE\ZCONNECTSERVER\ZCONNECTSERVER\RELEASE\WINUTIL.OBJ
D:\EXTEAM\SEASON10EPISODE3\SOURCE\ZCONNECTSERVER\ZCONNECTSERVER\RELEASE\WINDOW.OBJ
D:\EXTEAM\SEASON10EPISODE3\SOURCE\ZCONNECTSERVER\ZCONNECTSERVER\RELEASE\WHITELIST.OBJ
D:\EXTEAM\SEASON10EPISODE3\SOURCE\ZCONNECTSERVER\ZCONNECTSERVER\RELEASE\USER.OBJ
D:\EXTEAM\SEASON10EPISODE3\SOURCE\ZCONNECTSERVER\ZCONNECTSERVER\RELEASE\UDPPROTOCOL.OBJ
D:\EXTEAM\SEASON10EPISODE3\SOURCE\ZCONNECTSERVER\ZCONNECTSERVER\RELEASE\SETTINGS.OBJ
D:\EXTEAM\SEASON10EPISODE3\SOURCE\ZCONNECTSERVER\ZCONNECTSERVER\RELEASE\SERVERLIST.OBJ
D:\EXTEAM\SEASON10EPISODE3\SOURCE\ZCONNECTSERVER\ZCONNECTSERVER\RELEASE\SERVERINIT.OBJ
D:\EXTEAM\SEASON10EPISODE3\SOURCE\ZCONNECTSERVER\ZCONNECTSERVER\RELEASE\PROTOCOL.OBJ
D:\EXTEAM\SEASON10EPISODE3\SOURCE\ZCONNECTSERVER\ZCONNECTSERVER\RELEASE\GIOCP.OBJ
D:\EXTEAM\SEASON10EPISODE3\SOURCE\ZCONNECTSERVER\ZCONNECTSERVER\RELEASE\EXWINDOW.OBJ
D:\EXTEAM\SEASON10EPISODE3\SOURCE\ZCONNECTSERVER\ZCONNECTSERVER\RELEASE\CRITICALSEC.OBJ
D:\EXTEAM\SEASON10EPISODE3\SOURCE\ZCONNECTSERVER\ZCONNECTSERVER\RELEASE\BLACKLIST.OBJ
D:\EXTEAM\SEASON10EPISODE3\SOURCE\ZCONNECTSERVER\RELEASE\ZCONNECTSERVER.EXE
D:\EXTEAM\SEASON10EPISODE3\SOURCE\ZCONNECTSERVER\ZCONNECTSERVER\RELEASE\ZCONNECTSERVER.EXE.INTERMEDIATE.MANIFEST
D:\EXTEAM\SEASON10EPISODE3\SOURCE\ZCONNECTSERVER\RELEASE\ZCONNECTSERVER.PDB
D:\EXTEAM\SEASON10EPISODE3\SOURCE\ZCONNECTSERVER\ZCONNECTSERVER\RELEASE\ZCONNECTSERVER.RES
D:\ExTeam\Season10Episode3\Source\zConnectServer\zConnectServer\Release\BlackList.obj
D:\ExTeam\Season10Episode3\Source\zConnectServer\zConnectServer\Release\CriticalSec.obj
D:\ExTeam\Season10Episode3\Source\zConnectServer\zConnectServer\Release\eXWindow.obj
D:\ExTeam\Season10Episode3\Source\zConnectServer\zConnectServer\Release\giocp.obj
D:\ExTeam\Season10Episode3\Source\zConnectServer\zConnectServer\Release\Protocol.obj
D:\ExTeam\Season10Episode3\Source\zConnectServer\zConnectServer\Release\ServerInit.obj
D:\ExTeam\Season10Episode3\Source\zConnectServer\zConnectServer\Release\ServerList.obj
D:\ExTeam\Season10Episode3\Source\zConnectServer\zConnectServer\Release\Settings.obj
D:\ExTeam\Season10Episode3\Source\zConnectServer\zConnectServer\Release\stdafx.obj
D:\ExTeam\Season10Episode3\Source\zConnectServer\zConnectServer\Release\UdpProtocol.obj
D:\ExTeam\Season10Episode3\Source\zConnectServer\zConnectServer\Release\User.obj
D:\ExTeam\Season10Episode3\Source\zConnectServer\zConnectServer\Release\WhiteList.obj
D:\ExTeam\Season10Episode3\Source\zConnectServer\zConnectServer\Release\Window.obj
D:\ExTeam\Season10Episode3\Source\zConnectServer\zConnectServer\Release\winutil.obj
D:\ExTeam\Season10Episode3\Source\zConnectServer\zConnectServer\Release\WzQueue.obj
D:\ExTeam\Season10Episode3\Source\zConnectServer\zConnectServer\Release\WzUdp.obj
D:\ExTeam\Season10Episode3\Source\zConnectServer\zConnectServer\Release\zConnectServer.obj
D:\ExTeam\Season10Episode3\Source\zConnectServer\zConnectServer\Release\BscMake.command.1.tlog
D:\ExTeam\Season10Episode3\Source\zConnectServer\zConnectServer\Release\bscmake.read.1.tlog
D:\ExTeam\Season10Episode3\Source\zConnectServer\zConnectServer\Release\bscmake.write.1.tlog
D:\ExTeam\Season10Episode3\Source\zConnectServer\zConnectServer\Release\cl.command.1.tlog
D:\ExTeam\Season10Episode3\Source\zConnectServer\zConnectServer\Release\CL.read.1.tlog
D:\ExTeam\Season10Episode3\Source\zConnectServer\zConnectServer\Release\CL.write.1.tlog
D:\ExTeam\Season10Episode3\Source\zConnectServer\zConnectServer\Release\link-cvtres.read.1.tlog
D:\ExTeam\Season10Episode3\Source\zConnectServer\zConnectServer\Release\link-cvtres.write.1.tlog
D:\ExTeam\Season10Episode3\Source\zConnectServer\zConnectServer\Release\link.command.1.tlog
D:\ExTeam\Season10Episode3\Source\zConnectServer\zConnectServer\Release\link.read.1.tlog
D:\ExTeam\Season10Episode3\Source\zConnectServer\zConnectServer\Release\link.write.1.tlog
D:\ExTeam\Season10Episode3\Source\zConnectServer\zConnectServer\Release\mt.command.1.tlog
D:\ExTeam\Season10Episode3\Source\zConnectServer\zConnectServer\Release\mt.read.1.tlog
D:\ExTeam\Season10Episode3\Source\zConnectServer\zConnectServer\Release\mt.write.1.tlog
D:\ExTeam\Season10Episode3\Source\zConnectServer\zConnectServer\Release\rc.command.1.tlog
D:\ExTeam\Season10Episode3\Source\zConnectServer\zConnectServer\Release\rc.read.1.tlog
D:\ExTeam\Season10Episode3\Source\zConnectServer\zConnectServer\Release\rc.write.1.tlog
D:\ExTeam\Season10Episode3\Source\zConnectServer\zConnectServer\Release\zConnectServer.exe.intermediate.manifest
D:\ExTeam\Season10Episode3\Source\zConnectServer\zConnectServer\Release\zConnectServer.res
D:\ExTeam\Season10Episode3\Source\zConnectServer\zConnectServer\Release\zConnectServer.pch
D:\ExTeam\Season10Episode3\Source\zConnectServer\zConnectServer\Release\vc100.pdb
D:\ExTeam\Season10Episode3\Source\zConnectServer\zConnectServer\Release\BlackList.sbr
D:\ExTeam\Season10Episode3\Source\zConnectServer\zConnectServer\Release\CriticalSec.sbr
D:\ExTeam\Season10Episode3\Source\zConnectServer\zConnectServer\Release\eXWindow.sbr
D:\ExTeam\Season10Episode3\Source\zConnectServer\zConnectServer\Release\giocp.sbr
D:\ExTeam\Season10Episode3\Source\zConnectServer\zConnectServer\Release\Protocol.sbr
D:\ExTeam\Season10Episode3\Source\zConnectServer\zConnectServer\Release\ServerInit.sbr
D:\ExTeam\Season10Episode3\Source\zConnectServer\zConnectServer\Release\ServerList.sbr
D:\ExTeam\Season10Episode3\Source\zConnectServer\zConnectServer\Release\Settings.sbr
D:\ExTeam\Season10Episode3\Source\zConnectServer\zConnectServer\Release\stdafx.sbr
D:\ExTeam\Season10Episode3\Source\zConnectServer\zConnectServer\Release\UdpProtocol.sbr
D:\ExTeam\Season10Episode3\Source\zConnectServer\zConnectServer\Release\User.sbr
D:\ExTeam\Season10Episode3\Source\zConnectServer\zConnectServer\Release\WhiteList.sbr
D:\ExTeam\Season10Episode3\Source\zConnectServer\zConnectServer\Release\Window.sbr
D:\ExTeam\Season10Episode3\Source\zConnectServer\zConnectServer\Release\winutil.sbr
D:\ExTeam\Season10Episode3\Source\zConnectServer\zConnectServer\Release\WzQueue.sbr
D:\ExTeam\Season10Episode3\Source\zConnectServer\zConnectServer\Release\WzUdp.sbr
D:\ExTeam\Season10Episode3\Source\zConnectServer\zConnectServer\Release\zConnectServer.sbr
D:\ExTeam\Season10Episode3\Source\zConnectServer\Release\zConnectServer.pdb
D:\ExTeam\Season10Episode3\Source\zConnectServer\Release\zConnectServer.exe
D:\ExTeam\Season10Episode3\Source\zConnectServer\Release\zConnectServer.bsc
