.\GameServer___Win32_JPN\GameServer.bsc
.\GameServer___Win32_JPN\GameServer.pdb
E:\work\qiji\exsource\GS11\GameServer\.\GameServer___Win32_JPN\GameServer.exe.intermediate.manifest
E:\WORK\QIJI\EXSOURCE\GS11\GAMESERVER\GAMESERVER___WIN32_JPN\ACCEPTIP.COD
E:\WORK\QIJI\EXSOURCE\GS11\GAMESERVER\GAMESERVER___WIN32_JPN\ACCEPTIP.OBJ
E:\WORK\QIJI\EXSOURCE\GS11\GAMESERVER\GAMESERVER___WIN32_JPN\ACCEPTIP.SBR
E:\WORK\QIJI\EXSOURCE\GS11\GAMESERVER\GAMESERVER___WIN32_JPN\ACCOUNTSECURITY.COD
E:\WORK\QIJI\EXSOURCE\GS11\GAMESERVER\GAMESERVER___WIN32_JPN\ACCOUNTSECURITY.OBJ
E:\WORK\QIJI\EXSOURCE\GS11\GAMESERVER\GAMESERVER___WIN32_JPN\ACCOUNTSECURITY.SBR
E:\WORK\QIJI\EXSOURCE\GS11\GAMESERVER\GAMESERVER___WIN32_JPN\ACHIEVEMENTS.COD
E:\WORK\QIJI\EXSOURCE\GS11\GAMESERVER\GAMESERVER___WIN32_JPN\ACHIEVEMENTS.OBJ
E:\WORK\QIJI\EXSOURCE\GS11\GAMESERVER\GAMESERVER___WIN32_JPN\ACHIEVEMENTS.SBR
E:\WORK\QIJI\EXSOURCE\GS11\GAMESERVER\GAMESERVER___WIN32_JPN\ALERTSYSTEM.COD
E:\WORK\QIJI\EXSOURCE\GS11\GAMESERVER\GAMESERVER___WIN32_JPN\ALERTSYSTEM.OBJ
E:\WORK\QIJI\EXSOURCE\GS11\GAMESERVER\GAMESERVER___WIN32_JPN\ALERTSYSTEM.SBR
E:\WORK\QIJI\EXSOURCE\GS11\GAMESERVER\GAMESERVER___WIN32_JPN\ANTICHEATPLUS.COD
E:\WORK\QIJI\EXSOURCE\GS11\GAMESERVER\GAMESERVER___WIN32_JPN\ANTICHEATPLUS.OBJ
E:\WORK\QIJI\EXSOURCE\GS11\GAMESERVER\GAMESERVER___WIN32_JPN\ANTICHEATPLUS.SBR
E:\WORK\QIJI\EXSOURCE\GS11\GAMESERVER\GAMESERVER___WIN32_JPN\ANTIHACK.COD
E:\WORK\QIJI\EXSOURCE\GS11\GAMESERVER\GAMESERVER___WIN32_JPN\ANTIHACK.OBJ
E:\WORK\QIJI\EXSOURCE\GS11\GAMESERVER\GAMESERVER___WIN32_JPN\ANTIHACK.SBR
E:\WORK\QIJI\EXSOURCE\GS11\GAMESERVER\GAMESERVER___WIN32_JPN\ATTACKEVENT.COD
E:\WORK\QIJI\EXSOURCE\GS11\GAMESERVER\GAMESERVER___WIN32_JPN\ATTACKEVENT.OBJ
E:\WORK\QIJI\EXSOURCE\GS11\GAMESERVER\GAMESERVER___WIN32_JPN\ATTACKEVENT.SBR
E:\WORK\QIJI\EXSOURCE\GS11\GAMESERVER\GAMESERVER___WIN32_JPN\AUTOPARTY.COD
E:\WORK\QIJI\EXSOURCE\GS11\GAMESERVER\GAMESERVER___WIN32_JPN\AUTOPARTY.OBJ
E:\WORK\QIJI\EXSOURCE\GS11\GAMESERVER\GAMESERVER___WIN32_JPN\AUTOPARTY.SBR
E:\WORK\QIJI\EXSOURCE\GS11\GAMESERVER\GAMESERVER___WIN32_JPN\BALANCESYSTEM.COD
E:\WORK\QIJI\EXSOURCE\GS11\GAMESERVER\GAMESERVER___WIN32_JPN\BALANCESYSTEM.OBJ
E:\WORK\QIJI\EXSOURCE\GS11\GAMESERVER\GAMESERVER___WIN32_JPN\BALANCESYSTEM.SBR
E:\WORK\QIJI\EXSOURCE\GS11\GAMESERVER\GAMESERVER___WIN32_JPN\BANSYSTEM.COD
E:\WORK\QIJI\EXSOURCE\GS11\GAMESERVER\GAMESERVER___WIN32_JPN\BANSYSTEM.OBJ
E:\WORK\QIJI\EXSOURCE\GS11\GAMESERVER\GAMESERVER___WIN32_JPN\BANSYSTEM.SBR
E:\WORK\QIJI\EXSOURCE\GS11\GAMESERVER\GAMESERVER___WIN32_JPN\BATTLEGROUND.COD
E:\WORK\QIJI\EXSOURCE\GS11\GAMESERVER\GAMESERVER___WIN32_JPN\BATTLEGROUND.OBJ
E:\WORK\QIJI\EXSOURCE\GS11\GAMESERVER\GAMESERVER___WIN32_JPN\BATTLEGROUND.SBR
E:\WORK\QIJI\EXSOURCE\GS11\GAMESERVER\GAMESERVER___WIN32_JPN\BATTLESOCCER.COD
E:\WORK\QIJI\EXSOURCE\GS11\GAMESERVER\GAMESERVER___WIN32_JPN\BATTLESOCCER.OBJ
E:\WORK\QIJI\EXSOURCE\GS11\GAMESERVER\GAMESERVER___WIN32_JPN\BATTLESOCCER.SBR
E:\WORK\QIJI\EXSOURCE\GS11\GAMESERVER\GAMESERVER___WIN32_JPN\BATTLESOCCERMANAGER.COD
E:\WORK\QIJI\EXSOURCE\GS11\GAMESERVER\GAMESERVER___WIN32_JPN\BATTLESOCCERMANAGER.OBJ
E:\WORK\QIJI\EXSOURCE\GS11\GAMESERVER\GAMESERVER___WIN32_JPN\BATTLESOCCERMANAGER.SBR
E:\WORK\QIJI\EXSOURCE\GS11\GAMESERVER\GAMESERVER___WIN32_JPN\BLOCKMOVEITEM.COD
E:\WORK\QIJI\EXSOURCE\GS11\GAMESERVER\GAMESERVER___WIN32_JPN\BLOCKMOVEITEM.OBJ
E:\WORK\QIJI\EXSOURCE\GS11\GAMESERVER\GAMESERVER___WIN32_JPN\BLOCKMOVEITEM.SBR
E:\WORK\QIJI\EXSOURCE\GS11\GAMESERVER\GAMESERVER___WIN32_JPN\BLOODCASTLE.COD
E:\WORK\QIJI\EXSOURCE\GS11\GAMESERVER\GAMESERVER___WIN32_JPN\BLOODCASTLE.OBJ
E:\WORK\QIJI\EXSOURCE\GS11\GAMESERVER\GAMESERVER___WIN32_JPN\BLOODCASTLE.SBR
E:\WORK\QIJI\EXSOURCE\GS11\GAMESERVER\GAMESERVER___WIN32_JPN\BLOODCASTLEREWARDITEM.COD
E:\WORK\QIJI\EXSOURCE\GS11\GAMESERVER\GAMESERVER___WIN32_JPN\BLOODCASTLEREWARDITEM.OBJ
E:\WORK\QIJI\EXSOURCE\GS11\GAMESERVER\GAMESERVER___WIN32_JPN\BLOODCASTLEREWARDITEM.SBR
E:\WORK\QIJI\EXSOURCE\GS11\GAMESERVER\GAMESERVER___WIN32_JPN\BLOODHOUND.COD
E:\WORK\QIJI\EXSOURCE\GS11\GAMESERVER\GAMESERVER___WIN32_JPN\BLOODHOUND.OBJ
E:\WORK\QIJI\EXSOURCE\GS11\GAMESERVER\GAMESERVER___WIN32_JPN\BLOODHOUND.SBR
E:\WORK\QIJI\EXSOURCE\GS11\GAMESERVER\GAMESERVER___WIN32_JPN\BMQUEST.COD
E:\WORK\QIJI\EXSOURCE\GS11\GAMESERVER\GAMESERVER___WIN32_JPN\BMQUEST.OBJ
E:\WORK\QIJI\EXSOURCE\GS11\GAMESERVER\GAMESERVER___WIN32_JPN\BMQUEST.SBR
E:\WORK\QIJI\EXSOURCE\GS11\GAMESERVER\GAMESERVER___WIN32_JPN\BOSSREWARDITEM.COD
E:\WORK\QIJI\EXSOURCE\GS11\GAMESERVER\GAMESERVER___WIN32_JPN\BOSSREWARDITEM.OBJ
E:\WORK\QIJI\EXSOURCE\GS11\GAMESERVER\GAMESERVER___WIN32_JPN\BOSSREWARDITEM.SBR
E:\WORK\QIJI\EXSOURCE\GS11\GAMESERVER\GAMESERVER___WIN32_JPN\BROTHERHOOD.COD
E:\WORK\QIJI\EXSOURCE\GS11\GAMESERVER\GAMESERVER___WIN32_JPN\BROTHERHOOD.OBJ
E:\WORK\QIJI\EXSOURCE\GS11\GAMESERVER\GAMESERVER___WIN32_JPN\BROTHERHOOD.SBR
E:\work\qiji\exsource\GS11\GameServer\GameServer___Win32_JPN\BscMake.command.1.tlog
E:\work\qiji\exsource\GS11\GameServer\GameServer___Win32_JPN\bscmake.read.1.tlog
E:\work\qiji\exsource\GS11\GameServer\GameServer___Win32_JPN\bscmake.write.1.tlog
E:\WORK\QIJI\EXSOURCE\GS11\GAMESERVER\GAMESERVER___WIN32_JPN\BUFFEFFECT.COD
E:\WORK\QIJI\EXSOURCE\GS11\GAMESERVER\GAMESERVER___WIN32_JPN\BUFFEFFECT.OBJ
E:\WORK\QIJI\EXSOURCE\GS11\GAMESERVER\GAMESERVER___WIN32_JPN\BUFFEFFECT.SBR
E:\WORK\QIJI\EXSOURCE\GS11\GAMESERVER\GAMESERVER___WIN32_JPN\BUFFERSYSTEM.COD
E:\WORK\QIJI\EXSOURCE\GS11\GAMESERVER\GAMESERVER___WIN32_JPN\BUFFERSYSTEM.OBJ
E:\WORK\QIJI\EXSOURCE\GS11\GAMESERVER\GAMESERVER___WIN32_JPN\BUFFERSYSTEM.SBR
E:\WORK\QIJI\EXSOURCE\GS11\GAMESERVER\GAMESERVER___WIN32_JPN\BUFFMANAGER.COD
E:\WORK\QIJI\EXSOURCE\GS11\GAMESERVER\GAMESERVER___WIN32_JPN\BUFFMANAGER.OBJ
E:\WORK\QIJI\EXSOURCE\GS11\GAMESERVER\GAMESERVER___WIN32_JPN\BUFFMANAGER.SBR
E:\WORK\QIJI\EXSOURCE\GS11\GAMESERVER\GAMESERVER___WIN32_JPN\CALCULATORMANAGER.COD
E:\WORK\QIJI\EXSOURCE\GS11\GAMESERVER\GAMESERVER___WIN32_JPN\CALCULATORMANAGER.OBJ
E:\WORK\QIJI\EXSOURCE\GS11\GAMESERVER\GAMESERVER___WIN32_JPN\CALCULATORMANAGER.SBR
E:\WORK\QIJI\EXSOURCE\GS11\GAMESERVER\GAMESERVER___WIN32_JPN\CALLSTACKTRACE.COD
E:\WORK\QIJI\EXSOURCE\GS11\GAMESERVER\GAMESERVER___WIN32_JPN\CALLSTACKTRACE.OBJ
E:\WORK\QIJI\EXSOURCE\GS11\GAMESERVER\GAMESERVER___WIN32_JPN\CALLSTACKTRACE.SBR
E:\WORK\QIJI\EXSOURCE\GS11\GAMESERVER\GAMESERVER___WIN32_JPN\CAMERAMOVE.COD
E:\WORK\QIJI\EXSOURCE\GS11\GAMESERVER\GAMESERVER___WIN32_JPN\CAMERAMOVE.OBJ
E:\WORK\QIJI\EXSOURCE\GS11\GAMESERVER\GAMESERVER___WIN32_JPN\CAMERAMOVE.SBR
E:\WORK\QIJI\EXSOURCE\GS11\GAMESERVER\GAMESERVER___WIN32_JPN\CAMERAPARTY.COD
E:\WORK\QIJI\EXSOURCE\GS11\GAMESERVER\GAMESERVER___WIN32_JPN\CAMERAPARTY.OBJ
E:\WORK\QIJI\EXSOURCE\GS11\GAMESERVER\GAMESERVER___WIN32_JPN\CAMERAPARTY.SBR
E:\WORK\QIJI\EXSOURCE\GS11\GAMESERVER\GAMESERVER___WIN32_JPN\CANNONTOWER.COD
E:\WORK\QIJI\EXSOURCE\GS11\GAMESERVER\GAMESERVER___WIN32_JPN\CANNONTOWER.OBJ
E:\WORK\QIJI\EXSOURCE\GS11\GAMESERVER\GAMESERVER___WIN32_JPN\CANNONTOWER.SBR
E:\WORK\QIJI\EXSOURCE\GS11\GAMESERVER\GAMESERVER___WIN32_JPN\CARNAGEEVENT.COD
E:\WORK\QIJI\EXSOURCE\GS11\GAMESERVER\GAMESERVER___WIN32_JPN\CARNAGEEVENT.OBJ
E:\WORK\QIJI\EXSOURCE\GS11\GAMESERVER\GAMESERVER___WIN32_JPN\CARNAGEEVENT.SBR
E:\WORK\QIJI\EXSOURCE\GS11\GAMESERVER\GAMESERVER___WIN32_JPN\CASHITEMPERIODSYSTEM.COD
E:\WORK\QIJI\EXSOURCE\GS11\GAMESERVER\GAMESERVER___WIN32_JPN\CASHITEMPERIODSYSTEM.OBJ
E:\WORK\QIJI\EXSOURCE\GS11\GAMESERVER\GAMESERVER___WIN32_JPN\CASHITEMPERIODSYSTEM.SBR
E:\WORK\QIJI\EXSOURCE\GS11\GAMESERVER\GAMESERVER___WIN32_JPN\CASHLOTTERYSYSTEM.COD
E:\WORK\QIJI\EXSOURCE\GS11\GAMESERVER\GAMESERVER___WIN32_JPN\CASHLOTTERYSYSTEM.OBJ
E:\WORK\QIJI\EXSOURCE\GS11\GAMESERVER\GAMESERVER___WIN32_JPN\CASHLOTTERYSYSTEM.SBR
E:\WORK\QIJI\EXSOURCE\GS11\GAMESERVER\GAMESERVER___WIN32_JPN\CASHSHOP.COD
E:\WORK\QIJI\EXSOURCE\GS11\GAMESERVER\GAMESERVER___WIN32_JPN\CASHSHOP.OBJ
E:\WORK\QIJI\EXSOURCE\GS11\GAMESERVER\GAMESERVER___WIN32_JPN\CASHSHOP.SBR
E:\WORK\QIJI\EXSOURCE\GS11\GAMESERVER\GAMESERVER___WIN32_JPN\CASTLECROWN.COD
E:\WORK\QIJI\EXSOURCE\GS11\GAMESERVER\GAMESERVER___WIN32_JPN\CASTLECROWN.OBJ
E:\WORK\QIJI\EXSOURCE\GS11\GAMESERVER\GAMESERVER___WIN32_JPN\CASTLECROWN.SBR
E:\WORK\QIJI\EXSOURCE\GS11\GAMESERVER\GAMESERVER___WIN32_JPN\CASTLECROWNSWITCH.COD
E:\WORK\QIJI\EXSOURCE\GS11\GAMESERVER\GAMESERVER___WIN32_JPN\CASTLECROWNSWITCH.OBJ
E:\WORK\QIJI\EXSOURCE\GS11\GAMESERVER\GAMESERVER___WIN32_JPN\CASTLECROWNSWITCH.SBR
E:\WORK\QIJI\EXSOURCE\GS11\GAMESERVER\GAMESERVER___WIN32_JPN\CASTLEDEEPEVENT.COD
E:\WORK\QIJI\EXSOURCE\GS11\GAMESERVER\GAMESERVER___WIN32_JPN\CASTLEDEEPEVENT.OBJ
E:\WORK\QIJI\EXSOURCE\GS11\GAMESERVER\GAMESERVER___WIN32_JPN\CASTLEDEEPEVENT.SBR
E:\WORK\QIJI\EXSOURCE\GS11\GAMESERVER\GAMESERVER___WIN32_JPN\CASTLESIEGE.COD
E:\WORK\QIJI\EXSOURCE\GS11\GAMESERVER\GAMESERVER___WIN32_JPN\CASTLESIEGE.OBJ
E:\WORK\QIJI\EXSOURCE\GS11\GAMESERVER\GAMESERVER___WIN32_JPN\CASTLESIEGE.SBR
E:\WORK\QIJI\EXSOURCE\GS11\GAMESERVER\GAMESERVER___WIN32_JPN\CASTLESIEGESYNC.COD
E:\WORK\QIJI\EXSOURCE\GS11\GAMESERVER\GAMESERVER___WIN32_JPN\CASTLESIEGESYNC.OBJ
E:\WORK\QIJI\EXSOURCE\GS11\GAMESERVER\GAMESERVER___WIN32_JPN\CASTLESIEGESYNC.SBR
E:\WORK\QIJI\EXSOURCE\GS11\GAMESERVER\GAMESERVER___WIN32_JPN\CCASTLEEVENTITEMLIST.COD
E:\WORK\QIJI\EXSOURCE\GS11\GAMESERVER\GAMESERVER___WIN32_JPN\CCASTLEEVENTITEMLIST.OBJ
E:\WORK\QIJI\EXSOURCE\GS11\GAMESERVER\GAMESERVER___WIN32_JPN\CCASTLEEVENTITEMLIST.SBR
E:\WORK\QIJI\EXSOURCE\GS11\GAMESERVER\GAMESERVER___WIN32_JPN\CHAOSCARD.COD
E:\WORK\QIJI\EXSOURCE\GS11\GAMESERVER\GAMESERVER___WIN32_JPN\CHAOSCARD.OBJ
E:\WORK\QIJI\EXSOURCE\GS11\GAMESERVER\GAMESERVER___WIN32_JPN\CHAOSCARD.SBR
E:\WORK\QIJI\EXSOURCE\GS11\GAMESERVER\GAMESERVER___WIN32_JPN\CHAOSCASTLE.COD
E:\WORK\QIJI\EXSOURCE\GS11\GAMESERVER\GAMESERVER___WIN32_JPN\CHAOSCASTLE.OBJ
E:\WORK\QIJI\EXSOURCE\GS11\GAMESERVER\GAMESERVER___WIN32_JPN\CHAOSCASTLE.SBR
E:\WORK\QIJI\EXSOURCE\GS11\GAMESERVER\GAMESERVER___WIN32_JPN\CHAOSCASTLEREWARDITEM.COD
E:\WORK\QIJI\EXSOURCE\GS11\GAMESERVER\GAMESERVER___WIN32_JPN\CHAOSCASTLEREWARDITEM.OBJ
E:\WORK\QIJI\EXSOURCE\GS11\GAMESERVER\GAMESERVER___WIN32_JPN\CHAOSCASTLEREWARDITEM.SBR
E:\WORK\QIJI\EXSOURCE\GS11\GAMESERVER\GAMESERVER___WIN32_JPN\CHAOSCASTLESETITEMDROP.COD
E:\WORK\QIJI\EXSOURCE\GS11\GAMESERVER\GAMESERVER___WIN32_JPN\CHAOSCASTLESETITEMDROP.OBJ
E:\WORK\QIJI\EXSOURCE\GS11\GAMESERVER\GAMESERVER___WIN32_JPN\CHAOSCASTLESETITEMDROP.SBR
E:\WORK\QIJI\EXSOURCE\GS11\GAMESERVER\GAMESERVER___WIN32_JPN\CHAOSMIXMANAGER.COD
E:\WORK\QIJI\EXSOURCE\GS11\GAMESERVER\GAMESERVER___WIN32_JPN\CHAOSMIXMANAGER.OBJ
E:\WORK\QIJI\EXSOURCE\GS11\GAMESERVER\GAMESERVER___WIN32_JPN\CHAOSMIXMANAGER.SBR
E:\WORK\QIJI\EXSOURCE\GS11\GAMESERVER\GAMESERVER___WIN32_JPN\CHATFILTER.COD
E:\WORK\QIJI\EXSOURCE\GS11\GAMESERVER\GAMESERVER___WIN32_JPN\CHATFILTER.OBJ
E:\WORK\QIJI\EXSOURCE\GS11\GAMESERVER\GAMESERVER___WIN32_JPN\CHATFILTER.SBR
E:\WORK\QIJI\EXSOURCE\GS11\GAMESERVER\GAMESERVER___WIN32_JPN\CHINAHACKUSERKICK.COD
E:\WORK\QIJI\EXSOURCE\GS11\GAMESERVER\GAMESERVER___WIN32_JPN\CHINAHACKUSERKICK.OBJ
E:\WORK\QIJI\EXSOURCE\GS11\GAMESERVER\GAMESERVER___WIN32_JPN\CHINAHACKUSERKICK.SBR
E:\work\qiji\exsource\GS11\GameServer\GameServer___Win32_JPN\CL.10276.read.1.tlog
E:\work\qiji\exsource\GS11\GameServer\GameServer___Win32_JPN\CL.10276.write.1.tlog
E:\work\qiji\exsource\GS11\GameServer\GameServer___Win32_JPN\CL.11608.read.1.tlog
E:\work\qiji\exsource\GS11\GameServer\GameServer___Win32_JPN\CL.11608.write.1.tlog
E:\work\qiji\exsource\GS11\GameServer\GameServer___Win32_JPN\CL.12172.read.1.tlog
E:\work\qiji\exsource\GS11\GameServer\GameServer___Win32_JPN\CL.12172.write.1.tlog
E:\work\qiji\exsource\GS11\GameServer\GameServer___Win32_JPN\CL.12704.read.1.tlog
E:\work\qiji\exsource\GS11\GameServer\GameServer___Win32_JPN\CL.12704.write.1.tlog
E:\work\qiji\exsource\GS11\GameServer\GameServer___Win32_JPN\CL.13104.read.1.tlog
E:\work\qiji\exsource\GS11\GameServer\GameServer___Win32_JPN\CL.13104.write.1.tlog
E:\work\qiji\exsource\GS11\GameServer\GameServer___Win32_JPN\CL.1352.read.1.tlog
E:\work\qiji\exsource\GS11\GameServer\GameServer___Win32_JPN\CL.1352.write.1.tlog
E:\work\qiji\exsource\GS11\GameServer\GameServer___Win32_JPN\CL.22520.read.1.tlog
E:\work\qiji\exsource\GS11\GameServer\GameServer___Win32_JPN\CL.22520.write.1.tlog
E:\work\qiji\exsource\GS11\GameServer\GameServer___Win32_JPN\CL.22724.read.1.tlog
E:\work\qiji\exsource\GS11\GameServer\GameServer___Win32_JPN\CL.22724.write.1.tlog
E:\work\qiji\exsource\GS11\GameServer\GameServer___Win32_JPN\CL.29936.read.1.tlog
E:\work\qiji\exsource\GS11\GameServer\GameServer___Win32_JPN\CL.29936.write.1.tlog
E:\work\qiji\exsource\GS11\GameServer\GameServer___Win32_JPN\CL.32196.read.1.tlog
E:\work\qiji\exsource\GS11\GameServer\GameServer___Win32_JPN\CL.32196.write.1.tlog
E:\work\qiji\exsource\GS11\GameServer\GameServer___Win32_JPN\CL.4404.read.1.tlog
E:\work\qiji\exsource\GS11\GameServer\GameServer___Win32_JPN\CL.4404.write.1.tlog
E:\work\qiji\exsource\GS11\GameServer\GameServer___Win32_JPN\CL.4444.read.1.tlog
E:\work\qiji\exsource\GS11\GameServer\GameServer___Win32_JPN\CL.4444.write.1.tlog
E:\work\qiji\exsource\GS11\GameServer\GameServer___Win32_JPN\cl.command.1.tlog
E:\work\qiji\exsource\GS11\GameServer\GameServer___Win32_JPN\CL.read.1.tlog
E:\work\qiji\exsource\GS11\GameServer\GameServer___Win32_JPN\CL.write.1.tlog
E:\WORK\QIJI\EXSOURCE\GS11\GAMESERVER\GAMESERVER___WIN32_JPN\CLASSDEF.COD
E:\WORK\QIJI\EXSOURCE\GS11\GAMESERVER\GAMESERVER___WIN32_JPN\CLASSDEF.OBJ
E:\WORK\QIJI\EXSOURCE\GS11\GAMESERVER\GAMESERVER___WIN32_JPN\CLASSDEF.SBR
E:\WORK\QIJI\EXSOURCE\GS11\GAMESERVER\GAMESERVER___WIN32_JPN\CLOGINCOUNT.COD
E:\WORK\QIJI\EXSOURCE\GS11\GAMESERVER\GAMESERVER___WIN32_JPN\CLOGINCOUNT.OBJ
E:\WORK\QIJI\EXSOURCE\GS11\GAMESERVER\GAMESERVER___WIN32_JPN\CLOGINCOUNT.SBR
E:\WORK\QIJI\EXSOURCE\GS11\GAMESERVER\GAMESERVER___WIN32_JPN\CLOSEPLAYER.COD
E:\WORK\QIJI\EXSOURCE\GS11\GAMESERVER\GAMESERVER___WIN32_JPN\CLOSEPLAYER.OBJ
E:\WORK\QIJI\EXSOURCE\GS11\GAMESERVER\GAMESERVER___WIN32_JPN\CLOSEPLAYER.SBR
E:\WORK\QIJI\EXSOURCE\GS11\GAMESERVER\GAMESERVER___WIN32_JPN\COMBOATTACK.COD
E:\WORK\QIJI\EXSOURCE\GS11\GAMESERVER\GAMESERVER___WIN32_JPN\COMBOATTACK.OBJ
E:\WORK\QIJI\EXSOURCE\GS11\GAMESERVER\GAMESERVER___WIN32_JPN\COMBOATTACK.SBR
E:\WORK\QIJI\EXSOURCE\GS11\GAMESERVER\GAMESERVER___WIN32_JPN\COMBOCUSTOM.COD
E:\WORK\QIJI\EXSOURCE\GS11\GAMESERVER\GAMESERVER___WIN32_JPN\COMBOCUSTOM.OBJ
E:\WORK\QIJI\EXSOURCE\GS11\GAMESERVER\GAMESERVER___WIN32_JPN\COMBOCUSTOM.SBR
E:\WORK\QIJI\EXSOURCE\GS11\GAMESERVER\GAMESERVER___WIN32_JPN\COMMANDS.COD
E:\WORK\QIJI\EXSOURCE\GS11\GAMESERVER\GAMESERVER___WIN32_JPN\COMMANDS.OBJ
E:\WORK\QIJI\EXSOURCE\GS11\GAMESERVER\GAMESERVER___WIN32_JPN\COMMANDS.SBR
E:\WORK\QIJI\EXSOURCE\GS11\GAMESERVER\GAMESERVER___WIN32_JPN\CONFIGS.COD
E:\WORK\QIJI\EXSOURCE\GS11\GAMESERVER\GAMESERVER___WIN32_JPN\CONFIGS.OBJ
E:\WORK\QIJI\EXSOURCE\GS11\GAMESERVER\GAMESERVER___WIN32_JPN\CONFIGS.SBR
E:\WORK\QIJI\EXSOURCE\GS11\GAMESERVER\GAMESERVER___WIN32_JPN\CONMEMBER.COD
E:\WORK\QIJI\EXSOURCE\GS11\GAMESERVER\GAMESERVER___WIN32_JPN\CONMEMBER.OBJ
E:\WORK\QIJI\EXSOURCE\GS11\GAMESERVER\GAMESERVER___WIN32_JPN\CONMEMBER.SBR
E:\WORK\QIJI\EXSOURCE\GS11\GAMESERVER\GAMESERVER___WIN32_JPN\CONNECTEX.COD
E:\WORK\QIJI\EXSOURCE\GS11\GAMESERVER\GAMESERVER___WIN32_JPN\CONNECTEX.OBJ
E:\WORK\QIJI\EXSOURCE\GS11\GAMESERVER\GAMESERVER___WIN32_JPN\CONNECTEX.SBR
E:\WORK\QIJI\EXSOURCE\GS11\GAMESERVER\GAMESERVER___WIN32_JPN\CRC32.COD
E:\WORK\QIJI\EXSOURCE\GS11\GAMESERVER\GAMESERVER___WIN32_JPN\CRC32.OBJ
E:\WORK\QIJI\EXSOURCE\GS11\GAMESERVER\GAMESERVER___WIN32_JPN\CRC32.SBR
E:\WORK\QIJI\EXSOURCE\GS11\GAMESERVER\GAMESERVER___WIN32_JPN\CREDITDONATE.COD
E:\WORK\QIJI\EXSOURCE\GS11\GAMESERVER\GAMESERVER___WIN32_JPN\CREDITDONATE.OBJ
E:\WORK\QIJI\EXSOURCE\GS11\GAMESERVER\GAMESERVER___WIN32_JPN\CREDITDONATE.SBR
E:\WORK\QIJI\EXSOURCE\GS11\GAMESERVER\GAMESERVER___WIN32_JPN\CRITICALSECTIONEX.COD
E:\WORK\QIJI\EXSOURCE\GS11\GAMESERVER\GAMESERVER___WIN32_JPN\CRITICALSECTIONEX.OBJ
E:\WORK\QIJI\EXSOURCE\GS11\GAMESERVER\GAMESERVER___WIN32_JPN\CRITICALSECTIONEX.SBR
E:\WORK\QIJI\EXSOURCE\GS11\GAMESERVER\GAMESERVER___WIN32_JPN\CRYWOLF.COD
E:\WORK\QIJI\EXSOURCE\GS11\GAMESERVER\GAMESERVER___WIN32_JPN\CRYWOLF.OBJ
E:\WORK\QIJI\EXSOURCE\GS11\GAMESERVER\GAMESERVER___WIN32_JPN\CRYWOLF.SBR
E:\WORK\QIJI\EXSOURCE\GS11\GAMESERVER\GAMESERVER___WIN32_JPN\CRYWOLFALTAR.COD
E:\WORK\QIJI\EXSOURCE\GS11\GAMESERVER\GAMESERVER___WIN32_JPN\CRYWOLFALTAR.OBJ
E:\WORK\QIJI\EXSOURCE\GS11\GAMESERVER\GAMESERVER___WIN32_JPN\CRYWOLFALTAR.SBR
E:\WORK\QIJI\EXSOURCE\GS11\GAMESERVER\GAMESERVER___WIN32_JPN\CRYWOLFDARKELF.COD
E:\WORK\QIJI\EXSOURCE\GS11\GAMESERVER\GAMESERVER___WIN32_JPN\CRYWOLFDARKELF.OBJ
E:\WORK\QIJI\EXSOURCE\GS11\GAMESERVER\GAMESERVER___WIN32_JPN\CRYWOLFDARKELF.SBR
E:\WORK\QIJI\EXSOURCE\GS11\GAMESERVER\GAMESERVER___WIN32_JPN\CRYWOLFMONSTER.COD
E:\WORK\QIJI\EXSOURCE\GS11\GAMESERVER\GAMESERVER___WIN32_JPN\CRYWOLFMONSTER.OBJ
E:\WORK\QIJI\EXSOURCE\GS11\GAMESERVER\GAMESERVER___WIN32_JPN\CRYWOLFMONSTER.SBR
E:\WORK\QIJI\EXSOURCE\GS11\GAMESERVER\GAMESERVER___WIN32_JPN\CRYWOLFSTATETIMEINFO.COD
E:\WORK\QIJI\EXSOURCE\GS11\GAMESERVER\GAMESERVER___WIN32_JPN\CRYWOLFSTATETIMEINFO.OBJ
E:\WORK\QIJI\EXSOURCE\GS11\GAMESERVER\GAMESERVER___WIN32_JPN\CRYWOLFSTATETIMEINFO.SBR
E:\WORK\QIJI\EXSOURCE\GS11\GAMESERVER\GAMESERVER___WIN32_JPN\CRYWOLFSTATUE.COD
E:\WORK\QIJI\EXSOURCE\GS11\GAMESERVER\GAMESERVER___WIN32_JPN\CRYWOLFSTATUE.OBJ
E:\WORK\QIJI\EXSOURCE\GS11\GAMESERVER\GAMESERVER___WIN32_JPN\CRYWOLFSTATUE.SBR
E:\WORK\QIJI\EXSOURCE\GS11\GAMESERVER\GAMESERVER___WIN32_JPN\CRYWOLFSYNC.COD
E:\WORK\QIJI\EXSOURCE\GS11\GAMESERVER\GAMESERVER___WIN32_JPN\CRYWOLFSYNC.OBJ
E:\WORK\QIJI\EXSOURCE\GS11\GAMESERVER\GAMESERVER___WIN32_JPN\CRYWOLFSYNC.SBR
E:\WORK\QIJI\EXSOURCE\GS11\GAMESERVER\GAMESERVER___WIN32_JPN\CRYWOLFTANKER.COD
E:\WORK\QIJI\EXSOURCE\GS11\GAMESERVER\GAMESERVER___WIN32_JPN\CRYWOLFTANKER.OBJ
E:\WORK\QIJI\EXSOURCE\GS11\GAMESERVER\GAMESERVER___WIN32_JPN\CRYWOLFTANKER.SBR
E:\WORK\QIJI\EXSOURCE\GS11\GAMESERVER\GAMESERVER___WIN32_JPN\CRYWOLFUTIL.COD
E:\WORK\QIJI\EXSOURCE\GS11\GAMESERVER\GAMESERVER___WIN32_JPN\CRYWOLFUTIL.OBJ
E:\WORK\QIJI\EXSOURCE\GS11\GAMESERVER\GAMESERVER___WIN32_JPN\CRYWOLFUTIL.SBR
E:\WORK\QIJI\EXSOURCE\GS11\GAMESERVER\GAMESERVER___WIN32_JPN\CUSTOMNPC.COD
E:\WORK\QIJI\EXSOURCE\GS11\GAMESERVER\GAMESERVER___WIN32_JPN\CUSTOMNPC.OBJ
E:\WORK\QIJI\EXSOURCE\GS11\GAMESERVER\GAMESERVER___WIN32_JPN\CUSTOMNPC.SBR
E:\WORK\QIJI\EXSOURCE\GS11\GAMESERVER\GAMESERVER___WIN32_JPN\CWHATSUPDUMMYSERVER.COD
E:\WORK\QIJI\EXSOURCE\GS11\GAMESERVER\GAMESERVER___WIN32_JPN\CWHATSUPDUMMYSERVER.OBJ
E:\WORK\QIJI\EXSOURCE\GS11\GAMESERVER\GAMESERVER___WIN32_JPN\CWHATSUPDUMMYSERVER.SBR
E:\WORK\QIJI\EXSOURCE\GS11\GAMESERVER\GAMESERVER___WIN32_JPN\DARKSPIRIT.COD
E:\WORK\QIJI\EXSOURCE\GS11\GAMESERVER\GAMESERVER___WIN32_JPN\DARKSPIRIT.OBJ
E:\WORK\QIJI\EXSOURCE\GS11\GAMESERVER\GAMESERVER___WIN32_JPN\DARKSPIRIT.SBR
E:\WORK\QIJI\EXSOURCE\GS11\GAMESERVER\GAMESERVER___WIN32_JPN\DBSAVE.COD
E:\WORK\QIJI\EXSOURCE\GS11\GAMESERVER\GAMESERVER___WIN32_JPN\DBSAVE.OBJ
E:\WORK\QIJI\EXSOURCE\GS11\GAMESERVER\GAMESERVER___WIN32_JPN\DBSAVE.SBR
E:\WORK\QIJI\EXSOURCE\GS11\GAMESERVER\GAMESERVER___WIN32_JPN\DBSOCKMNG.COD
E:\WORK\QIJI\EXSOURCE\GS11\GAMESERVER\GAMESERVER___WIN32_JPN\DBSOCKMNG.OBJ
E:\WORK\QIJI\EXSOURCE\GS11\GAMESERVER\GAMESERVER___WIN32_JPN\DBSOCKMNG.SBR
E:\WORK\QIJI\EXSOURCE\GS11\GAMESERVER\GAMESERVER___WIN32_JPN\DELETELOGS.COD
E:\WORK\QIJI\EXSOURCE\GS11\GAMESERVER\GAMESERVER___WIN32_JPN\DELETELOGS.OBJ
E:\WORK\QIJI\EXSOURCE\GS11\GAMESERVER\GAMESERVER___WIN32_JPN\DELETELOGS.SBR
E:\WORK\QIJI\EXSOURCE\GS11\GAMESERVER\GAMESERVER___WIN32_JPN\DEVIASBATTLE.COD
E:\WORK\QIJI\EXSOURCE\GS11\GAMESERVER\GAMESERVER___WIN32_JPN\DEVIASBATTLE.OBJ
E:\WORK\QIJI\EXSOURCE\GS11\GAMESERVER\GAMESERVER___WIN32_JPN\DEVIASBATTLE.SBR
E:\WORK\QIJI\EXSOURCE\GS11\GAMESERVER\GAMESERVER___WIN32_JPN\DEVILSQUARE.COD
E:\WORK\QIJI\EXSOURCE\GS11\GAMESERVER\GAMESERVER___WIN32_JPN\DEVILSQUARE.OBJ
E:\WORK\QIJI\EXSOURCE\GS11\GAMESERVER\GAMESERVER___WIN32_JPN\DEVILSQUARE.SBR
E:\WORK\QIJI\EXSOURCE\GS11\GAMESERVER\GAMESERVER___WIN32_JPN\DEVILSQUAREGROUND.COD
E:\WORK\QIJI\EXSOURCE\GS11\GAMESERVER\GAMESERVER___WIN32_JPN\DEVILSQUAREGROUND.OBJ
E:\WORK\QIJI\EXSOURCE\GS11\GAMESERVER\GAMESERVER___WIN32_JPN\DEVILSQUAREGROUND.SBR
E:\WORK\QIJI\EXSOURCE\GS11\GAMESERVER\GAMESERVER___WIN32_JPN\DEVILSQUAREREWARDITEM.COD
E:\WORK\QIJI\EXSOURCE\GS11\GAMESERVER\GAMESERVER___WIN32_JPN\DEVILSQUAREREWARDITEM.OBJ
E:\WORK\QIJI\EXSOURCE\GS11\GAMESERVER\GAMESERVER___WIN32_JPN\DEVILSQUAREREWARDITEM.SBR
E:\WORK\QIJI\EXSOURCE\GS11\GAMESERVER\GAMESERVER___WIN32_JPN\DIRPATH.COD
E:\WORK\QIJI\EXSOURCE\GS11\GAMESERVER\GAMESERVER___WIN32_JPN\DIRPATH.OBJ
E:\WORK\QIJI\EXSOURCE\GS11\GAMESERVER\GAMESERVER___WIN32_JPN\DIRPATH.SBR
E:\WORK\QIJI\EXSOURCE\GS11\GAMESERVER\GAMESERVER___WIN32_JPN\DONATEMANAGER.COD
E:\WORK\QIJI\EXSOURCE\GS11\GAMESERVER\GAMESERVER___WIN32_JPN\DONATEMANAGER.OBJ
E:\WORK\QIJI\EXSOURCE\GS11\GAMESERVER\GAMESERVER___WIN32_JPN\DONATEMANAGER.SBR
E:\WORK\QIJI\EXSOURCE\GS11\GAMESERVER\GAMESERVER___WIN32_JPN\DOUBLEGOER.COD
E:\WORK\QIJI\EXSOURCE\GS11\GAMESERVER\GAMESERVER___WIN32_JPN\DOUBLEGOER.OBJ
E:\WORK\QIJI\EXSOURCE\GS11\GAMESERVER\GAMESERVER___WIN32_JPN\DOUBLEGOER.SBR
E:\WORK\QIJI\EXSOURCE\GS11\GAMESERVER\GAMESERVER___WIN32_JPN\DRAGONEVENT.COD
E:\WORK\QIJI\EXSOURCE\GS11\GAMESERVER\GAMESERVER___WIN32_JPN\DRAGONEVENT.OBJ
E:\WORK\QIJI\EXSOURCE\GS11\GAMESERVER\GAMESERVER___WIN32_JPN\DRAGONEVENT.SBR
E:\WORK\QIJI\EXSOURCE\GS11\GAMESERVER\GAMESERVER___WIN32_JPN\DROPEVENT.COD
E:\WORK\QIJI\EXSOURCE\GS11\GAMESERVER\GAMESERVER___WIN32_JPN\DROPEVENT.OBJ
E:\WORK\QIJI\EXSOURCE\GS11\GAMESERVER\GAMESERVER___WIN32_JPN\DROPEVENT.SBR
E:\WORK\QIJI\EXSOURCE\GS11\GAMESERVER\GAMESERVER___WIN32_JPN\DROPZENMANAGER.COD
E:\WORK\QIJI\EXSOURCE\GS11\GAMESERVER\GAMESERVER___WIN32_JPN\DROPZENMANAGER.OBJ
E:\WORK\QIJI\EXSOURCE\GS11\GAMESERVER\GAMESERVER___WIN32_JPN\DROPZENMANAGER.SBR
E:\WORK\QIJI\EXSOURCE\GS11\GAMESERVER\GAMESERVER___WIN32_JPN\DSPROTOCOL.COD
E:\WORK\QIJI\EXSOURCE\GS11\GAMESERVER\GAMESERVER___WIN32_JPN\DSPROTOCOL.OBJ
E:\WORK\QIJI\EXSOURCE\GS11\GAMESERVER\GAMESERVER___WIN32_JPN\DSPROTOCOL.SBR
E:\WORK\QIJI\EXSOURCE\GS11\GAMESERVER\GAMESERVER___WIN32_JPN\DUELMANAGER.COD
E:\WORK\QIJI\EXSOURCE\GS11\GAMESERVER\GAMESERVER___WIN32_JPN\DUELMANAGER.OBJ
E:\WORK\QIJI\EXSOURCE\GS11\GAMESERVER\GAMESERVER___WIN32_JPN\DUELMANAGER.SBR
E:\WORK\QIJI\EXSOURCE\GS11\GAMESERVER\GAMESERVER___WIN32_JPN\DUNGEONSIEGE.COD
E:\WORK\QIJI\EXSOURCE\GS11\GAMESERVER\GAMESERVER___WIN32_JPN\DUNGEONSIEGE.OBJ
E:\WORK\QIJI\EXSOURCE\GS11\GAMESERVER\GAMESERVER___WIN32_JPN\DUNGEONSIEGE.SBR
E:\WORK\QIJI\EXSOURCE\GS11\GAMESERVER\GAMESERVER___WIN32_JPN\EDSPROTOCOL.COD
E:\WORK\QIJI\EXSOURCE\GS11\GAMESERVER\GAMESERVER___WIN32_JPN\EDSPROTOCOL.OBJ
E:\WORK\QIJI\EXSOURCE\GS11\GAMESERVER\GAMESERVER___WIN32_JPN\EDSPROTOCOL.SBR
E:\WORK\QIJI\EXSOURCE\GS11\GAMESERVER\GAMESERVER___WIN32_JPN\ELEDORADOEVENT.COD
E:\WORK\QIJI\EXSOURCE\GS11\GAMESERVER\GAMESERVER___WIN32_JPN\ELEDORADOEVENT.OBJ
E:\WORK\QIJI\EXSOURCE\GS11\GAMESERVER\GAMESERVER___WIN32_JPN\ELEDORADOEVENT.SBR
E:\WORK\QIJI\EXSOURCE\GS11\GAMESERVER\GAMESERVER___WIN32_JPN\EVENT.COD
E:\WORK\QIJI\EXSOURCE\GS11\GAMESERVER\GAMESERVER___WIN32_JPN\EVENT.OBJ
E:\WORK\QIJI\EXSOURCE\GS11\GAMESERVER\GAMESERVER___WIN32_JPN\EVENT.SBR
E:\WORK\QIJI\EXSOURCE\GS11\GAMESERVER\GAMESERVER___WIN32_JPN\EVENTDUNGEONITEMBAG.COD
E:\WORK\QIJI\EXSOURCE\GS11\GAMESERVER\GAMESERVER___WIN32_JPN\EVENTDUNGEONITEMBAG.OBJ
E:\WORK\QIJI\EXSOURCE\GS11\GAMESERVER\GAMESERVER___WIN32_JPN\EVENTDUNGEONITEMBAG.SBR
E:\WORK\QIJI\EXSOURCE\GS11\GAMESERVER\GAMESERVER___WIN32_JPN\EVENTMANAGEMENT.COD
E:\WORK\QIJI\EXSOURCE\GS11\GAMESERVER\GAMESERVER___WIN32_JPN\EVENTMANAGEMENT.OBJ
E:\WORK\QIJI\EXSOURCE\GS11\GAMESERVER\GAMESERVER___WIN32_JPN\EVENTMANAGEMENT.SBR
E:\WORK\QIJI\EXSOURCE\GS11\GAMESERVER\GAMESERVER___WIN32_JPN\EVENTTIMER.COD
E:\WORK\QIJI\EXSOURCE\GS11\GAMESERVER\GAMESERVER___WIN32_JPN\EVENTTIMER.OBJ
E:\WORK\QIJI\EXSOURCE\GS11\GAMESERVER\GAMESERVER___WIN32_JPN\EVENTTIMER.SBR
E:\WORK\QIJI\EXSOURCE\GS11\GAMESERVER\GAMESERVER___WIN32_JPN\EXCLUSIVEOPTIONS.COD
E:\WORK\QIJI\EXSOURCE\GS11\GAMESERVER\GAMESERVER___WIN32_JPN\EXCLUSIVEOPTIONS.OBJ
E:\WORK\QIJI\EXSOURCE\GS11\GAMESERVER\GAMESERVER___WIN32_JPN\EXCLUSIVEOPTIONS.SBR
E:\WORK\QIJI\EXSOURCE\GS11\GAMESERVER\GAMESERVER___WIN32_JPN\EXFUNCTION.COD
E:\WORK\QIJI\EXSOURCE\GS11\GAMESERVER\GAMESERVER___WIN32_JPN\EXFUNCTION.OBJ
E:\WORK\QIJI\EXSOURCE\GS11\GAMESERVER\GAMESERVER___WIN32_JPN\EXFUNCTION.SBR
E:\WORK\QIJI\EXSOURCE\GS11\GAMESERVER\GAMESERVER___WIN32_JPN\EXGDMANAGER.COD
E:\WORK\QIJI\EXSOURCE\GS11\GAMESERVER\GAMESERVER___WIN32_JPN\EXGDMANAGER.OBJ
E:\WORK\QIJI\EXSOURCE\GS11\GAMESERVER\GAMESERVER___WIN32_JPN\EXGDMANAGER.SBR
E:\WORK\QIJI\EXSOURCE\GS11\GAMESERVER\GAMESERVER___WIN32_JPN\EXLICENSE.COD
E:\WORK\QIJI\EXSOURCE\GS11\GAMESERVER\GAMESERVER___WIN32_JPN\EXLICENSE.OBJ
E:\WORK\QIJI\EXSOURCE\GS11\GAMESERVER\GAMESERVER___WIN32_JPN\EXLICENSE.SBR
E:\WORK\QIJI\EXSOURCE\GS11\GAMESERVER\GAMESERVER___WIN32_JPN\EXLICENSECLIENT.COD
E:\WORK\QIJI\EXSOURCE\GS11\GAMESERVER\GAMESERVER___WIN32_JPN\EXLICENSECLIENT.OBJ
E:\WORK\QIJI\EXSOURCE\GS11\GAMESERVER\GAMESERVER___WIN32_JPN\EXLICENSECLIENT.SBR
E:\WORK\QIJI\EXSOURCE\GS11\GAMESERVER\GAMESERVER___WIN32_JPN\EXLICENSECONFIG.COD
E:\WORK\QIJI\EXSOURCE\GS11\GAMESERVER\GAMESERVER___WIN32_JPN\EXLICENSECONFIG.OBJ
E:\WORK\QIJI\EXSOURCE\GS11\GAMESERVER\GAMESERVER___WIN32_JPN\EXLICENSECONFIG.SBR
E:\WORK\QIJI\EXSOURCE\GS11\GAMESERVER\GAMESERVER___WIN32_JPN\EXLICENSEPROTOCOL.COD
E:\WORK\QIJI\EXSOURCE\GS11\GAMESERVER\GAMESERVER___WIN32_JPN\EXLICENSEPROTOCOL.OBJ
E:\WORK\QIJI\EXSOURCE\GS11\GAMESERVER\GAMESERVER___WIN32_JPN\EXLICENSEPROTOCOL.SBR
E:\WORK\QIJI\EXSOURCE\GS11\GAMESERVER\GAMESERVER___WIN32_JPN\EXQUESTSYSTEM.COD
E:\WORK\QIJI\EXSOURCE\GS11\GAMESERVER\GAMESERVER___WIN32_JPN\EXQUESTSYSTEM.OBJ
E:\WORK\QIJI\EXSOURCE\GS11\GAMESERVER\GAMESERVER___WIN32_JPN\EXQUESTSYSTEM.SBR
E:\WORK\QIJI\EXSOURCE\GS11\GAMESERVER\GAMESERVER___WIN32_JPN\EXSECURITY.COD
E:\WORK\QIJI\EXSOURCE\GS11\GAMESERVER\GAMESERVER___WIN32_JPN\EXSECURITY.OBJ
E:\WORK\QIJI\EXSOURCE\GS11\GAMESERVER\GAMESERVER___WIN32_JPN\EXSECURITY.SBR
E:\WORK\QIJI\EXSOURCE\GS11\GAMESERVER\GAMESERVER___WIN32_JPN\EXTELEPORT.COD
E:\WORK\QIJI\EXSOURCE\GS11\GAMESERVER\GAMESERVER___WIN32_JPN\EXTELEPORT.OBJ
E:\WORK\QIJI\EXSOURCE\GS11\GAMESERVER\GAMESERVER___WIN32_JPN\EXTELEPORT.SBR
E:\WORK\QIJI\EXSOURCE\GS11\GAMESERVER\GAMESERVER___WIN32_JPN\EXTELEPORTEVO.COD
E:\WORK\QIJI\EXSOURCE\GS11\GAMESERVER\GAMESERVER___WIN32_JPN\EXTELEPORTEVO.OBJ
E:\WORK\QIJI\EXSOURCE\GS11\GAMESERVER\GAMESERVER___WIN32_JPN\EXTELEPORTEVO.SBR
E:\WORK\QIJI\EXSOURCE\GS11\GAMESERVER\GAMESERVER___WIN32_JPN\EXTEXT.COD
E:\WORK\QIJI\EXSOURCE\GS11\GAMESERVER\GAMESERVER___WIN32_JPN\EXTEXT.OBJ
E:\WORK\QIJI\EXSOURCE\GS11\GAMESERVER\GAMESERVER___WIN32_JPN\EXTEXT.SBR
E:\WORK\QIJI\EXSOURCE\GS11\GAMESERVER\GAMESERVER___WIN32_JPN\EXUSER.COD
E:\WORK\QIJI\EXSOURCE\GS11\GAMESERVER\GAMESERVER___WIN32_JPN\EXUSER.OBJ
E:\WORK\QIJI\EXSOURCE\GS11\GAMESERVER\GAMESERVER___WIN32_JPN\EXUSER.SBR
E:\WORK\QIJI\EXSOURCE\GS11\GAMESERVER\GAMESERVER___WIN32_JPN\EXWEBMANAGER.COD
E:\WORK\QIJI\EXSOURCE\GS11\GAMESERVER\GAMESERVER___WIN32_JPN\EXWEBMANAGER.OBJ
E:\WORK\QIJI\EXSOURCE\GS11\GAMESERVER\GAMESERVER___WIN32_JPN\EXWEBMANAGER.SBR
E:\WORK\QIJI\EXSOURCE\GS11\GAMESERVER\GAMESERVER___WIN32_JPN\EXWINQUESTSYSTEM.COD
E:\WORK\QIJI\EXSOURCE\GS11\GAMESERVER\GAMESERVER___WIN32_JPN\EXWINQUESTSYSTEM.OBJ
E:\WORK\QIJI\EXSOURCE\GS11\GAMESERVER\GAMESERVER___WIN32_JPN\EXWINQUESTSYSTEM.SBR
E:\WORK\QIJI\EXSOURCE\GS11\GAMESERVER\GAMESERVER___WIN32_JPN\FORMULCONFIG.COD
E:\WORK\QIJI\EXSOURCE\GS11\GAMESERVER\GAMESERVER___WIN32_JPN\FORMULCONFIG.OBJ
E:\WORK\QIJI\EXSOURCE\GS11\GAMESERVER\GAMESERVER___WIN32_JPN\FORMULCONFIG.SBR
E:\WORK\QIJI\EXSOURCE\GS11\GAMESERVER\GAMESERVER___WIN32_JPN\FUNCTIONS.COD
E:\WORK\QIJI\EXSOURCE\GS11\GAMESERVER\GAMESERVER___WIN32_JPN\FUNCTIONS.OBJ
E:\WORK\QIJI\EXSOURCE\GS11\GAMESERVER\GAMESERVER___WIN32_JPN\FUNCTIONS.SBR
E:\WORK\QIJI\EXSOURCE\GS11\GAMESERVER\GAMESERVER___WIN32_JPN\GAMBLESYSTEM.COD
E:\WORK\QIJI\EXSOURCE\GS11\GAMESERVER\GAMESERVER___WIN32_JPN\GAMBLESYSTEM.OBJ
E:\WORK\QIJI\EXSOURCE\GS11\GAMESERVER\GAMESERVER___WIN32_JPN\GAMBLESYSTEM.SBR
E:\WORK\QIJI\EXSOURCE\GS11\GAMESERVER\GAMESERVER___WIN32_JPN\GAMEEVENT.COD
E:\WORK\QIJI\EXSOURCE\GS11\GAMESERVER\GAMESERVER___WIN32_JPN\GAMEEVENT.OBJ
E:\WORK\QIJI\EXSOURCE\GS11\GAMESERVER\GAMESERVER___WIN32_JPN\GAMEEVENT.SBR
E:\WORK\QIJI\EXSOURCE\GS11\GAMESERVER\GAMESERVER___WIN32_JPN\GAMEMAIN.COD
E:\WORK\QIJI\EXSOURCE\GS11\GAMESERVER\GAMESERVER___WIN32_JPN\GAMEMAIN.OBJ
E:\WORK\QIJI\EXSOURCE\GS11\GAMESERVER\GAMESERVER___WIN32_JPN\GAMEMAIN.SBR
E:\WORK\QIJI\EXSOURCE\GS11\GAMESERVER\GAMESERVER___WIN32_JPN\GAMESERVER.BSC
E:\WORK\QIJI\EXSOURCE\GS11\GAMESERVER\GAMESERVER___WIN32_JPN\GAMESERVER.COD
E:\WORK\QIJI\EXSOURCE\GS11\GAMESERVER\GAMESERVER___WIN32_JPN\GAMESERVER.EXE.EMBED.MANIFEST
E:\WORK\QIJI\EXSOURCE\GS11\GAMESERVER\GAMESERVER___WIN32_JPN\GAMESERVER.EXE.EMBED.MANIFEST.RES
E:\WORK\QIJI\EXSOURCE\GS11\GAMESERVER\GAMESERVER___WIN32_JPN\GAMESERVER.EXE.INTERMEDIATE.MANIFEST
E:\WORK\QIJI\EXSOURCE\GS11\GAMESERVER\GAMESERVER___WIN32_JPN\GAMESERVER.OBJ
E:\WORK\QIJI\EXSOURCE\GS11\GAMESERVER\GAMESERVER___WIN32_JPN\GAMESERVER.PCH
E:\WORK\QIJI\EXSOURCE\GS11\GAMESERVER\GAMESERVER___WIN32_JPN\GAMESERVER.PDB
E:\WORK\QIJI\EXSOURCE\GS11\GAMESERVER\GAMESERVER___WIN32_JPN\GAMESERVER.RES
E:\WORK\QIJI\EXSOURCE\GS11\GAMESERVER\GAMESERVER___WIN32_JPN\GAMESERVER.SBR
E:\work\qiji\exsource\GS11\GameServer\GameServer___Win32_JPN\GameServer_manifest.rc
E:\WORK\QIJI\EXSOURCE\GS11\GAMESERVER\GAMESERVER___WIN32_JPN\GAMESERVEREX.COD
E:\WORK\QIJI\EXSOURCE\GS11\GAMESERVER\GAMESERVER___WIN32_JPN\GAMESERVEREX.OBJ
E:\WORK\QIJI\EXSOURCE\GS11\GAMESERVER\GAMESERVER___WIN32_JPN\GAMESERVEREX.SBR
E:\WORK\QIJI\EXSOURCE\GS11\GAMESERVER\GAMESERVER___WIN32_JPN\GAMESHOP.COD
E:\WORK\QIJI\EXSOURCE\GS11\GAMESERVER\GAMESERVER___WIN32_JPN\GAMESHOP.OBJ
E:\WORK\QIJI\EXSOURCE\GS11\GAMESERVER\GAMESERVER___WIN32_JPN\GAMESHOP.SBR
E:\WORK\QIJI\EXSOURCE\GS11\GAMESERVER\GAMESERVER___WIN32_JPN\GATE.COD
E:\WORK\QIJI\EXSOURCE\GS11\GAMESERVER\GAMESERVER___WIN32_JPN\GATE.OBJ
E:\WORK\QIJI\EXSOURCE\GS11\GAMESERVER\GAMESERVER___WIN32_JPN\GATE.SBR
E:\WORK\QIJI\EXSOURCE\GS11\GAMESERVER\GAMESERVER___WIN32_JPN\GENSSYSTEM.COD
E:\WORK\QIJI\EXSOURCE\GS11\GAMESERVER\GAMESERVER___WIN32_JPN\GENSSYSTEM.OBJ
E:\WORK\QIJI\EXSOURCE\GS11\GAMESERVER\GAMESERVER___WIN32_JPN\GENSSYSTEM.SBR
E:\WORK\QIJI\EXSOURCE\GS11\GAMESERVER\GAMESERVER___WIN32_JPN\GIOCP.COD
E:\WORK\QIJI\EXSOURCE\GS11\GAMESERVER\GAMESERVER___WIN32_JPN\GIOCP.OBJ
E:\WORK\QIJI\EXSOURCE\GS11\GAMESERVER\GAMESERVER___WIN32_JPN\GIOCP.SBR
E:\WORK\QIJI\EXSOURCE\GS11\GAMESERVER\GAMESERVER___WIN32_JPN\GMMANAGER.COD
E:\WORK\QIJI\EXSOURCE\GS11\GAMESERVER\GAMESERVER___WIN32_JPN\GMMANAGER.OBJ
E:\WORK\QIJI\EXSOURCE\GS11\GAMESERVER\GAMESERVER___WIN32_JPN\GMMANAGER.SBR
E:\WORK\QIJI\EXSOURCE\GS11\GAMESERVER\GAMESERVER___WIN32_JPN\GMMNG.COD
E:\WORK\QIJI\EXSOURCE\GS11\GAMESERVER\GAMESERVER___WIN32_JPN\GMMNG.OBJ
E:\WORK\QIJI\EXSOURCE\GS11\GAMESERVER\GAMESERVER___WIN32_JPN\GMMNG.SBR
E:\WORK\QIJI\EXSOURCE\GS11\GAMESERVER\GAMESERVER___WIN32_JPN\GOBJMONSTER.COD
E:\WORK\QIJI\EXSOURCE\GS11\GAMESERVER\GAMESERVER___WIN32_JPN\GOBJMONSTER.OBJ
E:\WORK\QIJI\EXSOURCE\GS11\GAMESERVER\GAMESERVER___WIN32_JPN\GOBJMONSTER.SBR
E:\WORK\QIJI\EXSOURCE\GS11\GAMESERVER\GAMESERVER___WIN32_JPN\GOLDENARCHER.COD
E:\WORK\QIJI\EXSOURCE\GS11\GAMESERVER\GAMESERVER___WIN32_JPN\GOLDENARCHER.OBJ
E:\WORK\QIJI\EXSOURCE\GS11\GAMESERVER\GAMESERVER___WIN32_JPN\GOLDENARCHER.SBR
E:\WORK\QIJI\EXSOURCE\GS11\GAMESERVER\GAMESERVER___WIN32_JPN\GRANDHEROSYSTEM.COD
E:\WORK\QIJI\EXSOURCE\GS11\GAMESERVER\GAMESERVER___WIN32_JPN\GRANDHEROSYSTEM.OBJ
E:\WORK\QIJI\EXSOURCE\GS11\GAMESERVER\GAMESERVER___WIN32_JPN\GRANDHEROSYSTEM.SBR
E:\WORK\QIJI\EXSOURCE\GS11\GAMESERVER\GAMESERVER___WIN32_JPN\GRANDRESET.COD
E:\WORK\QIJI\EXSOURCE\GS11\GAMESERVER\GAMESERVER___WIN32_JPN\GRANDRESET.OBJ
E:\WORK\QIJI\EXSOURCE\GS11\GAMESERVER\GAMESERVER___WIN32_JPN\GRANDRESET.SBR
E:\WORK\QIJI\EXSOURCE\GS11\GAMESERVER\GAMESERVER___WIN32_JPN\GSLIBRARY.COD
E:\WORK\QIJI\EXSOURCE\GS11\GAMESERVER\GAMESERVER___WIN32_JPN\GSLIBRARY.OBJ
E:\WORK\QIJI\EXSOURCE\GS11\GAMESERVER\GAMESERVER___WIN32_JPN\GSLIBRARY.SBR
E:\WORK\QIJI\EXSOURCE\GS11\GAMESERVER\GAMESERVER___WIN32_JPN\GUARDIAN.COD
E:\WORK\QIJI\EXSOURCE\GS11\GAMESERVER\GAMESERVER___WIN32_JPN\GUARDIAN.OBJ
E:\WORK\QIJI\EXSOURCE\GS11\GAMESERVER\GAMESERVER___WIN32_JPN\GUARDIAN.SBR
E:\WORK\QIJI\EXSOURCE\GS11\GAMESERVER\GAMESERVER___WIN32_JPN\GUARDIANSTATUE.COD
E:\WORK\QIJI\EXSOURCE\GS11\GAMESERVER\GAMESERVER___WIN32_JPN\GUARDIANSTATUE.OBJ
E:\WORK\QIJI\EXSOURCE\GS11\GAMESERVER\GAMESERVER___WIN32_JPN\GUARDIANSTATUE.SBR
E:\WORK\QIJI\EXSOURCE\GS11\GAMESERVER\GAMESERVER___WIN32_JPN\GUILDBANK.COD
E:\WORK\QIJI\EXSOURCE\GS11\GAMESERVER\GAMESERVER___WIN32_JPN\GUILDBANK.OBJ
E:\WORK\QIJI\EXSOURCE\GS11\GAMESERVER\GAMESERVER___WIN32_JPN\GUILDBANK.SBR
E:\WORK\QIJI\EXSOURCE\GS11\GAMESERVER\GAMESERVER___WIN32_JPN\GUILDCLASS.COD
E:\WORK\QIJI\EXSOURCE\GS11\GAMESERVER\GAMESERVER___WIN32_JPN\GUILDCLASS.OBJ
E:\WORK\QIJI\EXSOURCE\GS11\GAMESERVER\GAMESERVER___WIN32_JPN\GUILDCLASS.SBR
E:\WORK\QIJI\EXSOURCE\GS11\GAMESERVER\GAMESERVER___WIN32_JPN\HACKTOOLPACKET.COD
E:\WORK\QIJI\EXSOURCE\GS11\GAMESERVER\GAMESERVER___WIN32_JPN\HACKTOOLPACKET.OBJ
E:\WORK\QIJI\EXSOURCE\GS11\GAMESERVER\GAMESERVER___WIN32_JPN\HACKTOOLPACKET.SBR
E:\WORK\QIJI\EXSOURCE\GS11\GAMESERVER\GAMESERVER___WIN32_JPN\HAPPYHOUR.COD
E:\WORK\QIJI\EXSOURCE\GS11\GAMESERVER\GAMESERVER___WIN32_JPN\HAPPYHOUR.OBJ
E:\WORK\QIJI\EXSOURCE\GS11\GAMESERVER\GAMESERVER___WIN32_JPN\HAPPYHOUR.SBR
E:\WORK\QIJI\EXSOURCE\GS11\GAMESERVER\GAMESERVER___WIN32_JPN\ILLUSIONTEMPLEEVENT.COD
E:\WORK\QIJI\EXSOURCE\GS11\GAMESERVER\GAMESERVER___WIN32_JPN\ILLUSIONTEMPLEEVENT.OBJ
E:\WORK\QIJI\EXSOURCE\GS11\GAMESERVER\GAMESERVER___WIN32_JPN\ILLUSIONTEMPLEEVENT.SBR
E:\WORK\QIJI\EXSOURCE\GS11\GAMESERVER\GAMESERVER___WIN32_JPN\ILLUSIONTEMPLEPROCESS.COD
E:\WORK\QIJI\EXSOURCE\GS11\GAMESERVER\GAMESERVER___WIN32_JPN\ILLUSIONTEMPLEPROCESS.OBJ
E:\WORK\QIJI\EXSOURCE\GS11\GAMESERVER\GAMESERVER___WIN32_JPN\ILLUSIONTEMPLEPROCESS.SBR
E:\WORK\QIJI\EXSOURCE\GS11\GAMESERVER\GAMESERVER___WIN32_JPN\IMPERIAL.COD
E:\WORK\QIJI\EXSOURCE\GS11\GAMESERVER\GAMESERVER___WIN32_JPN\IMPERIAL.OBJ
E:\WORK\QIJI\EXSOURCE\GS11\GAMESERVER\GAMESERVER___WIN32_JPN\IMPERIAL.SBR
E:\WORK\QIJI\EXSOURCE\GS11\GAMESERVER\GAMESERVER___WIN32_JPN\IMPERIALBATTLEOFDESTLER.COD
E:\WORK\QIJI\EXSOURCE\GS11\GAMESERVER\GAMESERVER___WIN32_JPN\IMPERIALBATTLEOFDESTLER.OBJ
E:\WORK\QIJI\EXSOURCE\GS11\GAMESERVER\GAMESERVER___WIN32_JPN\IMPERIALBATTLEOFDESTLER.SBR
E:\WORK\QIJI\EXSOURCE\GS11\GAMESERVER\GAMESERVER___WIN32_JPN\IMPERIALBATTLEOFERKANNE.COD
E:\WORK\QIJI\EXSOURCE\GS11\GAMESERVER\GAMESERVER___WIN32_JPN\IMPERIALBATTLEOFERKANNE.OBJ
E:\WORK\QIJI\EXSOURCE\GS11\GAMESERVER\GAMESERVER___WIN32_JPN\IMPERIALBATTLEOFERKANNE.SBR
E:\WORK\QIJI\EXSOURCE\GS11\GAMESERVER\GAMESERVER___WIN32_JPN\IMPERIALBATTLEOFGAION.COD
E:\WORK\QIJI\EXSOURCE\GS11\GAMESERVER\GAMESERVER___WIN32_JPN\IMPERIALBATTLEOFGAION.OBJ
E:\WORK\QIJI\EXSOURCE\GS11\GAMESERVER\GAMESERVER___WIN32_JPN\IMPERIALBATTLEOFGAION.SBR
E:\WORK\QIJI\EXSOURCE\GS11\GAMESERVER\GAMESERVER___WIN32_JPN\IMPERIALBATTLEOFGALIA.COD
E:\WORK\QIJI\EXSOURCE\GS11\GAMESERVER\GAMESERVER___WIN32_JPN\IMPERIALBATTLEOFGALIA.OBJ
E:\WORK\QIJI\EXSOURCE\GS11\GAMESERVER\GAMESERVER___WIN32_JPN\IMPERIALBATTLEOFGALIA.SBR
E:\WORK\QIJI\EXSOURCE\GS11\GAMESERVER\GAMESERVER___WIN32_JPN\IMPERIALBATTLEOFKATO.COD
E:\WORK\QIJI\EXSOURCE\GS11\GAMESERVER\GAMESERVER___WIN32_JPN\IMPERIALBATTLEOFKATO.OBJ
E:\WORK\QIJI\EXSOURCE\GS11\GAMESERVER\GAMESERVER___WIN32_JPN\IMPERIALBATTLEOFKATO.SBR
E:\WORK\QIJI\EXSOURCE\GS11\GAMESERVER\GAMESERVER___WIN32_JPN\IMPERIALBATTLEOFRAYMOND.COD
E:\WORK\QIJI\EXSOURCE\GS11\GAMESERVER\GAMESERVER___WIN32_JPN\IMPERIALBATTLEOFRAYMOND.OBJ
E:\WORK\QIJI\EXSOURCE\GS11\GAMESERVER\GAMESERVER___WIN32_JPN\IMPERIALBATTLEOFRAYMOND.SBR
E:\WORK\QIJI\EXSOURCE\GS11\GAMESERVER\GAMESERVER___WIN32_JPN\IMPERIALBATTLEOFVERMONT.COD
E:\WORK\QIJI\EXSOURCE\GS11\GAMESERVER\GAMESERVER___WIN32_JPN\IMPERIALBATTLEOFVERMONT.OBJ
E:\WORK\QIJI\EXSOURCE\GS11\GAMESERVER\GAMESERVER___WIN32_JPN\IMPERIALBATTLEOFVERMONT.SBR
E:\WORK\QIJI\EXSOURCE\GS11\GAMESERVER\GAMESERVER___WIN32_JPN\IMPERIALBATTLEUSERMNG.COD
E:\WORK\QIJI\EXSOURCE\GS11\GAMESERVER\GAMESERVER___WIN32_JPN\IMPERIALBATTLEUSERMNG.OBJ
E:\WORK\QIJI\EXSOURCE\GS11\GAMESERVER\GAMESERVER___WIN32_JPN\IMPERIALBATTLEUSERMNG.SBR
E:\WORK\QIJI\EXSOURCE\GS11\GAMESERVER\GAMESERVER___WIN32_JPN\IMPERIALGUARDIAN.COD
E:\WORK\QIJI\EXSOURCE\GS11\GAMESERVER\GAMESERVER___WIN32_JPN\IMPERIALGUARDIAN.OBJ
E:\WORK\QIJI\EXSOURCE\GS11\GAMESERVER\GAMESERVER___WIN32_JPN\IMPERIALGUARDIAN.SBR
E:\WORK\QIJI\EXSOURCE\GS11\GAMESERVER\GAMESERVER___WIN32_JPN\IMPERIALGUARDIANREWARDEXP.COD
E:\WORK\QIJI\EXSOURCE\GS11\GAMESERVER\GAMESERVER___WIN32_JPN\IMPERIALGUARDIANREWARDEXP.OBJ
E:\WORK\QIJI\EXSOURCE\GS11\GAMESERVER\GAMESERVER___WIN32_JPN\IMPERIALGUARDIANREWARDEXP.SBR
E:\WORK\QIJI\EXSOURCE\GS11\GAMESERVER\GAMESERVER___WIN32_JPN\IPCACHE.COD
E:\WORK\QIJI\EXSOURCE\GS11\GAMESERVER\GAMESERVER___WIN32_JPN\IPCACHE.OBJ
E:\WORK\QIJI\EXSOURCE\GS11\GAMESERVER\GAMESERVER___WIN32_JPN\IPCACHE.SBR
E:\WORK\QIJI\EXSOURCE\GS11\GAMESERVER\GAMESERVER___WIN32_JPN\ITEMADDOPTION.COD
E:\WORK\QIJI\EXSOURCE\GS11\GAMESERVER\GAMESERVER___WIN32_JPN\ITEMADDOPTION.OBJ
E:\WORK\QIJI\EXSOURCE\GS11\GAMESERVER\GAMESERVER___WIN32_JPN\ITEMADDOPTION.SBR
E:\WORK\QIJI\EXSOURCE\GS11\GAMESERVER\GAMESERVER___WIN32_JPN\ITEMBAG.COD
E:\WORK\QIJI\EXSOURCE\GS11\GAMESERVER\GAMESERVER___WIN32_JPN\ITEMBAG.OBJ
E:\WORK\QIJI\EXSOURCE\GS11\GAMESERVER\GAMESERVER___WIN32_JPN\ITEMBAG.SBR
E:\WORK\QIJI\EXSOURCE\GS11\GAMESERVER\GAMESERVER___WIN32_JPN\ITEMBAGEX.COD
E:\WORK\QIJI\EXSOURCE\GS11\GAMESERVER\GAMESERVER___WIN32_JPN\ITEMBAGEX.OBJ
E:\WORK\QIJI\EXSOURCE\GS11\GAMESERVER\GAMESERVER___WIN32_JPN\ITEMBAGEX.SBR
E:\WORK\QIJI\EXSOURCE\GS11\GAMESERVER\GAMESERVER___WIN32_JPN\ITEMDROPMANAGER.COD
E:\WORK\QIJI\EXSOURCE\GS11\GAMESERVER\GAMESERVER___WIN32_JPN\ITEMDROPMANAGER.OBJ
E:\WORK\QIJI\EXSOURCE\GS11\GAMESERVER\GAMESERVER___WIN32_JPN\ITEMDROPMANAGER.SBR
E:\WORK\QIJI\EXSOURCE\GS11\GAMESERVER\GAMESERVER___WIN32_JPN\ITEMGETNOTICE.COD
E:\WORK\QIJI\EXSOURCE\GS11\GAMESERVER\GAMESERVER___WIN32_JPN\ITEMGETNOTICE.OBJ
E:\WORK\QIJI\EXSOURCE\GS11\GAMESERVER\GAMESERVER___WIN32_JPN\ITEMGETNOTICE.SBR
E:\WORK\QIJI\EXSOURCE\GS11\GAMESERVER\GAMESERVER___WIN32_JPN\ITEMMARKET.COD
E:\WORK\QIJI\EXSOURCE\GS11\GAMESERVER\GAMESERVER___WIN32_JPN\ITEMMARKET.OBJ
E:\WORK\QIJI\EXSOURCE\GS11\GAMESERVER\GAMESERVER___WIN32_JPN\ITEMMARKET.SBR
E:\WORK\QIJI\EXSOURCE\GS11\GAMESERVER\GAMESERVER___WIN32_JPN\ITEMMOVE.COD
E:\WORK\QIJI\EXSOURCE\GS11\GAMESERVER\GAMESERVER___WIN32_JPN\ITEMMOVE.OBJ
E:\WORK\QIJI\EXSOURCE\GS11\GAMESERVER\GAMESERVER___WIN32_JPN\ITEMMOVE.SBR
E:\WORK\QIJI\EXSOURCE\GS11\GAMESERVER\GAMESERVER___WIN32_JPN\ITEMRANK.COD
E:\WORK\QIJI\EXSOURCE\GS11\GAMESERVER\GAMESERVER___WIN32_JPN\ITEMRANK.OBJ
E:\WORK\QIJI\EXSOURCE\GS11\GAMESERVER\GAMESERVER___WIN32_JPN\ITEMRANK.SBR
E:\WORK\QIJI\EXSOURCE\GS11\GAMESERVER\GAMESERVER___WIN32_JPN\ITEMSYSTEMFOR380.COD
E:\WORK\QIJI\EXSOURCE\GS11\GAMESERVER\GAMESERVER___WIN32_JPN\ITEMSYSTEMFOR380.OBJ
E:\WORK\QIJI\EXSOURCE\GS11\GAMESERVER\GAMESERVER___WIN32_JPN\ITEMSYSTEMFOR380.SBR
E:\WORK\QIJI\EXSOURCE\GS11\GAMESERVER\GAMESERVER___WIN32_JPN\JEWELMIXSYSTEM.COD
E:\WORK\QIJI\EXSOURCE\GS11\GAMESERVER\GAMESERVER___WIN32_JPN\JEWELMIXSYSTEM.OBJ
E:\WORK\QIJI\EXSOURCE\GS11\GAMESERVER\GAMESERVER___WIN32_JPN\JEWELMIXSYSTEM.SBR
E:\WORK\QIJI\EXSOURCE\GS11\GAMESERVER\GAMESERVER___WIN32_JPN\JEWELOFHARMONYSYSTEM.COD
E:\WORK\QIJI\EXSOURCE\GS11\GAMESERVER\GAMESERVER___WIN32_JPN\JEWELOFHARMONYSYSTEM.OBJ
E:\WORK\QIJI\EXSOURCE\GS11\GAMESERVER\GAMESERVER___WIN32_JPN\JEWELOFHARMONYSYSTEM.SBR
E:\WORK\QIJI\EXSOURCE\GS11\GAMESERVER\GAMESERVER___WIN32_JPN\JEWELSBANK.COD
E:\WORK\QIJI\EXSOURCE\GS11\GAMESERVER\GAMESERVER___WIN32_JPN\JEWELSBANK.OBJ
E:\WORK\QIJI\EXSOURCE\GS11\GAMESERVER\GAMESERVER___WIN32_JPN\JEWELSBANK.SBR
E:\WORK\QIJI\EXSOURCE\GS11\GAMESERVER\GAMESERVER___WIN32_JPN\KALIMAGATE.COD
E:\WORK\QIJI\EXSOURCE\GS11\GAMESERVER\GAMESERVER___WIN32_JPN\KALIMAGATE.OBJ
E:\WORK\QIJI\EXSOURCE\GS11\GAMESERVER\GAMESERVER___WIN32_JPN\KALIMAGATE.SBR
E:\WORK\QIJI\EXSOURCE\GS11\GAMESERVER\GAMESERVER___WIN32_JPN\KANTURU.COD
E:\WORK\QIJI\EXSOURCE\GS11\GAMESERVER\GAMESERVER___WIN32_JPN\KANTURU.OBJ
E:\WORK\QIJI\EXSOURCE\GS11\GAMESERVER\GAMESERVER___WIN32_JPN\KANTURU.SBR
E:\WORK\QIJI\EXSOURCE\GS11\GAMESERVER\GAMESERVER___WIN32_JPN\KANTURUBATTLEOFMAYA.COD
E:\WORK\QIJI\EXSOURCE\GS11\GAMESERVER\GAMESERVER___WIN32_JPN\KANTURUBATTLEOFMAYA.OBJ
E:\WORK\QIJI\EXSOURCE\GS11\GAMESERVER\GAMESERVER___WIN32_JPN\KANTURUBATTLEOFMAYA.SBR
E:\WORK\QIJI\EXSOURCE\GS11\GAMESERVER\GAMESERVER___WIN32_JPN\KANTURUBATTLEOFNIGHTMARE.COD
E:\WORK\QIJI\EXSOURCE\GS11\GAMESERVER\GAMESERVER___WIN32_JPN\KANTURUBATTLEOFNIGHTMARE.OBJ
E:\WORK\QIJI\EXSOURCE\GS11\GAMESERVER\GAMESERVER___WIN32_JPN\KANTURUBATTLEOFNIGHTMARE.SBR
E:\WORK\QIJI\EXSOURCE\GS11\GAMESERVER\GAMESERVER___WIN32_JPN\KANTURUBATTLESTANBY.COD
E:\WORK\QIJI\EXSOURCE\GS11\GAMESERVER\GAMESERVER___WIN32_JPN\KANTURUBATTLESTANBY.OBJ
E:\WORK\QIJI\EXSOURCE\GS11\GAMESERVER\GAMESERVER___WIN32_JPN\KANTURUBATTLESTANBY.SBR
E:\WORK\QIJI\EXSOURCE\GS11\GAMESERVER\GAMESERVER___WIN32_JPN\KANTURUBATTLEUSERMNG.COD
E:\WORK\QIJI\EXSOURCE\GS11\GAMESERVER\GAMESERVER___WIN32_JPN\KANTURUBATTLEUSERMNG.OBJ
E:\WORK\QIJI\EXSOURCE\GS11\GAMESERVER\GAMESERVER___WIN32_JPN\KANTURUBATTLEUSERMNG.SBR
E:\WORK\QIJI\EXSOURCE\GS11\GAMESERVER\GAMESERVER___WIN32_JPN\KANTURUENTRANCENPC.COD
E:\WORK\QIJI\EXSOURCE\GS11\GAMESERVER\GAMESERVER___WIN32_JPN\KANTURUENTRANCENPC.OBJ
E:\WORK\QIJI\EXSOURCE\GS11\GAMESERVER\GAMESERVER___WIN32_JPN\KANTURUENTRANCENPC.SBR
E:\WORK\QIJI\EXSOURCE\GS11\GAMESERVER\GAMESERVER___WIN32_JPN\KANTURUMAYA.COD
E:\WORK\QIJI\EXSOURCE\GS11\GAMESERVER\GAMESERVER___WIN32_JPN\KANTURUMAYA.OBJ
E:\WORK\QIJI\EXSOURCE\GS11\GAMESERVER\GAMESERVER___WIN32_JPN\KANTURUMAYA.SBR
E:\WORK\QIJI\EXSOURCE\GS11\GAMESERVER\GAMESERVER___WIN32_JPN\KANTURUMONSTERMNG.COD
E:\WORK\QIJI\EXSOURCE\GS11\GAMESERVER\GAMESERVER___WIN32_JPN\KANTURUMONSTERMNG.OBJ
E:\WORK\QIJI\EXSOURCE\GS11\GAMESERVER\GAMESERVER___WIN32_JPN\KANTURUMONSTERMNG.SBR
E:\WORK\QIJI\EXSOURCE\GS11\GAMESERVER\GAMESERVER___WIN32_JPN\KANTURUNIGHTMARE.COD
E:\WORK\QIJI\EXSOURCE\GS11\GAMESERVER\GAMESERVER___WIN32_JPN\KANTURUNIGHTMARE.OBJ
E:\WORK\QIJI\EXSOURCE\GS11\GAMESERVER\GAMESERVER___WIN32_JPN\KANTURUNIGHTMARE.SBR
E:\WORK\QIJI\EXSOURCE\GS11\GAMESERVER\GAMESERVER___WIN32_JPN\KANTURUSTATEINFO.COD
E:\WORK\QIJI\EXSOURCE\GS11\GAMESERVER\GAMESERVER___WIN32_JPN\KANTURUSTATEINFO.OBJ
E:\WORK\QIJI\EXSOURCE\GS11\GAMESERVER\GAMESERVER___WIN32_JPN\KANTURUSTATEINFO.SBR
E:\WORK\QIJI\EXSOURCE\GS11\GAMESERVER\GAMESERVER___WIN32_JPN\KANTURUTOWEROFREFINEMENT.COD
E:\WORK\QIJI\EXSOURCE\GS11\GAMESERVER\GAMESERVER___WIN32_JPN\KANTURUTOWEROFREFINEMENT.OBJ
E:\WORK\QIJI\EXSOURCE\GS11\GAMESERVER\GAMESERVER___WIN32_JPN\KANTURUTOWEROFREFINEMENT.SBR
E:\WORK\QIJI\EXSOURCE\GS11\GAMESERVER\GAMESERVER___WIN32_JPN\KANTURUUTIL.COD
E:\WORK\QIJI\EXSOURCE\GS11\GAMESERVER\GAMESERVER___WIN32_JPN\KANTURUUTIL.OBJ
E:\WORK\QIJI\EXSOURCE\GS11\GAMESERVER\GAMESERVER___WIN32_JPN\KANTURUUTIL.SBR
E:\WORK\QIJI\EXSOURCE\GS11\GAMESERVER\GAMESERVER___WIN32_JPN\LARGERAND.COD
E:\WORK\QIJI\EXSOURCE\GS11\GAMESERVER\GAMESERVER___WIN32_JPN\LARGERAND.OBJ
E:\WORK\QIJI\EXSOURCE\GS11\GAMESERVER\GAMESERVER___WIN32_JPN\LARGERAND.SBR
E:\WORK\QIJI\EXSOURCE\GS11\GAMESERVER\GAMESERVER___WIN32_JPN\LIFESTONE.COD
E:\WORK\QIJI\EXSOURCE\GS11\GAMESERVER\GAMESERVER___WIN32_JPN\LIFESTONE.OBJ
E:\WORK\QIJI\EXSOURCE\GS11\GAMESERVER\GAMESERVER___WIN32_JPN\LIFESTONE.SBR
E:\work\qiji\exsource\GS11\GameServer\GameServer___Win32_JPN\link.command.1.tlog
E:\work\qiji\exsource\GS11\GameServer\GameServer___Win32_JPN\link.read.1.tlog
E:\work\qiji\exsource\GS11\GameServer\GameServer___Win32_JPN\link.read.2.tlog
E:\work\qiji\exsource\GS11\GameServer\GameServer___Win32_JPN\link.write.1.tlog
E:\work\qiji\exsource\GS11\GameServer\GameServer___Win32_JPN\link-cvtres.read.1.tlog
E:\work\qiji\exsource\GS11\GameServer\GameServer___Win32_JPN\link-cvtres.write.1.tlog
E:\WORK\QIJI\EXSOURCE\GS11\GAMESERVER\GAMESERVER___WIN32_JPN\LOGPROC.COD
E:\WORK\QIJI\EXSOURCE\GS11\GAMESERVER\GAMESERVER___WIN32_JPN\LOGPROC.OBJ
E:\WORK\QIJI\EXSOURCE\GS11\GAMESERVER\GAMESERVER___WIN32_JPN\LOGPROC.SBR
E:\WORK\QIJI\EXSOURCE\GS11\GAMESERVER\GAMESERVER___WIN32_JPN\LOGTOFILE.COD
E:\WORK\QIJI\EXSOURCE\GS11\GAMESERVER\GAMESERVER___WIN32_JPN\LOGTOFILE.OBJ
E:\WORK\QIJI\EXSOURCE\GS11\GAMESERVER\GAMESERVER___WIN32_JPN\LOGTOFILE.SBR
E:\WORK\QIJI\EXSOURCE\GS11\GAMESERVER\GAMESERVER___WIN32_JPN\LORABATTLE.COD
E:\WORK\QIJI\EXSOURCE\GS11\GAMESERVER\GAMESERVER___WIN32_JPN\LORABATTLE.OBJ
E:\WORK\QIJI\EXSOURCE\GS11\GAMESERVER\GAMESERVER___WIN32_JPN\LORABATTLE.SBR
E:\WORK\QIJI\EXSOURCE\GS11\GAMESERVER\GAMESERVER___WIN32_JPN\LOTTERY.COD
E:\WORK\QIJI\EXSOURCE\GS11\GAMESERVER\GAMESERVER___WIN32_JPN\LOTTERY.OBJ
E:\WORK\QIJI\EXSOURCE\GS11\GAMESERVER\GAMESERVER___WIN32_JPN\LOTTERY.SBR
E:\WORK\QIJI\EXSOURCE\GS11\GAMESERVER\GAMESERVER___WIN32_JPN\LUAFUN.COD
E:\WORK\QIJI\EXSOURCE\GS11\GAMESERVER\GAMESERVER___WIN32_JPN\LUAFUN.OBJ
E:\WORK\QIJI\EXSOURCE\GS11\GAMESERVER\GAMESERVER___WIN32_JPN\LUAFUN.SBR
E:\WORK\QIJI\EXSOURCE\GS11\GAMESERVER\GAMESERVER___WIN32_JPN\LUCKYITEM.COD
E:\WORK\QIJI\EXSOURCE\GS11\GAMESERVER\GAMESERVER___WIN32_JPN\LUCKYITEM.OBJ
E:\WORK\QIJI\EXSOURCE\GS11\GAMESERVER\GAMESERVER___WIN32_JPN\LUCKYITEM.SBR
E:\WORK\QIJI\EXSOURCE\GS11\GAMESERVER\GAMESERVER___WIN32_JPN\MAGICDAMAGE.COD
E:\WORK\QIJI\EXSOURCE\GS11\GAMESERVER\GAMESERVER___WIN32_JPN\MAGICDAMAGE.OBJ
E:\WORK\QIJI\EXSOURCE\GS11\GAMESERVER\GAMESERVER___WIN32_JPN\MAGICDAMAGE.SBR
E:\WORK\QIJI\EXSOURCE\GS11\GAMESERVER\GAMESERVER___WIN32_JPN\MAGICINF.COD
E:\WORK\QIJI\EXSOURCE\GS11\GAMESERVER\GAMESERVER___WIN32_JPN\MAGICINF.OBJ
E:\WORK\QIJI\EXSOURCE\GS11\GAMESERVER\GAMESERVER___WIN32_JPN\MAGICINF.SBR
E:\WORK\QIJI\EXSOURCE\GS11\GAMESERVER\GAMESERVER___WIN32_JPN\MANAGER.COD
E:\WORK\QIJI\EXSOURCE\GS11\GAMESERVER\GAMESERVER___WIN32_JPN\MANAGER.OBJ
E:\WORK\QIJI\EXSOURCE\GS11\GAMESERVER\GAMESERVER___WIN32_JPN\MANAGER.SBR
E:\WORK\QIJI\EXSOURCE\GS11\GAMESERVER\GAMESERVER___WIN32_JPN\MAPCLASS.COD
E:\WORK\QIJI\EXSOURCE\GS11\GAMESERVER\GAMESERVER___WIN32_JPN\MAPCLASS.OBJ
E:\WORK\QIJI\EXSOURCE\GS11\GAMESERVER\GAMESERVER___WIN32_JPN\MAPCLASS.SBR
E:\WORK\QIJI\EXSOURCE\GS11\GAMESERVER\GAMESERVER___WIN32_JPN\MAPEXP.COD
E:\WORK\QIJI\EXSOURCE\GS11\GAMESERVER\GAMESERVER___WIN32_JPN\MAPEXP.OBJ
E:\WORK\QIJI\EXSOURCE\GS11\GAMESERVER\GAMESERVER___WIN32_JPN\MAPEXP.SBR
E:\WORK\QIJI\EXSOURCE\GS11\GAMESERVER\GAMESERVER___WIN32_JPN\MAPITEM.COD
E:\WORK\QIJI\EXSOURCE\GS11\GAMESERVER\GAMESERVER___WIN32_JPN\MAPITEM.OBJ
E:\WORK\QIJI\EXSOURCE\GS11\GAMESERVER\GAMESERVER___WIN32_JPN\MAPITEM.SBR
E:\WORK\QIJI\EXSOURCE\GS11\GAMESERVER\GAMESERVER___WIN32_JPN\MAPQUEST.COD
E:\WORK\QIJI\EXSOURCE\GS11\GAMESERVER\GAMESERVER___WIN32_JPN\MAPQUEST.OBJ
E:\WORK\QIJI\EXSOURCE\GS11\GAMESERVER\GAMESERVER___WIN32_JPN\MAPQUEST.SBR
E:\WORK\QIJI\EXSOURCE\GS11\GAMESERVER\GAMESERVER___WIN32_JPN\MAPRULES.COD
E:\WORK\QIJI\EXSOURCE\GS11\GAMESERVER\GAMESERVER___WIN32_JPN\MAPRULES.OBJ
E:\WORK\QIJI\EXSOURCE\GS11\GAMESERVER\GAMESERVER___WIN32_JPN\MAPRULES.SBR
E:\WORK\QIJI\EXSOURCE\GS11\GAMESERVER\GAMESERVER___WIN32_JPN\MAPSERVERMANAGER.COD
E:\WORK\QIJI\EXSOURCE\GS11\GAMESERVER\GAMESERVER___WIN32_JPN\MAPSERVERMANAGER.OBJ
E:\WORK\QIJI\EXSOURCE\GS11\GAMESERVER\GAMESERVER___WIN32_JPN\MAPSERVERMANAGER.SBR
E:\WORK\QIJI\EXSOURCE\GS11\GAMESERVER\GAMESERVER___WIN32_JPN\MAPTELEPORT.COD
E:\WORK\QIJI\EXSOURCE\GS11\GAMESERVER\GAMESERVER___WIN32_JPN\MAPTELEPORT.OBJ
E:\WORK\QIJI\EXSOURCE\GS11\GAMESERVER\GAMESERVER___WIN32_JPN\MAPTELEPORT.SBR
E:\WORK\QIJI\EXSOURCE\GS11\GAMESERVER\GAMESERVER___WIN32_JPN\MARRIAGE.COD
E:\WORK\QIJI\EXSOURCE\GS11\GAMESERVER\GAMESERVER___WIN32_JPN\MARRIAGE.OBJ
E:\WORK\QIJI\EXSOURCE\GS11\GAMESERVER\GAMESERVER___WIN32_JPN\MARRIAGE.SBR
E:\WORK\QIJI\EXSOURCE\GS11\GAMESERVER\GAMESERVER___WIN32_JPN\MAXPOWER.COD
E:\WORK\QIJI\EXSOURCE\GS11\GAMESERVER\GAMESERVER___WIN32_JPN\MAXPOWER.OBJ
E:\WORK\QIJI\EXSOURCE\GS11\GAMESERVER\GAMESERVER___WIN32_JPN\MAXPOWER.SBR
E:\WORK\QIJI\EXSOURCE\GS11\GAMESERVER\GAMESERVER___WIN32_JPN\MENUINTERFACE.COD
E:\WORK\QIJI\EXSOURCE\GS11\GAMESERVER\GAMESERVER___WIN32_JPN\MENUINTERFACE.OBJ
E:\WORK\QIJI\EXSOURCE\GS11\GAMESERVER\GAMESERVER___WIN32_JPN\MENUINTERFACE.SBR
E:\WORK\QIJI\EXSOURCE\GS11\GAMESERVER\GAMESERVER___WIN32_JPN\MERCENARY.COD
E:\WORK\QIJI\EXSOURCE\GS11\GAMESERVER\GAMESERVER___WIN32_JPN\MERCENARY.OBJ
E:\WORK\QIJI\EXSOURCE\GS11\GAMESERVER\GAMESERVER___WIN32_JPN\MERCENARY.SBR
E:\WORK\QIJI\EXSOURCE\GS11\GAMESERVER\GAMESERVER___WIN32_JPN\MESSAGE.COD
E:\WORK\QIJI\EXSOURCE\GS11\GAMESERVER\GAMESERVER___WIN32_JPN\MESSAGE.OBJ
E:\WORK\QIJI\EXSOURCE\GS11\GAMESERVER\GAMESERVER___WIN32_JPN\MESSAGE.SBR
E:\WORK\QIJI\EXSOURCE\GS11\GAMESERVER\GAMESERVER___WIN32_JPN\MINIDUMP.COD
E:\WORK\QIJI\EXSOURCE\GS11\GAMESERVER\GAMESERVER___WIN32_JPN\MINIDUMP.OBJ
E:\WORK\QIJI\EXSOURCE\GS11\GAMESERVER\GAMESERVER___WIN32_JPN\MINIDUMP.SBR
E:\WORK\QIJI\EXSOURCE\GS11\GAMESERVER\GAMESERVER___WIN32_JPN\MINIMAPEX.COD
E:\WORK\QIJI\EXSOURCE\GS11\GAMESERVER\GAMESERVER___WIN32_JPN\MINIMAPEX.OBJ
E:\WORK\QIJI\EXSOURCE\GS11\GAMESERVER\GAMESERVER___WIN32_JPN\MINIMAPEX.SBR
E:\WORK\QIJI\EXSOURCE\GS11\GAMESERVER\GAMESERVER___WIN32_JPN\MIXOPTION.COD
E:\WORK\QIJI\EXSOURCE\GS11\GAMESERVER\GAMESERVER___WIN32_JPN\MIXOPTION.OBJ
E:\WORK\QIJI\EXSOURCE\GS11\GAMESERVER\GAMESERVER___WIN32_JPN\MIXOPTION.SBR
E:\WORK\QIJI\EXSOURCE\GS11\GAMESERVER\GAMESERVER___WIN32_JPN\MIXSYSTEM.COD
E:\WORK\QIJI\EXSOURCE\GS11\GAMESERVER\GAMESERVER___WIN32_JPN\MIXSYSTEM.OBJ
E:\WORK\QIJI\EXSOURCE\GS11\GAMESERVER\GAMESERVER___WIN32_JPN\MIXSYSTEM.SBR
E:\WORK\QIJI\EXSOURCE\GS11\GAMESERVER\GAMESERVER___WIN32_JPN\MONSTERATTR.COD
E:\WORK\QIJI\EXSOURCE\GS11\GAMESERVER\GAMESERVER___WIN32_JPN\MONSTERATTR.OBJ
E:\WORK\QIJI\EXSOURCE\GS11\GAMESERVER\GAMESERVER___WIN32_JPN\MONSTERATTR.SBR
E:\WORK\QIJI\EXSOURCE\GS11\GAMESERVER\GAMESERVER___WIN32_JPN\MONSTERBONUS.COD
E:\WORK\QIJI\EXSOURCE\GS11\GAMESERVER\GAMESERVER___WIN32_JPN\MONSTERBONUS.OBJ
E:\WORK\QIJI\EXSOURCE\GS11\GAMESERVER\GAMESERVER___WIN32_JPN\MONSTERBONUS.SBR
E:\WORK\QIJI\EXSOURCE\GS11\GAMESERVER\GAMESERVER___WIN32_JPN\MONSTEREX.COD
E:\WORK\QIJI\EXSOURCE\GS11\GAMESERVER\GAMESERVER___WIN32_JPN\MONSTEREX.OBJ
E:\WORK\QIJI\EXSOURCE\GS11\GAMESERVER\GAMESERVER___WIN32_JPN\MONSTEREX.SBR
E:\WORK\QIJI\EXSOURCE\GS11\GAMESERVER\GAMESERVER___WIN32_JPN\MONSTERHERD.COD
E:\WORK\QIJI\EXSOURCE\GS11\GAMESERVER\GAMESERVER___WIN32_JPN\MONSTERHERD.OBJ
E:\WORK\QIJI\EXSOURCE\GS11\GAMESERVER\GAMESERVER___WIN32_JPN\MONSTERHERD.SBR
E:\WORK\QIJI\EXSOURCE\GS11\GAMESERVER\GAMESERVER___WIN32_JPN\MONSTERITEMMNG.COD
E:\WORK\QIJI\EXSOURCE\GS11\GAMESERVER\GAMESERVER___WIN32_JPN\MONSTERITEMMNG.OBJ
E:\WORK\QIJI\EXSOURCE\GS11\GAMESERVER\GAMESERVER___WIN32_JPN\MONSTERITEMMNG.SBR
E:\WORK\QIJI\EXSOURCE\GS11\GAMESERVER\GAMESERVER___WIN32_JPN\MONSTERMSG.COD
E:\WORK\QIJI\EXSOURCE\GS11\GAMESERVER\GAMESERVER___WIN32_JPN\MONSTERMSG.OBJ
E:\WORK\QIJI\EXSOURCE\GS11\GAMESERVER\GAMESERVER___WIN32_JPN\MONSTERMSG.SBR
E:\WORK\QIJI\EXSOURCE\GS11\GAMESERVER\GAMESERVER___WIN32_JPN\MONSTERQUEST.COD
E:\WORK\QIJI\EXSOURCE\GS11\GAMESERVER\GAMESERVER___WIN32_JPN\MONSTERQUEST.OBJ
E:\WORK\QIJI\EXSOURCE\GS11\GAMESERVER\GAMESERVER___WIN32_JPN\MONSTERQUEST.SBR
E:\WORK\QIJI\EXSOURCE\GS11\GAMESERVER\GAMESERVER___WIN32_JPN\MONSTERSETBASE.COD
E:\WORK\QIJI\EXSOURCE\GS11\GAMESERVER\GAMESERVER___WIN32_JPN\MONSTERSETBASE.OBJ
E:\WORK\QIJI\EXSOURCE\GS11\GAMESERVER\GAMESERVER___WIN32_JPN\MONSTERSETBASE.SBR
E:\WORK\QIJI\EXSOURCE\GS11\GAMESERVER\GAMESERVER___WIN32_JPN\MONSTERSPAWNER.COD
E:\WORK\QIJI\EXSOURCE\GS11\GAMESERVER\GAMESERVER___WIN32_JPN\MONSTERSPAWNER.OBJ
E:\WORK\QIJI\EXSOURCE\GS11\GAMESERVER\GAMESERVER___WIN32_JPN\MONSTERSPAWNER.SBR
E:\WORK\QIJI\EXSOURCE\GS11\GAMESERVER\GAMESERVER___WIN32_JPN\MONSTERSTATCALC.COD
E:\WORK\QIJI\EXSOURCE\GS11\GAMESERVER\GAMESERVER___WIN32_JPN\MONSTERSTATCALC.OBJ
E:\WORK\QIJI\EXSOURCE\GS11\GAMESERVER\GAMESERVER___WIN32_JPN\MONSTERSTATCALC.SBR
E:\WORK\QIJI\EXSOURCE\GS11\GAMESERVER\GAMESERVER___WIN32_JPN\MONSTERTIME.COD
E:\WORK\QIJI\EXSOURCE\GS11\GAMESERVER\GAMESERVER___WIN32_JPN\MONSTERTIME.OBJ
E:\WORK\QIJI\EXSOURCE\GS11\GAMESERVER\GAMESERVER___WIN32_JPN\MONSTERTIME.SBR
E:\WORK\QIJI\EXSOURCE\GS11\GAMESERVER\GAMESERVER___WIN32_JPN\MOSSMERCHANT.COD
E:\WORK\QIJI\EXSOURCE\GS11\GAMESERVER\GAMESERVER___WIN32_JPN\MOSSMERCHANT.OBJ
E:\WORK\QIJI\EXSOURCE\GS11\GAMESERVER\GAMESERVER___WIN32_JPN\MOSSMERCHANT.SBR
E:\WORK\QIJI\EXSOURCE\GS11\GAMESERVER\GAMESERVER___WIN32_JPN\MOVECHECK.COD
E:\WORK\QIJI\EXSOURCE\GS11\GAMESERVER\GAMESERVER___WIN32_JPN\MOVECHECK.OBJ
E:\WORK\QIJI\EXSOURCE\GS11\GAMESERVER\GAMESERVER___WIN32_JPN\MOVECHECK.SBR
E:\WORK\QIJI\EXSOURCE\GS11\GAMESERVER\GAMESERVER___WIN32_JPN\MOVECOMMAND.COD
E:\WORK\QIJI\EXSOURCE\GS11\GAMESERVER\GAMESERVER___WIN32_JPN\MOVECOMMAND.OBJ
E:\WORK\QIJI\EXSOURCE\GS11\GAMESERVER\GAMESERVER___WIN32_JPN\MOVECOMMAND.SBR
E:\WORK\QIJI\EXSOURCE\GS11\GAMESERVER\GAMESERVER___WIN32_JPN\MOVEDIS.COD
E:\WORK\QIJI\EXSOURCE\GS11\GAMESERVER\GAMESERVER___WIN32_JPN\MOVEDIS.OBJ
E:\WORK\QIJI\EXSOURCE\GS11\GAMESERVER\GAMESERVER___WIN32_JPN\MOVEDIS.SBR
E:\work\qiji\exsource\GS11\GameServer\GameServer___Win32_JPN\mt.command.1.tlog
E:\work\qiji\exsource\GS11\GameServer\GameServer___Win32_JPN\mt.read.1.tlog
E:\work\qiji\exsource\GS11\GameServer\GameServer___Win32_JPN\mt.write.1.tlog
E:\WORK\QIJI\EXSOURCE\GS11\GAMESERVER\GAMESERVER___WIN32_JPN\MUHELPER.COD
E:\WORK\QIJI\EXSOURCE\GS11\GAMESERVER\GAMESERVER___WIN32_JPN\MUHELPER.OBJ
E:\WORK\QIJI\EXSOURCE\GS11\GAMESERVER\GAMESERVER___WIN32_JPN\MUHELPER.SBR
E:\WORK\QIJI\EXSOURCE\GS11\GAMESERVER\GAMESERVER___WIN32_JPN\MULTIATTACKHACKCHECK.COD
E:\WORK\QIJI\EXSOURCE\GS11\GAMESERVER\GAMESERVER___WIN32_JPN\MULTIATTACKHACKCHECK.OBJ
E:\WORK\QIJI\EXSOURCE\GS11\GAMESERVER\GAMESERVER___WIN32_JPN\MULTIATTACKHACKCHECK.SBR
E:\WORK\QIJI\EXSOURCE\GS11\GAMESERVER\GAMESERVER___WIN32_JPN\MULTICHECKSUM.COD
E:\WORK\QIJI\EXSOURCE\GS11\GAMESERVER\GAMESERVER___WIN32_JPN\MULTICHECKSUM.OBJ
E:\WORK\QIJI\EXSOURCE\GS11\GAMESERVER\GAMESERVER___WIN32_JPN\MULTICHECKSUM.SBR
E:\WORK\QIJI\EXSOURCE\GS11\GAMESERVER\GAMESERVER___WIN32_JPN\MULUA.COD
E:\WORK\QIJI\EXSOURCE\GS11\GAMESERVER\GAMESERVER___WIN32_JPN\MULUA.OBJ
E:\WORK\QIJI\EXSOURCE\GS11\GAMESERVER\GAMESERVER___WIN32_JPN\MULUA.SBR
E:\WORK\QIJI\EXSOURCE\GS11\GAMESERVER\GAMESERVER___WIN32_JPN\MUMSG.COD
E:\WORK\QIJI\EXSOURCE\GS11\GAMESERVER\GAMESERVER___WIN32_JPN\MUMSG.OBJ
E:\WORK\QIJI\EXSOURCE\GS11\GAMESERVER\GAMESERVER___WIN32_JPN\MUMSG.SBR
E:\WORK\QIJI\EXSOURCE\GS11\GAMESERVER\GAMESERVER___WIN32_JPN\MYWINSOCKBASE.COD
E:\WORK\QIJI\EXSOURCE\GS11\GAMESERVER\GAMESERVER___WIN32_JPN\MYWINSOCKBASE.OBJ
E:\WORK\QIJI\EXSOURCE\GS11\GAMESERVER\GAMESERVER___WIN32_JPN\MYWINSOCKBASE.SBR
E:\WORK\QIJI\EXSOURCE\GS11\GAMESERVER\GAMESERVER___WIN32_JPN\NEWJEWELS.COD
E:\WORK\QIJI\EXSOURCE\GS11\GAMESERVER\GAMESERVER___WIN32_JPN\NEWJEWELS.OBJ
E:\WORK\QIJI\EXSOURCE\GS11\GAMESERVER\GAMESERVER___WIN32_JPN\NEWJEWELS.SBR
E:\WORK\QIJI\EXSOURCE\GS11\GAMESERVER\GAMESERVER___WIN32_JPN\NEWMASTERLEVELSKILLTREESYSTEM.COD
E:\WORK\QIJI\EXSOURCE\GS11\GAMESERVER\GAMESERVER___WIN32_JPN\NEWMASTERLEVELSKILLTREESYSTEM.OBJ
E:\WORK\QIJI\EXSOURCE\GS11\GAMESERVER\GAMESERVER___WIN32_JPN\NEWMASTERLEVELSKILLTREESYSTEM.SBR
E:\WORK\QIJI\EXSOURCE\GS11\GAMESERVER\GAMESERVER___WIN32_JPN\NEWMASTERLEVELSYSTEM.COD
E:\WORK\QIJI\EXSOURCE\GS11\GAMESERVER\GAMESERVER___WIN32_JPN\NEWMASTERLEVELSYSTEM.OBJ
E:\WORK\QIJI\EXSOURCE\GS11\GAMESERVER\GAMESERVER___WIN32_JPN\NEWMASTERLEVELSYSTEM.SBR
E:\WORK\QIJI\EXSOURCE\GS11\GAMESERVER\GAMESERVER___WIN32_JPN\NEWPARTYBUFF.COD
E:\WORK\QIJI\EXSOURCE\GS11\GAMESERVER\GAMESERVER___WIN32_JPN\NEWPARTYBUFF.OBJ
E:\WORK\QIJI\EXSOURCE\GS11\GAMESERVER\GAMESERVER___WIN32_JPN\NEWPARTYBUFF.SBR
E:\WORK\QIJI\EXSOURCE\GS11\GAMESERVER\GAMESERVER___WIN32_JPN\NEWSBOARD.COD
E:\WORK\QIJI\EXSOURCE\GS11\GAMESERVER\GAMESERVER___WIN32_JPN\NEWSBOARD.OBJ
E:\WORK\QIJI\EXSOURCE\GS11\GAMESERVER\GAMESERVER___WIN32_JPN\NEWSBOARD.SBR
E:\WORK\QIJI\EXSOURCE\GS11\GAMESERVER\GAMESERVER___WIN32_JPN\NPCTALK.COD
E:\WORK\QIJI\EXSOURCE\GS11\GAMESERVER\GAMESERVER___WIN32_JPN\NPCTALK.OBJ
E:\WORK\QIJI\EXSOURCE\GS11\GAMESERVER\GAMESERVER___WIN32_JPN\NPCTALK.SBR
E:\WORK\QIJI\EXSOURCE\GS11\GAMESERVER\GAMESERVER___WIN32_JPN\NSERIALCHECK.COD
E:\WORK\QIJI\EXSOURCE\GS11\GAMESERVER\GAMESERVER___WIN32_JPN\NSERIALCHECK.OBJ
E:\WORK\QIJI\EXSOURCE\GS11\GAMESERVER\GAMESERVER___WIN32_JPN\NSERIALCHECK.SBR
E:\WORK\QIJI\EXSOURCE\GS11\GAMESERVER\GAMESERVER___WIN32_JPN\OBJATTACK.COD
E:\WORK\QIJI\EXSOURCE\GS11\GAMESERVER\GAMESERVER___WIN32_JPN\OBJATTACK.OBJ
E:\WORK\QIJI\EXSOURCE\GS11\GAMESERVER\GAMESERVER___WIN32_JPN\OBJATTACK.SBR
E:\WORK\QIJI\EXSOURCE\GS11\GAMESERVER\GAMESERVER___WIN32_JPN\OBJBASEATTACK.COD
E:\WORK\QIJI\EXSOURCE\GS11\GAMESERVER\GAMESERVER___WIN32_JPN\OBJBASEATTACK.OBJ
E:\WORK\QIJI\EXSOURCE\GS11\GAMESERVER\GAMESERVER___WIN32_JPN\OBJBASEATTACK.SBR
E:\WORK\QIJI\EXSOURCE\GS11\GAMESERVER\GAMESERVER___WIN32_JPN\OBJCALCHARACTER.COD
E:\WORK\QIJI\EXSOURCE\GS11\GAMESERVER\GAMESERVER___WIN32_JPN\OBJCALCHARACTER.OBJ
E:\WORK\QIJI\EXSOURCE\GS11\GAMESERVER\GAMESERVER___WIN32_JPN\OBJCALCHARACTER.SBR
E:\WORK\QIJI\EXSOURCE\GS11\GAMESERVER\GAMESERVER___WIN32_JPN\OBJECTVIEWE.COD
E:\WORK\QIJI\EXSOURCE\GS11\GAMESERVER\GAMESERVER___WIN32_JPN\OBJECTVIEWE.OBJ
E:\WORK\QIJI\EXSOURCE\GS11\GAMESERVER\GAMESERVER___WIN32_JPN\OBJECTVIEWE.SBR
E:\WORK\QIJI\EXSOURCE\GS11\GAMESERVER\GAMESERVER___WIN32_JPN\OBJUSESKILL.COD
E:\WORK\QIJI\EXSOURCE\GS11\GAMESERVER\GAMESERVER___WIN32_JPN\OBJUSESKILL.OBJ
E:\WORK\QIJI\EXSOURCE\GS11\GAMESERVER\GAMESERVER___WIN32_JPN\OBJUSESKILL.SBR
E:\WORK\QIJI\EXSOURCE\GS11\GAMESERVER\GAMESERVER___WIN32_JPN\OFFEXP.COD
E:\WORK\QIJI\EXSOURCE\GS11\GAMESERVER\GAMESERVER___WIN32_JPN\OFFEXP.OBJ
E:\WORK\QIJI\EXSOURCE\GS11\GAMESERVER\GAMESERVER___WIN32_JPN\OFFEXP.SBR
E:\WORK\QIJI\EXSOURCE\GS11\GAMESERVER\GAMESERVER___WIN32_JPN\OFFLINEMODE.COD
E:\WORK\QIJI\EXSOURCE\GS11\GAMESERVER\GAMESERVER___WIN32_JPN\OFFLINEMODE.OBJ
E:\WORK\QIJI\EXSOURCE\GS11\GAMESERVER\GAMESERVER___WIN32_JPN\OFFLINEMODE.SBR
E:\WORK\QIJI\EXSOURCE\GS11\GAMESERVER\GAMESERVER___WIN32_JPN\OFFTRADE.COD
E:\WORK\QIJI\EXSOURCE\GS11\GAMESERVER\GAMESERVER___WIN32_JPN\OFFTRADE.OBJ
E:\WORK\QIJI\EXSOURCE\GS11\GAMESERVER\GAMESERVER___WIN32_JPN\OFFTRADE.SBR
E:\WORK\QIJI\EXSOURCE\GS11\GAMESERVER\GAMESERVER___WIN32_JPN\ONLINEBONUS.COD
E:\WORK\QIJI\EXSOURCE\GS11\GAMESERVER\GAMESERVER___WIN32_JPN\ONLINEBONUS.OBJ
E:\WORK\QIJI\EXSOURCE\GS11\GAMESERVER\GAMESERVER___WIN32_JPN\ONLINEBONUS.SBR
E:\WORK\QIJI\EXSOURCE\GS11\GAMESERVER\GAMESERVER___WIN32_JPN\OPTIMIZATION.COD
E:\WORK\QIJI\EXSOURCE\GS11\GAMESERVER\GAMESERVER___WIN32_JPN\OPTIMIZATION.OBJ
E:\WORK\QIJI\EXSOURCE\GS11\GAMESERVER\GAMESERVER___WIN32_JPN\OPTIMIZATION.SBR
E:\WORK\QIJI\EXSOURCE\GS11\GAMESERVER\GAMESERVER___WIN32_JPN\PACKETCHECKSUM.COD
E:\WORK\QIJI\EXSOURCE\GS11\GAMESERVER\GAMESERVER___WIN32_JPN\PACKETCHECKSUM.OBJ
E:\WORK\QIJI\EXSOURCE\GS11\GAMESERVER\GAMESERVER___WIN32_JPN\PACKETCHECKSUM.SBR
E:\WORK\QIJI\EXSOURCE\GS11\GAMESERVER\GAMESERVER___WIN32_JPN\PACKETENCRYPT.COD
E:\WORK\QIJI\EXSOURCE\GS11\GAMESERVER\GAMESERVER___WIN32_JPN\PACKETENCRYPT.OBJ
E:\WORK\QIJI\EXSOURCE\GS11\GAMESERVER\GAMESERVER___WIN32_JPN\PACKETENCRYPT.SBR
E:\WORK\QIJI\EXSOURCE\GS11\GAMESERVER\GAMESERVER___WIN32_JPN\PACKETMANAGER.COD
E:\WORK\QIJI\EXSOURCE\GS11\GAMESERVER\GAMESERVER___WIN32_JPN\PACKETMANAGER.OBJ
E:\WORK\QIJI\EXSOURCE\GS11\GAMESERVER\GAMESERVER___WIN32_JPN\PACKETMANAGER.SBR
E:\WORK\QIJI\EXSOURCE\GS11\GAMESERVER\GAMESERVER___WIN32_JPN\PACKMANAGER.COD
E:\WORK\QIJI\EXSOURCE\GS11\GAMESERVER\GAMESERVER___WIN32_JPN\PACKMANAGER.OBJ
E:\WORK\QIJI\EXSOURCE\GS11\GAMESERVER\GAMESERVER___WIN32_JPN\PACKMANAGER.SBR
E:\WORK\QIJI\EXSOURCE\GS11\GAMESERVER\GAMESERVER___WIN32_JPN\PANDORABOXEVENT.COD
E:\WORK\QIJI\EXSOURCE\GS11\GAMESERVER\GAMESERVER___WIN32_JPN\PANDORABOXEVENT.OBJ
E:\WORK\QIJI\EXSOURCE\GS11\GAMESERVER\GAMESERVER___WIN32_JPN\PANDORABOXEVENT.SBR
E:\WORK\QIJI\EXSOURCE\GS11\GAMESERVER\GAMESERVER___WIN32_JPN\PARTYBONUS.COD
E:\WORK\QIJI\EXSOURCE\GS11\GAMESERVER\GAMESERVER___WIN32_JPN\PARTYBONUS.OBJ
E:\WORK\QIJI\EXSOURCE\GS11\GAMESERVER\GAMESERVER___WIN32_JPN\PARTYBONUS.SBR
E:\WORK\QIJI\EXSOURCE\GS11\GAMESERVER\GAMESERVER___WIN32_JPN\PARTYCLASS.COD
E:\WORK\QIJI\EXSOURCE\GS11\GAMESERVER\GAMESERVER___WIN32_JPN\PARTYCLASS.OBJ
E:\WORK\QIJI\EXSOURCE\GS11\GAMESERVER\GAMESERVER___WIN32_JPN\PARTYCLASS.SBR
E:\WORK\QIJI\EXSOURCE\GS11\GAMESERVER\GAMESERVER___WIN32_JPN\PARTYSEARCH.COD
E:\WORK\QIJI\EXSOURCE\GS11\GAMESERVER\GAMESERVER___WIN32_JPN\PARTYSEARCH.OBJ
E:\WORK\QIJI\EXSOURCE\GS11\GAMESERVER\GAMESERVER___WIN32_JPN\PARTYSEARCH.SBR
E:\WORK\QIJI\EXSOURCE\GS11\GAMESERVER\GAMESERVER___WIN32_JPN\PCBANGPOINTSYSTEM.COD
E:\WORK\QIJI\EXSOURCE\GS11\GAMESERVER\GAMESERVER___WIN32_JPN\PCBANGPOINTSYSTEM.OBJ
E:\WORK\QIJI\EXSOURCE\GS11\GAMESERVER\GAMESERVER___WIN32_JPN\PCBANGPOINTSYSTEM.SBR
E:\WORK\QIJI\EXSOURCE\GS11\GAMESERVER\GAMESERVER___WIN32_JPN\PERIODITEMEX.COD
E:\WORK\QIJI\EXSOURCE\GS11\GAMESERVER\GAMESERVER___WIN32_JPN\PERIODITEMEX.OBJ
E:\WORK\QIJI\EXSOURCE\GS11\GAMESERVER\GAMESERVER___WIN32_JPN\PERIODITEMEX.SBR
E:\WORK\QIJI\EXSOURCE\GS11\GAMESERVER\GAMESERVER___WIN32_JPN\PERSONALSHOPEX.COD
E:\WORK\QIJI\EXSOURCE\GS11\GAMESERVER\GAMESERVER___WIN32_JPN\PERSONALSHOPEX.OBJ
E:\WORK\QIJI\EXSOURCE\GS11\GAMESERVER\GAMESERVER___WIN32_JPN\PERSONALSHOPEX.SBR
E:\WORK\QIJI\EXSOURCE\GS11\GAMESERVER\GAMESERVER___WIN32_JPN\PETEX.COD
E:\WORK\QIJI\EXSOURCE\GS11\GAMESERVER\GAMESERVER___WIN32_JPN\PETEX.OBJ
E:\WORK\QIJI\EXSOURCE\GS11\GAMESERVER\GAMESERVER___WIN32_JPN\PETEX.SBR
E:\WORK\QIJI\EXSOURCE\GS11\GAMESERVER\GAMESERVER___WIN32_JPN\PICKUPITEMINFO.COD
E:\WORK\QIJI\EXSOURCE\GS11\GAMESERVER\GAMESERVER___WIN32_JPN\PICKUPITEMINFO.OBJ
E:\WORK\QIJI\EXSOURCE\GS11\GAMESERVER\GAMESERVER___WIN32_JPN\PICKUPITEMINFO.SBR
E:\WORK\QIJI\EXSOURCE\GS11\GAMESERVER\GAMESERVER___WIN32_JPN\PKCLEAR.COD
E:\WORK\QIJI\EXSOURCE\GS11\GAMESERVER\GAMESERVER___WIN32_JPN\PKCLEAR.OBJ
E:\WORK\QIJI\EXSOURCE\GS11\GAMESERVER\GAMESERVER___WIN32_JPN\PKCLEAR.SBR
E:\WORK\QIJI\EXSOURCE\GS11\GAMESERVER\GAMESERVER___WIN32_JPN\PLAYERCONNECT.COD
E:\WORK\QIJI\EXSOURCE\GS11\GAMESERVER\GAMESERVER___WIN32_JPN\PLAYERCONNECT.OBJ
E:\WORK\QIJI\EXSOURCE\GS11\GAMESERVER\GAMESERVER___WIN32_JPN\PLAYERCONNECT.SBR
E:\WORK\QIJI\EXSOURCE\GS11\GAMESERVER\GAMESERVER___WIN32_JPN\PREMIUMSYSTEM.COD
E:\WORK\QIJI\EXSOURCE\GS11\GAMESERVER\GAMESERVER___WIN32_JPN\PREMIUMSYSTEM.OBJ
E:\WORK\QIJI\EXSOURCE\GS11\GAMESERVER\GAMESERVER___WIN32_JPN\PREMIUMSYSTEM.SBR
E:\WORK\QIJI\EXSOURCE\GS11\GAMESERVER\GAMESERVER___WIN32_JPN\PREMIUMSYSTEMEX.COD
E:\WORK\QIJI\EXSOURCE\GS11\GAMESERVER\GAMESERVER___WIN32_JPN\PREMIUMSYSTEMEX.OBJ
E:\WORK\QIJI\EXSOURCE\GS11\GAMESERVER\GAMESERVER___WIN32_JPN\PREMIUMSYSTEMEX.SBR
E:\WORK\QIJI\EXSOURCE\GS11\GAMESERVER\GAMESERVER___WIN32_JPN\PRICEMANAGER.COD
E:\WORK\QIJI\EXSOURCE\GS11\GAMESERVER\GAMESERVER___WIN32_JPN\PRICEMANAGER.OBJ
E:\WORK\QIJI\EXSOURCE\GS11\GAMESERVER\GAMESERVER___WIN32_JPN\PRICEMANAGER.SBR
E:\WORK\QIJI\EXSOURCE\GS11\GAMESERVER\GAMESERVER___WIN32_JPN\PROBABILITYITEMBAG.COD
E:\WORK\QIJI\EXSOURCE\GS11\GAMESERVER\GAMESERVER___WIN32_JPN\PROBABILITYITEMBAG.OBJ
E:\WORK\QIJI\EXSOURCE\GS11\GAMESERVER\GAMESERVER___WIN32_JPN\PROBABILITYITEMBAG.SBR
E:\WORK\QIJI\EXSOURCE\GS11\GAMESERVER\GAMESERVER___WIN32_JPN\PROTOCOL.COD
E:\WORK\QIJI\EXSOURCE\GS11\GAMESERVER\GAMESERVER___WIN32_JPN\PROTOCOL.OBJ
E:\WORK\QIJI\EXSOURCE\GS11\GAMESERVER\GAMESERVER___WIN32_JPN\PROTOCOL.SBR
E:\WORK\QIJI\EXSOURCE\GS11\GAMESERVER\GAMESERVER___WIN32_JPN\PVPMAPSYSTEM.COD
E:\WORK\QIJI\EXSOURCE\GS11\GAMESERVER\GAMESERVER___WIN32_JPN\PVPMAPSYSTEM.OBJ
E:\WORK\QIJI\EXSOURCE\GS11\GAMESERVER\GAMESERVER___WIN32_JPN\PVPMAPSYSTEM.SBR
E:\WORK\QIJI\EXSOURCE\GS11\GAMESERVER\GAMESERVER___WIN32_JPN\QUESTINFO.COD
E:\WORK\QIJI\EXSOURCE\GS11\GAMESERVER\GAMESERVER___WIN32_JPN\QUESTINFO.OBJ
E:\WORK\QIJI\EXSOURCE\GS11\GAMESERVER\GAMESERVER___WIN32_JPN\QUESTINFO.SBR
E:\WORK\QIJI\EXSOURCE\GS11\GAMESERVER\GAMESERVER___WIN32_JPN\QUESTIONANSWER.COD
E:\WORK\QIJI\EXSOURCE\GS11\GAMESERVER\GAMESERVER___WIN32_JPN\QUESTIONANSWER.OBJ
E:\WORK\QIJI\EXSOURCE\GS11\GAMESERVER\GAMESERVER___WIN32_JPN\QUESTIONANSWER.SBR
E:\WORK\QIJI\EXSOURCE\GS11\GAMESERVER\GAMESERVER___WIN32_JPN\QUESTSYSTEM.COD
E:\WORK\QIJI\EXSOURCE\GS11\GAMESERVER\GAMESERVER___WIN32_JPN\QUESTSYSTEM.OBJ
E:\WORK\QIJI\EXSOURCE\GS11\GAMESERVER\GAMESERVER___WIN32_JPN\QUESTSYSTEM.SBR
E:\WORK\QIJI\EXSOURCE\GS11\GAMESERVER\GAMESERVER___WIN32_JPN\QUESTUTIL.COD
E:\WORK\QIJI\EXSOURCE\GS11\GAMESERVER\GAMESERVER___WIN32_JPN\QUESTUTIL.OBJ
E:\WORK\QIJI\EXSOURCE\GS11\GAMESERVER\GAMESERVER___WIN32_JPN\QUESTUTIL.SBR
E:\WORK\QIJI\EXSOURCE\GS11\GAMESERVER\GAMESERVER___WIN32_JPN\QUEUE.COD
E:\WORK\QIJI\EXSOURCE\GS11\GAMESERVER\GAMESERVER___WIN32_JPN\QUEUE.OBJ
E:\WORK\QIJI\EXSOURCE\GS11\GAMESERVER\GAMESERVER___WIN32_JPN\QUEUE.SBR
E:\WORK\QIJI\EXSOURCE\GS11\GAMESERVER\GAMESERVER___WIN32_JPN\RAKLION.COD
E:\WORK\QIJI\EXSOURCE\GS11\GAMESERVER\GAMESERVER___WIN32_JPN\RAKLION.OBJ
E:\WORK\QIJI\EXSOURCE\GS11\GAMESERVER\GAMESERVER___WIN32_JPN\RAKLION.SBR
E:\WORK\QIJI\EXSOURCE\GS11\GAMESERVER\GAMESERVER___WIN32_JPN\RAKLIONBATTLEOFSELUPAN.COD
E:\WORK\QIJI\EXSOURCE\GS11\GAMESERVER\GAMESERVER___WIN32_JPN\RAKLIONBATTLEOFSELUPAN.OBJ
E:\WORK\QIJI\EXSOURCE\GS11\GAMESERVER\GAMESERVER___WIN32_JPN\RAKLIONBATTLEOFSELUPAN.SBR
E:\WORK\QIJI\EXSOURCE\GS11\GAMESERVER\GAMESERVER___WIN32_JPN\RAKLIONBATTLEUSERMNG.COD
E:\WORK\QIJI\EXSOURCE\GS11\GAMESERVER\GAMESERVER___WIN32_JPN\RAKLIONBATTLEUSERMNG.OBJ
E:\WORK\QIJI\EXSOURCE\GS11\GAMESERVER\GAMESERVER___WIN32_JPN\RAKLIONBATTLEUSERMNG.SBR
E:\WORK\QIJI\EXSOURCE\GS11\GAMESERVER\GAMESERVER___WIN32_JPN\RAKLIONSELUPAN.COD
E:\WORK\QIJI\EXSOURCE\GS11\GAMESERVER\GAMESERVER___WIN32_JPN\RAKLIONSELUPAN.OBJ
E:\WORK\QIJI\EXSOURCE\GS11\GAMESERVER\GAMESERVER___WIN32_JPN\RAKLIONSELUPAN.SBR
E:\WORK\QIJI\EXSOURCE\GS11\GAMESERVER\GAMESERVER___WIN32_JPN\RAKLIONUTIL.COD
E:\WORK\QIJI\EXSOURCE\GS11\GAMESERVER\GAMESERVER___WIN32_JPN\RAKLIONUTIL.OBJ
E:\WORK\QIJI\EXSOURCE\GS11\GAMESERVER\GAMESERVER___WIN32_JPN\RAKLIONUTIL.SBR
E:\WORK\QIJI\EXSOURCE\GS11\GAMESERVER\GAMESERVER___WIN32_JPN\RANKING.COD
E:\WORK\QIJI\EXSOURCE\GS11\GAMESERVER\GAMESERVER___WIN32_JPN\RANKING.OBJ
E:\WORK\QIJI\EXSOURCE\GS11\GAMESERVER\GAMESERVER___WIN32_JPN\RANKING.SBR
E:\work\qiji\exsource\GS11\GameServer\GameServer___Win32_JPN\rc.command.1.tlog
E:\work\qiji\exsource\GS11\GameServer\GameServer___Win32_JPN\rc.read.1.tlog
E:\work\qiji\exsource\GS11\GameServer\GameServer___Win32_JPN\rc.write.1.tlog
E:\WORK\QIJI\EXSOURCE\GS11\GAMESERVER\GAMESERVER___WIN32_JPN\REFERRALSYSTEM.COD
E:\WORK\QIJI\EXSOURCE\GS11\GAMESERVER\GAMESERVER___WIN32_JPN\REFERRALSYSTEM.OBJ
E:\WORK\QIJI\EXSOURCE\GS11\GAMESERVER\GAMESERVER___WIN32_JPN\REFERRALSYSTEM.SBR
E:\WORK\QIJI\EXSOURCE\GS11\GAMESERVER\GAMESERVER___WIN32_JPN\RESET.COD
E:\WORK\QIJI\EXSOURCE\GS11\GAMESERVER\GAMESERVER___WIN32_JPN\RESET.OBJ
E:\WORK\QIJI\EXSOURCE\GS11\GAMESERVER\GAMESERVER___WIN32_JPN\RESET.SBR
E:\WORK\QIJI\EXSOURCE\GS11\GAMESERVER\GAMESERVER___WIN32_JPN\RINGATTACKEVENT.COD
E:\WORK\QIJI\EXSOURCE\GS11\GAMESERVER\GAMESERVER___WIN32_JPN\RINGATTACKEVENT.OBJ
E:\WORK\QIJI\EXSOURCE\GS11\GAMESERVER\GAMESERVER___WIN32_JPN\RINGATTACKEVENT.SBR
E:\WORK\QIJI\EXSOURCE\GS11\GAMESERVER\GAMESERVER___WIN32_JPN\SEARCHEVENT.COD
E:\WORK\QIJI\EXSOURCE\GS11\GAMESERVER\GAMESERVER___WIN32_JPN\SEARCHEVENT.OBJ
E:\WORK\QIJI\EXSOURCE\GS11\GAMESERVER\GAMESERVER___WIN32_JPN\SEARCHEVENT.SBR
E:\WORK\QIJI\EXSOURCE\GS11\GAMESERVER\GAMESERVER___WIN32_JPN\SENDHACKLOG.COD
E:\WORK\QIJI\EXSOURCE\GS11\GAMESERVER\GAMESERVER___WIN32_JPN\SENDHACKLOG.OBJ
E:\WORK\QIJI\EXSOURCE\GS11\GAMESERVER\GAMESERVER___WIN32_JPN\SENDHACKLOG.SBR
E:\WORK\QIJI\EXSOURCE\GS11\GAMESERVER\GAMESERVER___WIN32_JPN\SERIALCHECK.COD
E:\WORK\QIJI\EXSOURCE\GS11\GAMESERVER\GAMESERVER___WIN32_JPN\SERIALCHECK.OBJ
E:\WORK\QIJI\EXSOURCE\GS11\GAMESERVER\GAMESERVER___WIN32_JPN\SERIALCHECK.SBR
E:\WORK\QIJI\EXSOURCE\GS11\GAMESERVER\GAMESERVER___WIN32_JPN\SETITEMMACRO.COD
E:\WORK\QIJI\EXSOURCE\GS11\GAMESERVER\GAMESERVER___WIN32_JPN\SETITEMMACRO.OBJ
E:\WORK\QIJI\EXSOURCE\GS11\GAMESERVER\GAMESERVER___WIN32_JPN\SETITEMMACRO.SBR
E:\WORK\QIJI\EXSOURCE\GS11\GAMESERVER\GAMESERVER___WIN32_JPN\SETITEMOPTION.COD
E:\WORK\QIJI\EXSOURCE\GS11\GAMESERVER\GAMESERVER___WIN32_JPN\SETITEMOPTION.OBJ
E:\WORK\QIJI\EXSOURCE\GS11\GAMESERVER\GAMESERVER___WIN32_JPN\SETITEMOPTION.SBR
E:\WORK\QIJI\EXSOURCE\GS11\GAMESERVER\GAMESERVER___WIN32_JPN\SHOP.COD
E:\WORK\QIJI\EXSOURCE\GS11\GAMESERVER\GAMESERVER___WIN32_JPN\SHOP.OBJ
E:\WORK\QIJI\EXSOURCE\GS11\GAMESERVER\GAMESERVER___WIN32_JPN\SHOP.SBR
E:\WORK\QIJI\EXSOURCE\GS11\GAMESERVER\GAMESERVER___WIN32_JPN\SHOWONLINE.COD
E:\WORK\QIJI\EXSOURCE\GS11\GAMESERVER\GAMESERVER___WIN32_JPN\SHOWONLINE.OBJ
E:\WORK\QIJI\EXSOURCE\GS11\GAMESERVER\GAMESERVER___WIN32_JPN\SHOWONLINE.SBR
E:\WORK\QIJI\EXSOURCE\GS11\GAMESERVER\GAMESERVER___WIN32_JPN\SKILLADDITIONINFO.COD
E:\WORK\QIJI\EXSOURCE\GS11\GAMESERVER\GAMESERVER___WIN32_JPN\SKILLADDITIONINFO.OBJ
E:\WORK\QIJI\EXSOURCE\GS11\GAMESERVER\GAMESERVER___WIN32_JPN\SKILLADDITIONINFO.SBR
E:\WORK\QIJI\EXSOURCE\GS11\GAMESERVER\GAMESERVER___WIN32_JPN\SKILLDELAY.COD
E:\WORK\QIJI\EXSOURCE\GS11\GAMESERVER\GAMESERVER___WIN32_JPN\SKILLDELAY.OBJ
E:\WORK\QIJI\EXSOURCE\GS11\GAMESERVER\GAMESERVER___WIN32_JPN\SKILLDELAY.SBR
E:\WORK\QIJI\EXSOURCE\GS11\GAMESERVER\GAMESERVER___WIN32_JPN\SKILLHITBOX.COD
E:\WORK\QIJI\EXSOURCE\GS11\GAMESERVER\GAMESERVER___WIN32_JPN\SKILLHITBOX.OBJ
E:\WORK\QIJI\EXSOURCE\GS11\GAMESERVER\GAMESERVER___WIN32_JPN\SKILLHITBOX.SBR
E:\WORK\QIJI\EXSOURCE\GS11\GAMESERVER\GAMESERVER___WIN32_JPN\SMITHY.COD
E:\WORK\QIJI\EXSOURCE\GS11\GAMESERVER\GAMESERVER___WIN32_JPN\SMITHY.OBJ
E:\WORK\QIJI\EXSOURCE\GS11\GAMESERVER\GAMESERVER___WIN32_JPN\SMITHY.SBR
E:\WORK\QIJI\EXSOURCE\GS11\GAMESERVER\GAMESERVER___WIN32_JPN\SOCKETDATA.COD
E:\WORK\QIJI\EXSOURCE\GS11\GAMESERVER\GAMESERVER___WIN32_JPN\SOCKETDATA.OBJ
E:\WORK\QIJI\EXSOURCE\GS11\GAMESERVER\GAMESERVER___WIN32_JPN\SOCKETDATA.SBR
E:\WORK\QIJI\EXSOURCE\GS11\GAMESERVER\GAMESERVER___WIN32_JPN\SOCKETMANAGER.COD
E:\WORK\QIJI\EXSOURCE\GS11\GAMESERVER\GAMESERVER___WIN32_JPN\SOCKETMANAGER.OBJ
E:\WORK\QIJI\EXSOURCE\GS11\GAMESERVER\GAMESERVER___WIN32_JPN\SOCKETMANAGER.SBR
E:\WORK\QIJI\EXSOURCE\GS11\GAMESERVER\GAMESERVER___WIN32_JPN\SOCKETOPTION.COD
E:\WORK\QIJI\EXSOURCE\GS11\GAMESERVER\GAMESERVER___WIN32_JPN\SOCKETOPTION.OBJ
E:\WORK\QIJI\EXSOURCE\GS11\GAMESERVER\GAMESERVER___WIN32_JPN\SOCKETOPTION.SBR
E:\WORK\QIJI\EXSOURCE\GS11\GAMESERVER\GAMESERVER___WIN32_JPN\SOCKETSPHERE.COD
E:\WORK\QIJI\EXSOURCE\GS11\GAMESERVER\GAMESERVER___WIN32_JPN\SOCKETSPHERE.OBJ
E:\WORK\QIJI\EXSOURCE\GS11\GAMESERVER\GAMESERVER___WIN32_JPN\SOCKETSPHERE.SBR
E:\WORK\QIJI\EXSOURCE\GS11\GAMESERVER\GAMESERVER___WIN32_JPN\SPOTRETURN.COD
E:\WORK\QIJI\EXSOURCE\GS11\GAMESERVER\GAMESERVER___WIN32_JPN\SPOTRETURN.OBJ
E:\WORK\QIJI\EXSOURCE\GS11\GAMESERVER\GAMESERVER___WIN32_JPN\SPOTRETURN.SBR
E:\WORK\QIJI\EXSOURCE\GS11\GAMESERVER\GAMESERVER___WIN32_JPN\SPROTOCOL.COD
E:\WORK\QIJI\EXSOURCE\GS11\GAMESERVER\GAMESERVER___WIN32_JPN\SPROTOCOL.OBJ
E:\WORK\QIJI\EXSOURCE\GS11\GAMESERVER\GAMESERVER___WIN32_JPN\SPROTOCOL.SBR
E:\WORK\QIJI\EXSOURCE\GS11\GAMESERVER\GAMESERVER___WIN32_JPN\STATMNG.COD
E:\WORK\QIJI\EXSOURCE\GS11\GAMESERVER\GAMESERVER___WIN32_JPN\STATMNG.OBJ
E:\WORK\QIJI\EXSOURCE\GS11\GAMESERVER\GAMESERVER___WIN32_JPN\STATMNG.SBR
E:\WORK\QIJI\EXSOURCE\GS11\GAMESERVER\GAMESERVER___WIN32_JPN\STATSADVANCE.COD
E:\WORK\QIJI\EXSOURCE\GS11\GAMESERVER\GAMESERVER___WIN32_JPN\STATSADVANCE.OBJ
E:\WORK\QIJI\EXSOURCE\GS11\GAMESERVER\GAMESERVER___WIN32_JPN\STATSADVANCE.SBR
E:\WORK\QIJI\EXSOURCE\GS11\GAMESERVER\GAMESERVER___WIN32_JPN\STDAFX.COD
E:\WORK\QIJI\EXSOURCE\GS11\GAMESERVER\GAMESERVER___WIN32_JPN\STDAFX.OBJ
E:\WORK\QIJI\EXSOURCE\GS11\GAMESERVER\GAMESERVER___WIN32_JPN\STDAFX.SBR
E:\WORK\QIJI\EXSOURCE\GS11\GAMESERVER\GAMESERVER___WIN32_JPN\SYSTEMOFRAGE.COD
E:\WORK\QIJI\EXSOURCE\GS11\GAMESERVER\GAMESERVER___WIN32_JPN\SYSTEMOFRAGE.OBJ
E:\WORK\QIJI\EXSOURCE\GS11\GAMESERVER\GAMESERVER___WIN32_JPN\SYSTEMOFRAGE.SBR
E:\WORK\QIJI\EXSOURCE\GS11\GAMESERVER\GAMESERVER___WIN32_JPN\TDURMAGICKEYCHECKER.COD
E:\WORK\QIJI\EXSOURCE\GS11\GAMESERVER\GAMESERVER___WIN32_JPN\TDURMAGICKEYCHECKER.OBJ
E:\WORK\QIJI\EXSOURCE\GS11\GAMESERVER\GAMESERVER___WIN32_JPN\TDURMAGICKEYCHECKER.SBR
E:\WORK\QIJI\EXSOURCE\GS11\GAMESERVER\GAMESERVER___WIN32_JPN\TEAMVSTEAM.COD
E:\WORK\QIJI\EXSOURCE\GS11\GAMESERVER\GAMESERVER___WIN32_JPN\TEAMVSTEAM.OBJ
E:\WORK\QIJI\EXSOURCE\GS11\GAMESERVER\GAMESERVER___WIN32_JPN\TEAMVSTEAM.SBR
E:\WORK\QIJI\EXSOURCE\GS11\GAMESERVER\GAMESERVER___WIN32_JPN\TELEPORTMANAGER.COD
E:\WORK\QIJI\EXSOURCE\GS11\GAMESERVER\GAMESERVER___WIN32_JPN\TELEPORTMANAGER.OBJ
E:\WORK\QIJI\EXSOURCE\GS11\GAMESERVER\GAMESERVER___WIN32_JPN\TELEPORTMANAGER.SBR
E:\WORK\QIJI\EXSOURCE\GS11\GAMESERVER\GAMESERVER___WIN32_JPN\TELEPORTSHOP.COD
E:\WORK\QIJI\EXSOURCE\GS11\GAMESERVER\GAMESERVER___WIN32_JPN\TELEPORTSHOP.OBJ
E:\WORK\QIJI\EXSOURCE\GS11\GAMESERVER\GAMESERVER___WIN32_JPN\TELEPORTSHOP.SBR
E:\WORK\QIJI\EXSOURCE\GS11\GAMESERVER\GAMESERVER___WIN32_JPN\TEXT.COD
E:\WORK\QIJI\EXSOURCE\GS11\GAMESERVER\GAMESERVER___WIN32_JPN\TEXT.OBJ
E:\WORK\QIJI\EXSOURCE\GS11\GAMESERVER\GAMESERVER___WIN32_JPN\TEXT.SBR
E:\WORK\QIJI\EXSOURCE\GS11\GAMESERVER\GAMESERVER___WIN32_JPN\TIMEREX.COD
E:\WORK\QIJI\EXSOURCE\GS11\GAMESERVER\GAMESERVER___WIN32_JPN\TIMEREX.OBJ
E:\WORK\QIJI\EXSOURCE\GS11\GAMESERVER\GAMESERVER___WIN32_JPN\TIMEREX.SBR
E:\WORK\QIJI\EXSOURCE\GS11\GAMESERVER\GAMESERVER___WIN32_JPN\TMONSTERAI.COD
E:\WORK\QIJI\EXSOURCE\GS11\GAMESERVER\GAMESERVER___WIN32_JPN\TMONSTERAI.OBJ
E:\WORK\QIJI\EXSOURCE\GS11\GAMESERVER\GAMESERVER___WIN32_JPN\TMONSTERAI.SBR
E:\WORK\QIJI\EXSOURCE\GS11\GAMESERVER\GAMESERVER___WIN32_JPN\TMONSTERAIAGRO.COD
E:\WORK\QIJI\EXSOURCE\GS11\GAMESERVER\GAMESERVER___WIN32_JPN\TMONSTERAIAGRO.OBJ
E:\WORK\QIJI\EXSOURCE\GS11\GAMESERVER\GAMESERVER___WIN32_JPN\TMONSTERAIAGRO.SBR
E:\WORK\QIJI\EXSOURCE\GS11\GAMESERVER\GAMESERVER___WIN32_JPN\TMONSTERAIAUTOMATA.COD
E:\WORK\QIJI\EXSOURCE\GS11\GAMESERVER\GAMESERVER___WIN32_JPN\TMONSTERAIAUTOMATA.OBJ
E:\WORK\QIJI\EXSOURCE\GS11\GAMESERVER\GAMESERVER___WIN32_JPN\TMONSTERAIAUTOMATA.SBR
E:\WORK\QIJI\EXSOURCE\GS11\GAMESERVER\GAMESERVER___WIN32_JPN\TMONSTERAIELEMENT.COD
E:\WORK\QIJI\EXSOURCE\GS11\GAMESERVER\GAMESERVER___WIN32_JPN\TMONSTERAIELEMENT.OBJ
E:\WORK\QIJI\EXSOURCE\GS11\GAMESERVER\GAMESERVER___WIN32_JPN\TMONSTERAIELEMENT.SBR
E:\WORK\QIJI\EXSOURCE\GS11\GAMESERVER\GAMESERVER___WIN32_JPN\TMONSTERAIGROUP.COD
E:\WORK\QIJI\EXSOURCE\GS11\GAMESERVER\GAMESERVER___WIN32_JPN\TMONSTERAIGROUP.OBJ
E:\WORK\QIJI\EXSOURCE\GS11\GAMESERVER\GAMESERVER___WIN32_JPN\TMONSTERAIGROUP.SBR
E:\WORK\QIJI\EXSOURCE\GS11\GAMESERVER\GAMESERVER___WIN32_JPN\TMONSTERAIGROUPMEMBER.COD
E:\WORK\QIJI\EXSOURCE\GS11\GAMESERVER\GAMESERVER___WIN32_JPN\TMONSTERAIGROUPMEMBER.OBJ
E:\WORK\QIJI\EXSOURCE\GS11\GAMESERVER\GAMESERVER___WIN32_JPN\TMONSTERAIGROUPMEMBER.SBR
E:\WORK\QIJI\EXSOURCE\GS11\GAMESERVER\GAMESERVER___WIN32_JPN\TMONSTERAIMOVEPATH.COD
E:\WORK\QIJI\EXSOURCE\GS11\GAMESERVER\GAMESERVER___WIN32_JPN\TMONSTERAIMOVEPATH.OBJ
E:\WORK\QIJI\EXSOURCE\GS11\GAMESERVER\GAMESERVER___WIN32_JPN\TMONSTERAIMOVEPATH.SBR
E:\WORK\QIJI\EXSOURCE\GS11\GAMESERVER\GAMESERVER___WIN32_JPN\TMONSTERAIRULE.COD
E:\WORK\QIJI\EXSOURCE\GS11\GAMESERVER\GAMESERVER___WIN32_JPN\TMONSTERAIRULE.OBJ
E:\WORK\QIJI\EXSOURCE\GS11\GAMESERVER\GAMESERVER___WIN32_JPN\TMONSTERAIRULE.SBR
E:\WORK\QIJI\EXSOURCE\GS11\GAMESERVER\GAMESERVER___WIN32_JPN\TMONSTERAIRULEINFO.COD
E:\WORK\QIJI\EXSOURCE\GS11\GAMESERVER\GAMESERVER___WIN32_JPN\TMONSTERAIRULEINFO.OBJ
E:\WORK\QIJI\EXSOURCE\GS11\GAMESERVER\GAMESERVER___WIN32_JPN\TMONSTERAIRULEINFO.SBR
E:\WORK\QIJI\EXSOURCE\GS11\GAMESERVER\GAMESERVER___WIN32_JPN\TMONSTERAIUNIT.COD
E:\WORK\QIJI\EXSOURCE\GS11\GAMESERVER\GAMESERVER___WIN32_JPN\TMONSTERAIUNIT.OBJ
E:\WORK\QIJI\EXSOURCE\GS11\GAMESERVER\GAMESERVER___WIN32_JPN\TMONSTERAIUNIT.SBR
E:\WORK\QIJI\EXSOURCE\GS11\GAMESERVER\GAMESERVER___WIN32_JPN\TMONSTERAIUTIL.COD
E:\WORK\QIJI\EXSOURCE\GS11\GAMESERVER\GAMESERVER___WIN32_JPN\TMONSTERAIUTIL.OBJ
E:\WORK\QIJI\EXSOURCE\GS11\GAMESERVER\GAMESERVER___WIN32_JPN\TMONSTERAIUTIL.SBR
E:\WORK\QIJI\EXSOURCE\GS11\GAMESERVER\GAMESERVER___WIN32_JPN\TMONSTERSKILLELEMENT.COD
E:\WORK\QIJI\EXSOURCE\GS11\GAMESERVER\GAMESERVER___WIN32_JPN\TMONSTERSKILLELEMENT.OBJ
E:\WORK\QIJI\EXSOURCE\GS11\GAMESERVER\GAMESERVER___WIN32_JPN\TMONSTERSKILLELEMENT.SBR
E:\WORK\QIJI\EXSOURCE\GS11\GAMESERVER\GAMESERVER___WIN32_JPN\TMONSTERSKILLELEMENTINFO.COD
E:\WORK\QIJI\EXSOURCE\GS11\GAMESERVER\GAMESERVER___WIN32_JPN\TMONSTERSKILLELEMENTINFO.OBJ
E:\WORK\QIJI\EXSOURCE\GS11\GAMESERVER\GAMESERVER___WIN32_JPN\TMONSTERSKILLELEMENTINFO.SBR
E:\WORK\QIJI\EXSOURCE\GS11\GAMESERVER\GAMESERVER___WIN32_JPN\TMONSTERSKILLMANAGER.COD
E:\WORK\QIJI\EXSOURCE\GS11\GAMESERVER\GAMESERVER___WIN32_JPN\TMONSTERSKILLMANAGER.OBJ
E:\WORK\QIJI\EXSOURCE\GS11\GAMESERVER\GAMESERVER___WIN32_JPN\TMONSTERSKILLMANAGER.SBR
E:\WORK\QIJI\EXSOURCE\GS11\GAMESERVER\GAMESERVER___WIN32_JPN\TMONSTERSKILLUNIT.COD
E:\WORK\QIJI\EXSOURCE\GS11\GAMESERVER\GAMESERVER___WIN32_JPN\TMONSTERSKILLUNIT.OBJ
E:\WORK\QIJI\EXSOURCE\GS11\GAMESERVER\GAMESERVER___WIN32_JPN\TMONSTERSKILLUNIT.SBR
E:\WORK\QIJI\EXSOURCE\GS11\GAMESERVER\GAMESERVER___WIN32_JPN\TNOTICE.COD
E:\WORK\QIJI\EXSOURCE\GS11\GAMESERVER\GAMESERVER___WIN32_JPN\TNOTICE.OBJ
E:\WORK\QIJI\EXSOURCE\GS11\GAMESERVER\GAMESERVER___WIN32_JPN\TNOTICE.SBR
E:\WORK\QIJI\EXSOURCE\GS11\GAMESERVER\GAMESERVER___WIN32_JPN\TRANDOMPOOLMGR.COD
E:\WORK\QIJI\EXSOURCE\GS11\GAMESERVER\GAMESERVER___WIN32_JPN\TRANDOMPOOLMGR.OBJ
E:\WORK\QIJI\EXSOURCE\GS11\GAMESERVER\GAMESERVER___WIN32_JPN\TRANDOMPOOLMGR.SBR
E:\WORK\QIJI\EXSOURCE\GS11\GAMESERVER\GAMESERVER___WIN32_JPN\TSERVERALERTMANAGER.COD
E:\WORK\QIJI\EXSOURCE\GS11\GAMESERVER\GAMESERVER___WIN32_JPN\TSERVERALERTMANAGER.OBJ
E:\WORK\QIJI\EXSOURCE\GS11\GAMESERVER\GAMESERVER___WIN32_JPN\TSERVERALERTMANAGER.SBR
E:\WORK\QIJI\EXSOURCE\GS11\GAMESERVER\GAMESERVER___WIN32_JPN\TSERVERINFODISPLAYER.COD
E:\WORK\QIJI\EXSOURCE\GS11\GAMESERVER\GAMESERVER___WIN32_JPN\TSERVERINFODISPLAYER.OBJ
E:\WORK\QIJI\EXSOURCE\GS11\GAMESERVER\GAMESERVER___WIN32_JPN\TSERVERINFODISPLAYER.SBR
E:\WORK\QIJI\EXSOURCE\GS11\GAMESERVER\GAMESERVER___WIN32_JPN\TSTATISTICS.COD
E:\WORK\QIJI\EXSOURCE\GS11\GAMESERVER\GAMESERVER___WIN32_JPN\TSTATISTICS.OBJ
E:\WORK\QIJI\EXSOURCE\GS11\GAMESERVER\GAMESERVER___WIN32_JPN\TSTATISTICS.SBR
E:\WORK\QIJI\EXSOURCE\GS11\GAMESERVER\GAMESERVER___WIN32_JPN\TSYNC.COD
E:\WORK\QIJI\EXSOURCE\GS11\GAMESERVER\GAMESERVER___WIN32_JPN\TSYNC.OBJ
E:\WORK\QIJI\EXSOURCE\GS11\GAMESERVER\GAMESERVER___WIN32_JPN\TSYNC.SBR
E:\WORK\QIJI\EXSOURCE\GS11\GAMESERVER\GAMESERVER___WIN32_JPN\TUNION.COD
E:\WORK\QIJI\EXSOURCE\GS11\GAMESERVER\GAMESERVER___WIN32_JPN\TUNION.OBJ
E:\WORK\QIJI\EXSOURCE\GS11\GAMESERVER\GAMESERVER___WIN32_JPN\TUNION.SBR
E:\WORK\QIJI\EXSOURCE\GS11\GAMESERVER\GAMESERVER___WIN32_JPN\TUNIONINFO.COD
E:\WORK\QIJI\EXSOURCE\GS11\GAMESERVER\GAMESERVER___WIN32_JPN\TUNIONINFO.OBJ
E:\WORK\QIJI\EXSOURCE\GS11\GAMESERVER\GAMESERVER___WIN32_JPN\TUNIONINFO.SBR
E:\WORK\QIJI\EXSOURCE\GS11\GAMESERVER\GAMESERVER___WIN32_JPN\TVTEVENT.COD
E:\WORK\QIJI\EXSOURCE\GS11\GAMESERVER\GAMESERVER___WIN32_JPN\TVTEVENT.OBJ
E:\WORK\QIJI\EXSOURCE\GS11\GAMESERVER\GAMESERVER___WIN32_JPN\TVTEVENT.SBR
E:\WORK\QIJI\EXSOURCE\GS11\GAMESERVER\GAMESERVER___WIN32_JPN\USER.COD
E:\WORK\QIJI\EXSOURCE\GS11\GAMESERVER\GAMESERVER___WIN32_JPN\USER.OBJ
E:\WORK\QIJI\EXSOURCE\GS11\GAMESERVER\GAMESERVER___WIN32_JPN\USER.SBR
E:\WORK\QIJI\EXSOURCE\GS11\GAMESERVER\GAMESERVER___WIN32_JPN\USERCONFIG.COD
E:\WORK\QIJI\EXSOURCE\GS11\GAMESERVER\GAMESERVER___WIN32_JPN\USERCONFIG.OBJ
E:\WORK\QIJI\EXSOURCE\GS11\GAMESERVER\GAMESERVER___WIN32_JPN\USERCONFIG.SBR
E:\WORK\QIJI\EXSOURCE\GS11\GAMESERVER\GAMESERVER___WIN32_JPN\VC100.PDB
E:\WORK\QIJI\EXSOURCE\GS11\GAMESERVER\GAMESERVER___WIN32_JPN\VIEWPORTGUILD.COD
E:\WORK\QIJI\EXSOURCE\GS11\GAMESERVER\GAMESERVER___WIN32_JPN\VIEWPORTGUILD.OBJ
E:\WORK\QIJI\EXSOURCE\GS11\GAMESERVER\GAMESERVER___WIN32_JPN\VIEWPORTGUILD.SBR
E:\WORK\QIJI\EXSOURCE\GS11\GAMESERVER\GAMESERVER___WIN32_JPN\VIEWPORTSKILLSTATE.COD
E:\WORK\QIJI\EXSOURCE\GS11\GAMESERVER\GAMESERVER___WIN32_JPN\VIEWPORTSKILLSTATE.OBJ
E:\WORK\QIJI\EXSOURCE\GS11\GAMESERVER\GAMESERVER___WIN32_JPN\VIEWPORTSKILLSTATE.SBR
E:\WORK\QIJI\EXSOURCE\GS11\GAMESERVER\GAMESERVER___WIN32_JPN\VOTER.COD
E:\WORK\QIJI\EXSOURCE\GS11\GAMESERVER\GAMESERVER___WIN32_JPN\VOTER.OBJ
E:\WORK\QIJI\EXSOURCE\GS11\GAMESERVER\GAMESERVER___WIN32_JPN\VOTER.SBR
E:\WORK\QIJI\EXSOURCE\GS11\GAMESERVER\GAMESERVER___WIN32_JPN\WEAPON.COD
E:\WORK\QIJI\EXSOURCE\GS11\GAMESERVER\GAMESERVER___WIN32_JPN\WEAPON.OBJ
E:\WORK\QIJI\EXSOURCE\GS11\GAMESERVER\GAMESERVER___WIN32_JPN\WEAPON.SBR
E:\WORK\QIJI\EXSOURCE\GS11\GAMESERVER\GAMESERVER___WIN32_JPN\WHISPERCASH.COD
E:\WORK\QIJI\EXSOURCE\GS11\GAMESERVER\GAMESERVER___WIN32_JPN\WHISPERCASH.OBJ
E:\WORK\QIJI\EXSOURCE\GS11\GAMESERVER\GAMESERVER___WIN32_JPN\WHISPERCASH.SBR
E:\WORK\QIJI\EXSOURCE\GS11\GAMESERVER\GAMESERVER___WIN32_JPN\WINCONSOLE.COD
E:\WORK\QIJI\EXSOURCE\GS11\GAMESERVER\GAMESERVER___WIN32_JPN\WINCONSOLE.OBJ
E:\WORK\QIJI\EXSOURCE\GS11\GAMESERVER\GAMESERVER___WIN32_JPN\WINCONSOLE.SBR
E:\WORK\QIJI\EXSOURCE\GS11\GAMESERVER\GAMESERVER___WIN32_JPN\WINGSDAMAGE.COD
E:\WORK\QIJI\EXSOURCE\GS11\GAMESERVER\GAMESERVER___WIN32_JPN\WINGSDAMAGE.OBJ
E:\WORK\QIJI\EXSOURCE\GS11\GAMESERVER\GAMESERVER___WIN32_JPN\WINGSDAMAGE.SBR
E:\WORK\QIJI\EXSOURCE\GS11\GAMESERVER\GAMESERVER___WIN32_JPN\WINQUESTSYSTEM.COD
E:\WORK\QIJI\EXSOURCE\GS11\GAMESERVER\GAMESERVER___WIN32_JPN\WINQUESTSYSTEM.OBJ
E:\WORK\QIJI\EXSOURCE\GS11\GAMESERVER\GAMESERVER___WIN32_JPN\WINQUESTSYSTEM.SBR
E:\WORK\QIJI\EXSOURCE\GS11\GAMESERVER\GAMESERVER___WIN32_JPN\WINUTIL.COD
E:\WORK\QIJI\EXSOURCE\GS11\GAMESERVER\GAMESERVER___WIN32_JPN\WINUTIL.OBJ
E:\WORK\QIJI\EXSOURCE\GS11\GAMESERVER\GAMESERVER___WIN32_JPN\WINUTIL.SBR
E:\WORK\QIJI\EXSOURCE\GS11\GAMESERVER\GAMESERVER___WIN32_JPN\WSGAMESERVER.COD
E:\WORK\QIJI\EXSOURCE\GS11\GAMESERVER\GAMESERVER___WIN32_JPN\WSGAMESERVER.OBJ
E:\WORK\QIJI\EXSOURCE\GS11\GAMESERVER\GAMESERVER___WIN32_JPN\WSGAMESERVER.SBR
E:\WORK\QIJI\EXSOURCE\GS11\GAMESERVER\GAMESERVER___WIN32_JPN\WSJOINSERVERCLI.COD
E:\WORK\QIJI\EXSOURCE\GS11\GAMESERVER\GAMESERVER___WIN32_JPN\WSJOINSERVERCLI.OBJ
E:\WORK\QIJI\EXSOURCE\GS11\GAMESERVER\GAMESERVER___WIN32_JPN\WSJOINSERVERCLI.SBR
E:\WORK\QIJI\EXSOURCE\GS11\GAMESERVER\GAMESERVER___WIN32_JPN\WSSHOPSERVERCLI.COD
E:\WORK\QIJI\EXSOURCE\GS11\GAMESERVER\GAMESERVER___WIN32_JPN\WSSHOPSERVERCLI.OBJ
E:\WORK\QIJI\EXSOURCE\GS11\GAMESERVER\GAMESERVER___WIN32_JPN\WSSHOPSERVERCLI.SBR
E:\WORK\QIJI\EXSOURCE\GS11\GAMESERVER\GAMESERVER___WIN32_JPN\WTEVENTITEMLIST.COD
E:\WORK\QIJI\EXSOURCE\GS11\GAMESERVER\GAMESERVER___WIN32_JPN\WTEVENTITEMLIST.OBJ
E:\WORK\QIJI\EXSOURCE\GS11\GAMESERVER\GAMESERVER___WIN32_JPN\WTEVENTITEMLIST.SBR
E:\WORK\QIJI\EXSOURCE\GS11\GAMESERVER\GAMESERVER___WIN32_JPN\WZAG.COD
E:\WORK\QIJI\EXSOURCE\GS11\GAMESERVER\GAMESERVER___WIN32_JPN\WZAG.OBJ
E:\WORK\QIJI\EXSOURCE\GS11\GAMESERVER\GAMESERVER___WIN32_JPN\WZAG.SBR
E:\WORK\QIJI\EXSOURCE\GS11\GAMESERVER\GAMESERVER___WIN32_JPN\WZMEMSCRIPT.COD
E:\WORK\QIJI\EXSOURCE\GS11\GAMESERVER\GAMESERVER___WIN32_JPN\WZMEMSCRIPT.OBJ
E:\WORK\QIJI\EXSOURCE\GS11\GAMESERVER\GAMESERVER___WIN32_JPN\WZMEMSCRIPT.SBR
E:\WORK\QIJI\EXSOURCE\GS11\GAMESERVER\GAMESERVER___WIN32_JPN\WZMULTICASTSOCK.COD
E:\WORK\QIJI\EXSOURCE\GS11\GAMESERVER\GAMESERVER___WIN32_JPN\WZMULTICASTSOCK.OBJ
E:\WORK\QIJI\EXSOURCE\GS11\GAMESERVER\GAMESERVER___WIN32_JPN\WZMULTICASTSOCK.SBR
E:\WORK\QIJI\EXSOURCE\GS11\GAMESERVER\GAMESERVER___WIN32_JPN\WZQUEUE.COD
E:\WORK\QIJI\EXSOURCE\GS11\GAMESERVER\GAMESERVER___WIN32_JPN\WZQUEUE.OBJ
E:\WORK\QIJI\EXSOURCE\GS11\GAMESERVER\GAMESERVER___WIN32_JPN\WZQUEUE.SBR
E:\WORK\QIJI\EXSOURCE\GS11\GAMESERVER\GAMESERVER___WIN32_JPN\WZSCRIPTENCODE.COD
E:\WORK\QIJI\EXSOURCE\GS11\GAMESERVER\GAMESERVER___WIN32_JPN\WZSCRIPTENCODE.OBJ
E:\WORK\QIJI\EXSOURCE\GS11\GAMESERVER\GAMESERVER___WIN32_JPN\WZSCRIPTENCODE.SBR
E:\WORK\QIJI\EXSOURCE\GS11\GAMESERVER\GAMESERVER___WIN32_JPN\WZUDP.COD
E:\WORK\QIJI\EXSOURCE\GS11\GAMESERVER\GAMESERVER___WIN32_JPN\WZUDP.OBJ
E:\WORK\QIJI\EXSOURCE\GS11\GAMESERVER\GAMESERVER___WIN32_JPN\WZUDP.SBR
E:\WORK\QIJI\EXSOURCE\GS11\GAMESERVER\GAMESERVER___WIN32_JPN\XMASATTACKEVENT.COD
E:\WORK\QIJI\EXSOURCE\GS11\GAMESERVER\GAMESERVER___WIN32_JPN\XMASATTACKEVENT.OBJ
E:\WORK\QIJI\EXSOURCE\GS11\GAMESERVER\GAMESERVER___WIN32_JPN\XMASATTACKEVENT.SBR
E:\WORK\QIJI\EXSOURCE\GS11\GAMESERVER\GAMESERVER___WIN32_JPN\XMASATTACKEVENTDATA.COD
E:\WORK\QIJI\EXSOURCE\GS11\GAMESERVER\GAMESERVER___WIN32_JPN\XMASATTACKEVENTDATA.OBJ
E:\WORK\QIJI\EXSOURCE\GS11\GAMESERVER\GAMESERVER___WIN32_JPN\XMASATTACKEVENTDATA.SBR
E:\WORK\QIJI\EXSOURCE\GS11\GAMESERVER\GAMESERVER___WIN32_JPN\ZZZITEM.COD
E:\WORK\QIJI\EXSOURCE\GS11\GAMESERVER\GAMESERVER___WIN32_JPN\ZZZITEM.OBJ
E:\WORK\QIJI\EXSOURCE\GS11\GAMESERVER\GAMESERVER___WIN32_JPN\ZZZITEM.SBR
E:\WORK\QIJI\EXSOURCE\GS11\GAMESERVER\GAMESERVER___WIN32_JPN\ZZZMATHLIB.COD
E:\WORK\QIJI\EXSOURCE\GS11\GAMESERVER\GAMESERVER___WIN32_JPN\ZZZMATHLIB.OBJ
E:\WORK\QIJI\EXSOURCE\GS11\GAMESERVER\GAMESERVER___WIN32_JPN\ZZZMATHLIB.SBR
E:\WORK\QIJI\SERVER\GAMESERVER\GAMESERVER.EXE
E:\WORK\QIJI\SERVER\GAMESERVER\GAMESERVER.ILK
E:\WORK\QIJI\SERVER\GAMESERVER\GAMESERVER.MAP
